<!DOCTYPE html PUBLIC "-//W3C//DTD XHTML 1.1//EN" "https://www.w3.org/TR/xhtml11/DTD/xhtml11.dtd">
<html xmlns="https://www.w3.org/1999/xhtml">
<head>
<meta http-equiv="content-type" content="text/html; charset=UTF-8"/>
<title>TestNG Report</title>
<style type="text/css">table {margin-bottom:10px;border-collapse:collapse;empty-cells:show}th,td {border:1px solid #009;padding:.25em .5em}th {vertical-align:bottom}td {vertical-align:top}table a {font-weight:bold}.stripe td {background-color: #E6EBF9}.num {text-align:right}.passedodd td {background-color: #3F3}.passedeven td {background-color: #0A0}.skippedodd td {background-color: #DDD}.skippedeven td {background-color: #CCC}.failedodd td,.attn {background-color: #F33}.failedeven td,.stripe .attn {background-color: #D00}.stacktrace {white-space:pre;font-family:monospace}.totop {font-size:85%;text-align:center;border-bottom:2px solid #000}.invisible {display:none}</style>
</head>
<body>
<table>
<tr><th>Test</th><th># Passed</th><th># Skipped</th><th># Retried</th><th># Failed</th><th>Time (ms)</th><th>Included Groups</th><th>Excluded Groups</th></tr>
<tr><th colspan="8">Suite</th></tr>
<tr><td><a href="#t0">Test</a></td><td class="num">0</td><td class="num attn">70</td><td class="num">0</td><td class="num">0</td><td class="num">1,452</td><td></td><td></td></tr>
</table>
<table id='summary'><thead><tr><th>Class</th><th>Method</th><th>Start</th><th>Time (ms)</th></tr></thead><tbody><tr><th colspan="4">Suite</th></tr></tbody><tbody id="t0"><tr><th colspan="4">Test &#8212; failed (configuration methods)</th></tr><tr class="failedeven"><td rowspan="7">testCases.AuditRuleTest</td><td><a href="#m0">closeBrowser</a></td><td rowspan="1">1667476177599</td><td rowspan="1">0</td></tr><tr class="failedeven"><td><a href="#m1">reportWrapUp</a></td><td rowspan="5">1667476177569</td><td rowspan="5">1</td></tr><tr class="failedeven"><td><a href="#m2">reportWrapUp</a></td></tr><tr class="failedeven"><td><a href="#m3">reportWrapUp</a></td></tr><tr class="failedeven"><td><a href="#m4">reportWrapUp</a></td></tr><tr class="failedeven"><td><a href="#m5">reportWrapUp</a></td></tr><tr class="failedeven"><td><a href="#m6">setUp</a></td><td rowspan="1">1667476177555</td><td rowspan="1">9</td></tr><tr class="failedodd"><td rowspan="7">testCases.BulkTimeEntryTest</td><td><a href="#m7">closeBrowser</a></td><td rowspan="1">1667476177499</td><td rowspan="1">0</td></tr><tr class="failedodd"><td><a href="#m8">reportWrapUp</a></td><td rowspan="5">1667476177456</td><td rowspan="5">3</td></tr><tr class="failedodd"><td><a href="#m9">reportWrapUp</a></td></tr><tr class="failedodd"><td><a href="#m10">reportWrapUp</a></td></tr><tr class="failedodd"><td><a href="#m11">reportWrapUp</a></td></tr><tr class="failedodd"><td><a href="#m12">reportWrapUp</a></td></tr><tr class="failedodd"><td><a href="#m13">setUp</a></td><td rowspan="1">1667476177422</td><td rowspan="1">7</td></tr><tr class="failedeven"><td rowspan="4">testCases.CompanySetupAddUserTest</td><td><a href="#m14">closeBrowser</a></td><td rowspan="1">1667476177552</td><td rowspan="1">1</td></tr><tr class="failedeven"><td><a href="#m15">reportWrapUp</a></td><td rowspan="2">1667476177539</td><td rowspan="2">2</td></tr><tr class="failedeven"><td><a href="#m16">reportWrapUp</a></td></tr><tr class="failedeven"><td><a href="#m17">setUp</a></td><td rowspan="1">1667476177527</td><td rowspan="1">7</td></tr><tr class="failedodd"><td rowspan="7">testCases.FlagTrackEntryTest</td><td><a href="#m18">closeBrowser</a></td><td rowspan="1">1667476177158</td><td rowspan="1">0</td></tr><tr class="failedodd"><td><a href="#m19">reportWrapUp</a></td><td rowspan="5">1667476177153</td><td rowspan="5">3</td></tr><tr class="failedodd"><td><a href="#m20">reportWrapUp</a></td></tr><tr class="failedodd"><td><a href="#m21">reportWrapUp</a></td></tr><tr class="failedodd"><td><a href="#m22">reportWrapUp</a></td></tr><tr class="failedodd"><td><a href="#m23">reportWrapUp</a></td></tr><tr class="failedodd"><td><a href="#m24">setUp</a></td><td rowspan="1">1667476177050</td><td rowspan="1">7</td></tr><tr class="failedeven"><td rowspan="4">testCases.ProjectListingTest</td><td><a href="#m25">closeBrowser</a></td><td rowspan="1">1667476177420</td><td rowspan="1">0</td></tr><tr class="failedeven"><td><a href="#m26">reportWrapUp</a></td><td rowspan="2">1667476177377</td><td rowspan="2">1</td></tr><tr class="failedeven"><td><a href="#m27">reportWrapUp</a></td></tr><tr class="failedeven"><td><a href="#m28">setUp</a></td><td rowspan="1">1667476177345</td><td rowspan="1">16</td></tr><tr class="failedodd"><td rowspan="5">testCases.TimeApprovalTest</td><td><a href="#m29">closeBrowser</a></td><td rowspan="1">1667476177047</td><td rowspan="1">0</td></tr><tr class="failedodd"><td><a href="#m30">reportWrapUp</a></td><td rowspan="3">1667476176978</td><td rowspan="3">20</td></tr><tr class="failedodd"><td><a href="#m31">reportWrapUp</a></td></tr><tr class="failedodd"><td><a href="#m32">reportWrapUp</a></td></tr><tr class="failedodd"><td><a href="#m33">setUp</a></td><td rowspan="1">1667476176933</td><td rowspan="1">23</td></tr><tr class="failedeven"><td rowspan="39">testCases.TimeReportTest</td><td><a href="#m34">closeBrowser</a></td><td rowspan="1">1667476176928</td><td rowspan="1">1</td></tr><tr class="failedeven"><td><a href="#m35">reportWrapUp</a></td><td rowspan="37">1667476176742</td><td rowspan="37">1</td></tr><tr class="failedeven"><td><a href="#m36">reportWrapUp</a></td></tr><tr class="failedeven"><td><a href="#m37">reportWrapUp</a></td></tr><tr class="failedeven"><td><a href="#m38">reportWrapUp</a></td></tr><tr class="failedeven"><td><a href="#m39">reportWrapUp</a></td></tr><tr class="failedeven"><td><a href="#m40">reportWrapUp</a></td></tr><tr class="failedeven"><td><a href="#m41">reportWrapUp</a></td></tr><tr class="failedeven"><td><a href="#m42">reportWrapUp</a></td></tr><tr class="failedeven"><td><a href="#m43">reportWrapUp</a></td></tr><tr class="failedeven"><td><a href="#m44">reportWrapUp</a></td></tr><tr class="failedeven"><td><a href="#m45">reportWrapUp</a></td></tr><tr class="failedeven"><td><a href="#m46">reportWrapUp</a></td></tr><tr class="failedeven"><td><a href="#m47">reportWrapUp</a></td></tr><tr class="failedeven"><td><a href="#m48">reportWrapUp</a></td></tr><tr class="failedeven"><td><a href="#m49">reportWrapUp</a></td></tr><tr class="failedeven"><td><a href="#m50">reportWrapUp</a></td></tr><tr class="failedeven"><td><a href="#m51">reportWrapUp</a></td></tr><tr class="failedeven"><td><a href="#m52">reportWrapUp</a></td></tr><tr class="failedeven"><td><a href="#m53">reportWrapUp</a></td></tr><tr class="failedeven"><td><a href="#m54">reportWrapUp</a></td></tr><tr class="failedeven"><td><a href="#m55">reportWrapUp</a></td></tr><tr class="failedeven"><td><a href="#m56">reportWrapUp</a></td></tr><tr class="failedeven"><td><a href="#m57">reportWrapUp</a></td></tr><tr class="failedeven"><td><a href="#m58">reportWrapUp</a></td></tr><tr class="failedeven"><td><a href="#m59">reportWrapUp</a></td></tr><tr class="failedeven"><td><a href="#m60">reportWrapUp</a></td></tr><tr class="failedeven"><td><a href="#m61">reportWrapUp</a></td></tr><tr class="failedeven"><td><a href="#m62">reportWrapUp</a></td></tr><tr class="failedeven"><td><a href="#m63">reportWrapUp</a></td></tr><tr class="failedeven"><td><a href="#m64">reportWrapUp</a></td></tr><tr class="failedeven"><td><a href="#m65">reportWrapUp</a></td></tr><tr class="failedeven"><td><a href="#m66">reportWrapUp</a></td></tr><tr class="failedeven"><td><a href="#m67">reportWrapUp</a></td></tr><tr class="failedeven"><td><a href="#m68">reportWrapUp</a></td></tr><tr class="failedeven"><td><a href="#m69">reportWrapUp</a></td></tr><tr class="failedeven"><td><a href="#m70">reportWrapUp</a></td></tr><tr class="failedeven"><td><a href="#m71">reportWrapUp</a></td></tr><tr class="failedeven"><td><a href="#m72">setUp</a></td><td rowspan="1">1667476176494</td><td rowspan="1">6</td></tr><tr class="failedodd"><td rowspan="5">testCases.TimeSheetTest</td><td><a href="#m73">closeBrowser</a></td><td rowspan="1">1667476177525</td><td rowspan="1">0</td></tr><tr class="failedodd"><td><a href="#m74">reportWrapUp</a></td><td rowspan="3">1667476177522</td><td rowspan="3">1</td></tr><tr class="failedodd"><td><a href="#m75">reportWrapUp</a></td></tr><tr class="failedodd"><td><a href="#m76">reportWrapUp</a></td></tr><tr class="failedodd"><td><a href="#m77">setUp</a></td><td rowspan="1">1667476177501</td><td rowspan="1">5</td></tr><tr class="failedeven"><td rowspan="3">testCases.TimeTrackForFlagTrackEntryTest</td><td><a href="#m78">closeBrowser</a></td><td rowspan="1">1667476177343</td><td rowspan="1">0</td></tr><tr class="failedeven"><td><a href="#m79">reportWrapUp</a></td><td rowspan="1">1667476177335</td><td rowspan="1">1</td></tr><tr class="failedeven"><td><a href="#m80">setUp</a></td><td rowspan="1">1667476177297</td><td rowspan="1">19</td></tr><tr class="failedodd"><td rowspan="7">testCases.TimeTrackTest</td><td><a href="#m81">closeBrowser</a></td><td rowspan="1">1667476177294</td><td rowspan="1">1</td></tr><tr class="failedodd"><td><a href="#m82">reportWrapUp</a></td><td rowspan="5">1667476177286</td><td rowspan="5">3</td></tr><tr class="failedodd"><td><a href="#m83">reportWrapUp</a></td></tr><tr class="failedodd"><td><a href="#m84">reportWrapUp</a></td></tr><tr class="failedodd"><td><a href="#m85">reportWrapUp</a></td></tr><tr class="failedodd"><td><a href="#m86">reportWrapUp</a></td></tr><tr class="failedodd"><td><a href="#m87">setUp</a></td><td rowspan="1">1667476177160</td><td rowspan="1">8</td></tr><tr class="failedeven"><td rowspan="4">testCases.WorkDairyTest</td><td><a href="#m88">closeBrowser</a></td><td rowspan="1">1667476176489</td><td rowspan="1">0</td></tr><tr class="failedeven"><td><a href="#m89">reportWrapUp</a></td><td rowspan="2">1667476176361</td><td rowspan="2">100</td></tr><tr class="failedeven"><td><a href="#m90">reportWrapUp</a></td></tr><tr class="failedeven"><td><a href="#m91">setUp</a></td><td rowspan="1">1667476176194</td><td rowspan="1">96</td></tr><tr><th colspan="4">Test &#8212; skipped (configuration methods)</th></tr><tr class="skippedeven"><td rowspan="5">testCases.AuditRuleTest</td><td><a href="#m92">beforeMethod</a></td><td rowspan="5">1667476177591</td><td rowspan="5">-1667476177591</td></tr><tr class="skippedeven"><td><a href="#m93">beforeMethod</a></td></tr><tr class="skippedeven"><td><a href="#m94">beforeMethod</a></td></tr><tr class="skippedeven"><td><a href="#m95">beforeMethod</a></td></tr><tr class="skippedeven"><td><a href="#m96">beforeMethod</a></td></tr><tr class="skippedodd"><td rowspan="5">testCases.BulkTimeEntryTest</td><td><a href="#m97">beforeMethod</a></td><td rowspan="5">1667476177452</td><td rowspan="5">-1667476177452</td></tr><tr class="skippedodd"><td><a href="#m98">beforeMethod</a></td></tr><tr class="skippedodd"><td><a href="#m99">beforeMethod</a></td></tr><tr class="skippedodd"><td><a href="#m100">beforeMethod</a></td></tr><tr class="skippedodd"><td><a href="#m101">beforeMethod</a></td></tr><tr class="skippedeven"><td rowspan="2">testCases.CompanySetupAddUserTest</td><td><a href="#m102">beforeMethod</a></td><td rowspan="2">1667476177543</td><td rowspan="2">-1667476177543</td></tr><tr class="skippedeven"><td><a href="#m103">beforeMethod</a></td></tr><tr class="skippedodd"><td rowspan="5">testCases.FlagTrackEntryTest</td><td><a href="#m104">beforeMethod</a></td><td rowspan="5">1667476177113</td><td rowspan="5">-1667476177113</td></tr><tr class="skippedodd"><td><a href="#m105">beforeMethod</a></td></tr><tr class="skippedodd"><td><a href="#m106">beforeMethod</a></td></tr><tr class="skippedodd"><td><a href="#m107">beforeMethod</a></td></tr><tr class="skippedodd"><td><a href="#m108">beforeMethod</a></td></tr><tr class="skippedeven"><td rowspan="2">testCases.ProjectListingTest</td><td><a href="#m109">beforeMethod</a></td><td rowspan="2">1667476177364</td><td rowspan="2">-1667476177364</td></tr><tr class="skippedeven"><td><a href="#m110">beforeMethod</a></td></tr><tr class="skippedodd"><td rowspan="3">testCases.TimeApprovalTest</td><td><a href="#m111">beforeMethod</a></td><td rowspan="3">1667476177002</td><td rowspan="3">-1667476177002</td></tr><tr class="skippedodd"><td><a href="#m112">beforeMethod</a></td></tr><tr class="skippedodd"><td><a href="#m113">beforeMethod</a></td></tr><tr class="skippedeven"><td rowspan="37">testCases.TimeReportTest</td><td><a href="#m114">beforeMethod</a></td><td rowspan="37">1667476176557</td><td rowspan="37">-1667476176557</td></tr><tr class="skippedeven"><td><a href="#m115">beforeMethod</a></td></tr><tr class="skippedeven"><td><a href="#m116">beforeMethod</a></td></tr><tr class="skippedeven"><td><a href="#m117">beforeMethod</a></td></tr><tr class="skippedeven"><td><a href="#m118">beforeMethod</a></td></tr><tr class="skippedeven"><td><a href="#m119">beforeMethod</a></td></tr><tr class="skippedeven"><td><a href="#m120">beforeMethod</a></td></tr><tr class="skippedeven"><td><a href="#m121">beforeMethod</a></td></tr><tr class="skippedeven"><td><a href="#m122">beforeMethod</a></td></tr><tr class="skippedeven"><td><a href="#m123">beforeMethod</a></td></tr><tr class="skippedeven"><td><a href="#m124">beforeMethod</a></td></tr><tr class="skippedeven"><td><a href="#m125">beforeMethod</a></td></tr><tr class="skippedeven"><td><a href="#m126">beforeMethod</a></td></tr><tr class="skippedeven"><td><a href="#m127">beforeMethod</a></td></tr><tr class="skippedeven"><td><a href="#m128">beforeMethod</a></td></tr><tr class="skippedeven"><td><a href="#m129">beforeMethod</a></td></tr><tr class="skippedeven"><td><a href="#m130">beforeMethod</a></td></tr><tr class="skippedeven"><td><a href="#m131">beforeMethod</a></td></tr><tr class="skippedeven"><td><a href="#m132">beforeMethod</a></td></tr><tr class="skippedeven"><td><a href="#m133">beforeMethod</a></td></tr><tr class="skippedeven"><td><a href="#m134">beforeMethod</a></td></tr><tr class="skippedeven"><td><a href="#m135">beforeMethod</a></td></tr><tr class="skippedeven"><td><a href="#m136">beforeMethod</a></td></tr><tr class="skippedeven"><td><a href="#m137">beforeMethod</a></td></tr><tr class="skippedeven"><td><a href="#m138">beforeMethod</a></td></tr><tr class="skippedeven"><td><a href="#m139">beforeMethod</a></td></tr><tr class="skippedeven"><td><a href="#m140">beforeMethod</a></td></tr><tr class="skippedeven"><td><a href="#m141">beforeMethod</a></td></tr><tr class="skippedeven"><td><a href="#m142">beforeMethod</a></td></tr><tr class="skippedeven"><td><a href="#m143">beforeMethod</a></td></tr><tr class="skippedeven"><td><a href="#m144">beforeMethod</a></td></tr><tr class="skippedeven"><td><a href="#m145">beforeMethod</a></td></tr><tr class="skippedeven"><td><a href="#m146">beforeMethod</a></td></tr><tr class="skippedeven"><td><a href="#m147">beforeMethod</a></td></tr><tr class="skippedeven"><td><a href="#m148">beforeMethod</a></td></tr><tr class="skippedeven"><td><a href="#m149">beforeMethod</a></td></tr><tr class="skippedeven"><td><a href="#m150">beforeMethod</a></td></tr><tr class="skippedodd"><td rowspan="3">testCases.TimeSheetTest</td><td><a href="#m151">beforeMethod</a></td><td rowspan="3">1667476177508</td><td rowspan="3">-1667476177508</td></tr><tr class="skippedodd"><td><a href="#m152">beforeMethod</a></td></tr><tr class="skippedodd"><td><a href="#m153">beforeMethod</a></td></tr><tr class="skippedeven"><td rowspan="1">testCases.TimeTrackForFlagTrackEntryTest</td><td><a href="#m154">beforeMethod</a></td><td rowspan="1">1667476177326</td><td rowspan="1">-1667476177326</td></tr><tr class="skippedodd"><td rowspan="5">testCases.TimeTrackTest</td><td><a href="#m155">beforeMethod</a></td><td rowspan="5">1667476177193</td><td rowspan="5">-1667476177193</td></tr><tr class="skippedodd"><td><a href="#m156">beforeMethod</a></td></tr><tr class="skippedodd"><td><a href="#m157">beforeMethod</a></td></tr><tr class="skippedodd"><td><a href="#m158">beforeMethod</a></td></tr><tr class="skippedodd"><td><a href="#m159">beforeMethod</a></td></tr><tr class="skippedeven"><td rowspan="2">testCases.WorkDairyTest</td><td><a href="#m160">beforeMethod</a></td><td rowspan="2">1667476176341</td><td rowspan="2">-1667476176341</td></tr><tr class="skippedeven"><td><a href="#m161">beforeMethod</a></td></tr><tr><th colspan="4">Test &#8212; skipped</th></tr><tr class="skippedeven"><td rowspan="5">testCases.AuditRuleTest</td><td><a href="#m162">addNewAuditRuleWithEqualTimeTrackingHour</a></td><td rowspan="1">1667476177573</td><td rowspan="1">0</td></tr><tr class="skippedeven"><td><a href="#m163">validationCheck</a></td><td rowspan="1">1667476177567</td><td rowspan="1">0</td></tr><tr class="skippedeven"><td><a href="#m164">validationCheckOfAuditRemove</a></td><td rowspan="1">1667476177594</td><td rowspan="1">0</td></tr><tr class="skippedeven"><td><a href="#m165">validationCheckOfAuditRuleName</a></td><td rowspan="1">1667476177579</td><td rowspan="1">0</td></tr><tr class="skippedeven"><td><a href="#m166">validationCheckOfAuditUpdate</a></td><td rowspan="1">1667476177586</td><td rowspan="1">0</td></tr><tr class="skippedodd"><td rowspan="5">testCases.BulkTimeEntryTest</td><td><a href="#m167">CheckFunctionalityOfDeleteBulkTimeEntryButtton</a></td><td rowspan="1">1667476177463</td><td rowspan="1">0</td></tr><tr class="skippedodd"><td><a href="#m168">CheckFunctionalityOfResetBulkTimeEntryButtton</a></td><td rowspan="1">1667476177493</td><td rowspan="1">0</td></tr><tr class="skippedodd"><td><a href="#m169">addBulkTimeEntry</a></td><td rowspan="1">1667476177442</td><td rowspan="1">0</td></tr><tr class="skippedodd"><td><a href="#m170">validationCheckOfAddMultipleBulkTimeEntryButtton</a></td><td rowspan="1">1667476177453</td><td rowspan="1">0</td></tr><tr class="skippedodd"><td><a href="#m171">validationCheckOfBulkTimeEntry</a></td><td rowspan="1">1667476177433</td><td rowspan="1">0</td></tr><tr class="skippedeven"><td rowspan="2">testCases.CompanySetupAddUserTest</td><td><a href="#m172">ValidationCheck</a></td><td rowspan="1">1667476177537</td><td rowspan="1">0</td></tr><tr class="skippedeven"><td><a href="#m173">addUser</a></td><td rowspan="1">1667476177546</td><td rowspan="1">0</td></tr><tr class="skippedodd"><td rowspan="5">testCases.FlagTrackEntryTest</td><td><a href="#m174">validationCheck</a></td><td rowspan="1">1667476177061</td><td rowspan="1">0</td></tr><tr class="skippedodd"><td><a href="#m175">validationOfFlagedFunctionality</a></td><td rowspan="1">1667476177084</td><td rowspan="1">0</td></tr><tr class="skippedodd"><td><a href="#m176">validationOfSearchFunctionality</a></td><td rowspan="1">1667476177077</td><td rowspan="1">0</td></tr><tr class="skippedodd"><td><a href="#m177">validationOfUnFlagedFunctionality</a></td><td rowspan="1">1667476177090</td><td rowspan="1">0</td></tr><tr class="skippedodd"><td><a href="#m178">validationOfUpdateFunctionality</a></td><td rowspan="1">1667476177121</td><td rowspan="1">0</td></tr><tr class="skippedeven"><td rowspan="2">testCases.ProjectListingTest</td><td><a href="#m179">addProjectWithDefaultTemplate</a></td><td rowspan="1">1667476177366</td><td rowspan="1">1</td></tr><tr class="skippedeven"><td><a href="#m180">deleteProjectFromList</a></td><td rowspan="1">1667476177402</td><td rowspan="1">0</td></tr><tr class="skippedodd"><td rowspan="3">testCases.TimeApprovalTest</td><td><a href="#m181">ValidateTimeSheetApproveFunctionality</a></td><td rowspan="1">1667476177038</td><td rowspan="1">0</td></tr><tr class="skippedodd"><td><a href="#m182">ValidateTimeSheetRejectionFunctionality</a></td><td rowspan="1">1667476177003</td><td rowspan="1">0</td></tr><tr class="skippedodd"><td><a href="#m183">ValidationCheck</a></td><td rowspan="1">1667476176969</td><td rowspan="1">0</td></tr><tr class="skippedeven"><td rowspan="37">testCases.TimeReportTest</td><td><a href="#m184">ValidationCheck</a></td><td rowspan="1">1667476176510</td><td rowspan="1">0</td></tr><tr class="skippedeven"><td><a href="#m185">ValidationOfClientReportWithDepartmentName</a></td><td rowspan="1">1667476176676</td><td rowspan="1">0</td></tr><tr class="skippedeven"><td><a href="#m186">ValidationOfClientReportWithProjectName</a></td><td rowspan="1">1667476176648</td><td rowspan="1">0</td></tr><tr class="skippedeven"><td><a href="#m187">ValidationOfClientReportWithUserName</a></td><td rowspan="1">1667476176631</td><td rowspan="1">0</td></tr><tr class="skippedeven"><td><a href="#m188">ValidationOfHalfYearlyProjectReportwithDepartmentName</a></td><td rowspan="1">1667476176739</td><td rowspan="1">0</td></tr><tr class="skippedeven"><td><a href="#m189">ValidationOfHalfYearlyProjectReportwithProjectName</a></td><td rowspan="1">1667476176745</td><td rowspan="1">0</td></tr><tr class="skippedeven"><td><a href="#m190">ValidationOfHalfYearlyProjectReportwithUserName</a></td><td rowspan="1">1667476176729</td><td rowspan="1">0</td></tr><tr class="skippedeven"><td><a href="#m191">ValidationOfOneWeekProjectReportWithDepartmentName</a></td><td rowspan="1">1667476176596</td><td rowspan="1">0</td></tr><tr class="skippedeven"><td><a href="#m192">ValidationOfOneWeekProjectReportWithProjectName</a></td><td rowspan="1">1667476176611</td><td rowspan="1">0</td></tr><tr class="skippedeven"><td><a href="#m193">ValidationOfOneWeekProjectReportWithUserName</a></td><td rowspan="1">1667476176585</td><td rowspan="1">0</td></tr><tr class="skippedeven"><td><a href="#m194">ValidationOfProjectDetailsReportWithDepartmentname</a></td><td rowspan="1">1667476176784</td><td rowspan="1">1</td></tr><tr class="skippedeven"><td><a href="#m195">ValidationOfProjectDetailsReportWithProjectname</a></td><td rowspan="1">1667476176778</td><td rowspan="1">0</td></tr><tr class="skippedeven"><td><a href="#m196">ValidationOfProjectDetailsReportWithUsername</a></td><td rowspan="1">1667476176767</td><td rowspan="1">0</td></tr><tr class="skippedeven"><td><a href="#m197">ValidationOfProjectReportWithDepartnamename</a></td><td rowspan="1">1667476176812</td><td rowspan="1">0</td></tr><tr class="skippedeven"><td><a href="#m198">ValidationOfProjectReportWithPriojectname</a></td><td rowspan="1">1667476176801</td><td rowspan="1">0</td></tr><tr class="skippedeven"><td><a href="#m199">ValidationOfProjectReportWithUsername</a></td><td rowspan="1">1667476176791</td><td rowspan="1">0</td></tr><tr class="skippedeven"><td><a href="#m200">ValidationOfProjectwiseReportWithProjectName</a></td><td rowspan="1">1667476176829</td><td rowspan="1">0</td></tr><tr class="skippedeven"><td><a href="#m201">ValidationOfProjectwiseReportWithTeamMemeber</a></td><td rowspan="1">1667476176820</td><td rowspan="1">0</td></tr><tr class="skippedeven"><td><a href="#m202">ValidationOfTimeSheetReportWithProjectname</a></td><td rowspan="1">1667476176878</td><td rowspan="1">0</td></tr><tr class="skippedeven"><td><a href="#m203">ValidationOfTimeSheetReportWithUsername</a></td><td rowspan="1">1667476176871</td><td rowspan="1">0</td></tr><tr class="skippedeven"><td><a href="#m204">ValidationOfTrackEnrtyDetailsReportWithDepartmentname</a></td><td rowspan="1">1667476176860</td><td rowspan="1">0</td></tr><tr class="skippedeven"><td><a href="#m205">ValidationOfTrackEnrtyDetailsReportWithProjectName</a></td><td rowspan="1">1667476176846</td><td rowspan="1">0</td></tr><tr class="skippedeven"><td><a href="#m206">ValidationOfTrackEnrtyDetailsReportWithUserName</a></td><td rowspan="1">1667476176840</td><td rowspan="1">0</td></tr><tr class="skippedeven"><td><a href="#m207">ValidationOfUserReportWithDepartmentname</a></td><td rowspan="1">1667476176892</td><td rowspan="1">0</td></tr><tr class="skippedeven"><td><a href="#m208">ValidationOfUserReportWithProjectname</a></td><td rowspan="1">1667476176887</td><td rowspan="1">0</td></tr><tr class="skippedeven"><td><a href="#m209">ValidationOfUserReportWithusername</a></td><td rowspan="1">1667476176883</td><td rowspan="1">0</td></tr><tr class="skippedeven"><td><a href="#m210">ValidationOfUserWiseReportWithDepartmentName</a></td><td rowspan="1">1667476176917</td><td rowspan="1">0</td></tr><tr class="skippedeven"><td><a href="#m211">ValidationOfUserWiseReportWithProjectName</a></td><td rowspan="1">1667476176906</td><td rowspan="1">0</td></tr><tr class="skippedeven"><td><a href="#m212">ValidationOfUserWiseReportWithUserName</a></td><td rowspan="1">1667476176897</td><td rowspan="1">0</td></tr><tr class="skippedeven"><td><a href="#m213">ValidationOfentryWiseReportwithDepartmentName</a></td><td rowspan="1">1667476176712</td><td rowspan="1">0</td></tr><tr class="skippedeven"><td><a href="#m214">ValidationOfentryWiseReportwithProjectName</a></td><td rowspan="1">1667476176702</td><td rowspan="1">0</td></tr><tr class="skippedeven"><td><a href="#m215">ValidationOfentryWiseReportwithUsername</a></td><td rowspan="1">1667476176687</td><td rowspan="1">0</td></tr><tr class="skippedeven"><td><a href="#m216">ValidationOfprofitabilityProjectReportwithProjectName</a></td><td rowspan="1">1667476176753</td><td rowspan="1">0</td></tr><tr class="skippedeven"><td><a href="#m217">ValidationOfprofitabilityProjectReportwithchannelName</a></td><td rowspan="1">1667476176758</td><td rowspan="1">0</td></tr><tr class="skippedeven"><td><a href="#m218">ValidationOneMonthProjectReportWithDepartmentName</a></td><td rowspan="1">1667476176539</td><td rowspan="1">0</td></tr><tr class="skippedeven"><td><a href="#m219">ValidationOneMonthProjectReportWithProjectName</a></td><td rowspan="1">1667476176559</td><td rowspan="1">0</td></tr><tr class="skippedeven"><td><a href="#m220">ValidationOneMonthProjectReportWithUserName</a></td><td rowspan="1">1667476176527</td><td rowspan="1">0</td></tr><tr class="skippedodd"><td rowspan="3">testCases.TimeSheetTest</td><td><a href="#m221">ValidationCheck</a></td><td rowspan="1">1667476177509</td><td rowspan="1">0</td></tr><tr class="skippedodd"><td><a href="#m222">validateSendForApproval</a></td><td rowspan="1">1667476177520</td><td rowspan="1">0</td></tr><tr class="skippedodd"><td><a href="#m223">validatefunctionalityOfTimeSheet</a></td><td rowspan="1">1667476177515</td><td rowspan="1">0</td></tr><tr class="skippedeven"><td rowspan="1">testCases.TimeTrackForFlagTrackEntryTest</td><td><a href="#m224">startTimeTrack</a></td><td rowspan="1">1667476177328</td><td rowspan="1">0</td></tr><tr class="skippedodd"><td rowspan="5">testCases.TimeTrackTest</td><td><a href="#m225">VerifyTimeTrackactivity</a></td><td rowspan="1">1667476177179</td><td rowspan="1">0</td></tr><tr class="skippedodd"><td><a href="#m226">VerifyclanderViewFunctionality</a></td><td rowspan="1">1667476177194</td><td rowspan="1">0</td></tr><tr class="skippedodd"><td><a href="#m227">startTimeTrack</a></td><td rowspan="1">1667476177171</td><td rowspan="1">0</td></tr><tr class="skippedodd"><td><a href="#m228">validateAddTimeEntryManually</a></td><td rowspan="1">1667476177279</td><td rowspan="1">0</td></tr><tr class="skippedodd"><td><a href="#m229">validatetimeEntryThroughFilter</a></td><td rowspan="1">1667476177252</td><td rowspan="1">0</td></tr><tr class="skippedeven"><td rowspan="2">testCases.WorkDairyTest</td><td><a href="#m230">validationCheckOfWorkDairy</a></td><td rowspan="1">1667476176347</td><td rowspan="1">0</td></tr><tr class="skippedeven"><td><a href="#m231">validationOfScreenShot</a></td><td rowspan="1">1667476176477</td><td rowspan="1">0</td></tr></tbody>
</table>
<h2>Test</h2><h3 id="m0">testCases.AuditRuleTest#closeBrowser</h3><table class="result"><tr><th>Exception</th></tr><tr><td><div class="stacktrace">java.lang.NullPointerException: Cannot invoke &quot;org.openqa.selenium.WebDriver.quit()&quot; because &quot;this.driver&quot; is null
	at utils.WebTestBase.closeBrowser(WebTestBase.java:86)
	at java.base/java.util.ArrayList.forEach(ArrayList.java:1511)
... Removed 25 stack frames</div></td></tr></table><p class="totop"><a href="#summary">back to summary</a></p>
<h3 id="m1">testCases.AuditRuleTest#reportWrapUp</h3><table class="result"><tr class="param"><th>Parameter #1</th><th>Parameter #2</th></tr><tr class="param stripe"><td>[TestResult name={null} status=CREATED method=AuditRuleTest.validationCheck()[pri:1, instance:testCases.AuditRuleTest@7fa98a66] output={null}]</td><td>public void testCases.AuditRuleTest.validationCheck()</td></tr><tr><th colspan="2">Exception</th></tr><tr><td colspan="2"><div class="stacktrace">java.lang.NullPointerException: Cannot invoke &quot;org.openqa.selenium.TakesScreenshot.getScreenshotAs(org.openqa.selenium.OutputType)&quot; because &quot;this.driver&quot; is null
	at utils.WebTestBase.reportWrapUp(WebTestBase.java:70)
	at java.base/java.util.ArrayList.forEach(ArrayList.java:1511)
... Removed 31 stack frames</div></td></tr></table><p class="totop"><a href="#summary">back to summary</a></p>
<h3 id="m2">testCases.AuditRuleTest#reportWrapUp</h3><table class="result"><tr class="param"><th>Parameter #1</th><th>Parameter #2</th></tr><tr class="param stripe"><td>[TestResult name={null} status=CREATED method=AuditRuleTest.validationCheckOfAuditRuleName()[pri:3, instance:testCases.AuditRuleTest@7fa98a66] output={null}]</td><td>public void testCases.AuditRuleTest.validationCheckOfAuditRuleName()</td></tr><tr><th colspan="2">Exception</th></tr><tr><td colspan="2"><div class="stacktrace">java.lang.NullPointerException: Cannot invoke &quot;org.openqa.selenium.TakesScreenshot.getScreenshotAs(org.openqa.selenium.OutputType)&quot; because &quot;this.driver&quot; is null
	at utils.WebTestBase.reportWrapUp(WebTestBase.java:70)
	at java.base/java.util.ArrayList.forEach(ArrayList.java:1511)
... Removed 31 stack frames</div></td></tr></table><p class="totop"><a href="#summary">back to summary</a></p>
<h3 id="m3">testCases.AuditRuleTest#reportWrapUp</h3><table class="result"><tr class="param"><th>Parameter #1</th><th>Parameter #2</th></tr><tr class="param stripe"><td>[TestResult name={null} status=CREATED method=AuditRuleTest.validationCheckOfAuditRemove()[pri:5, instance:testCases.AuditRuleTest@7fa98a66] output={null}]</td><td>public void testCases.AuditRuleTest.validationCheckOfAuditRemove()</td></tr><tr><th colspan="2">Exception</th></tr><tr><td colspan="2"><div class="stacktrace">java.lang.NullPointerException: Cannot invoke &quot;org.openqa.selenium.TakesScreenshot.getScreenshotAs(org.openqa.selenium.OutputType)&quot; because &quot;this.driver&quot; is null
	at utils.WebTestBase.reportWrapUp(WebTestBase.java:70)
	at java.base/java.util.ArrayList.forEach(ArrayList.java:1511)
... Removed 31 stack frames</div></td></tr></table><p class="totop"><a href="#summary">back to summary</a></p>
<h3 id="m4">testCases.AuditRuleTest#reportWrapUp</h3><table class="result"><tr class="param"><th>Parameter #1</th><th>Parameter #2</th></tr><tr class="param stripe"><td>[TestResult name={null} status=CREATED method=AuditRuleTest.validationCheckOfAuditUpdate()[pri:4, instance:testCases.AuditRuleTest@7fa98a66] output={null}]</td><td>public void testCases.AuditRuleTest.validationCheckOfAuditUpdate()</td></tr><tr><th colspan="2">Exception</th></tr><tr><td colspan="2"><div class="stacktrace">java.lang.NullPointerException: Cannot invoke &quot;org.openqa.selenium.TakesScreenshot.getScreenshotAs(org.openqa.selenium.OutputType)&quot; because &quot;this.driver&quot; is null
	at utils.WebTestBase.reportWrapUp(WebTestBase.java:70)
	at java.base/java.util.ArrayList.forEach(ArrayList.java:1511)
... Removed 31 stack frames</div></td></tr></table><p class="totop"><a href="#summary">back to summary</a></p>
<h3 id="m5">testCases.AuditRuleTest#reportWrapUp</h3><table class="result"><tr class="param"><th>Parameter #1</th><th>Parameter #2</th></tr><tr class="param stripe"><td>[TestResult name={null} status=CREATED method=AuditRuleTest.addNewAuditRuleWithEqualTimeTrackingHour()[pri:2, instance:testCases.AuditRuleTest@7fa98a66] output={null}]</td><td>public void testCases.AuditRuleTest.addNewAuditRuleWithEqualTimeTrackingHour()</td></tr><tr><th colspan="2">Exception</th></tr><tr><td colspan="2"><div class="stacktrace">java.lang.NullPointerException: Cannot invoke &quot;org.openqa.selenium.TakesScreenshot.getScreenshotAs(org.openqa.selenium.OutputType)&quot; because &quot;this.driver&quot; is null
	at utils.WebTestBase.reportWrapUp(WebTestBase.java:70)
	at java.base/java.util.ArrayList.forEach(ArrayList.java:1511)
... Removed 31 stack frames</div></td></tr></table><p class="totop"><a href="#summary">back to summary</a></p>
<h3 id="m6">testCases.AuditRuleTest#setUp</h3><table class="result"><tr><th>Exception</th></tr><tr><td><div class="stacktrace">java.lang.IllegalStateException: The driver executable does not exist: C:\Users\aanand\git\TalygenTimeTracking\TalygenTimeTracking\chromedriver.exe
	at com.google.common.base.Preconditions.checkState(Preconditions.java:585)
	at org.openqa.selenium.remote.service.DriverService.checkExecutable(DriverService.java:146)
	at org.openqa.selenium.remote.service.DriverService.findExecutable(DriverService.java:141)
	at org.openqa.selenium.chrome.ChromeDriverService.access$000(ChromeDriverService.java:35)
	at org.openqa.selenium.chrome.ChromeDriverService$Builder.findDefaultExecutable(ChromeDriverService.java:159)
	at org.openqa.selenium.remote.service.DriverService$Builder.build(DriverService.java:355)
	at org.openqa.selenium.chrome.ChromeDriverService.createDefaultService(ChromeDriverService.java:94)
	at org.openqa.selenium.chrome.ChromeDriver.&lt;init&gt;(ChromeDriver.java:157)
	at utils.Drivers.getWebDriver(Drivers.java:59)
	at utils.WebTestBase.setUp(WebTestBase.java:51)
	at java.base/java.util.ArrayList.forEach(ArrayList.java:1511)
... Removed 25 stack frames</div></td></tr></table><p class="totop"><a href="#summary">back to summary</a></p>
<h3 id="m7">testCases.BulkTimeEntryTest#closeBrowser</h3><table class="result"><tr><th>Exception</th></tr><tr><td><div class="stacktrace">java.lang.NullPointerException: Cannot invoke &quot;org.openqa.selenium.WebDriver.quit()&quot; because &quot;this.driver&quot; is null
	at utils.WebTestBase.closeBrowser(WebTestBase.java:86)
	at java.base/java.util.ArrayList.forEach(ArrayList.java:1511)
... Removed 25 stack frames</div></td></tr></table><p class="totop"><a href="#summary">back to summary</a></p>
<h3 id="m8">testCases.BulkTimeEntryTest#reportWrapUp</h3><table class="result"><tr class="param"><th>Parameter #1</th><th>Parameter #2</th></tr><tr class="param stripe"><td>[TestResult name={null} status=CREATED method=BulkTimeEntryTest.validationCheckOfAddMultipleBulkTimeEntryButtton()[pri:3, instance:testCases.BulkTimeEntryTest@6c80d78a] output={null}]</td><td>public void testCases.BulkTimeEntryTest.validationCheckOfAddMultipleBulkTimeEntryButtton()</td></tr><tr><th colspan="2">Exception</th></tr><tr><td colspan="2"><div class="stacktrace">java.lang.NullPointerException: Cannot invoke &quot;org.openqa.selenium.TakesScreenshot.getScreenshotAs(org.openqa.selenium.OutputType)&quot; because &quot;this.driver&quot; is null
	at utils.WebTestBase.reportWrapUp(WebTestBase.java:70)
	at java.base/java.util.ArrayList.forEach(ArrayList.java:1511)
... Removed 31 stack frames</div></td></tr></table><p class="totop"><a href="#summary">back to summary</a></p>
<h3 id="m9">testCases.BulkTimeEntryTest#reportWrapUp</h3><table class="result"><tr class="param"><th>Parameter #1</th><th>Parameter #2</th></tr><tr class="param stripe"><td>[TestResult name={null} status=CREATED method=BulkTimeEntryTest.validationCheckOfBulkTimeEntry()[pri:1, instance:testCases.BulkTimeEntryTest@6c80d78a] output={null}]</td><td>public void testCases.BulkTimeEntryTest.validationCheckOfBulkTimeEntry()</td></tr><tr><th colspan="2">Exception</th></tr><tr><td colspan="2"><div class="stacktrace">java.lang.NullPointerException: Cannot invoke &quot;org.openqa.selenium.TakesScreenshot.getScreenshotAs(org.openqa.selenium.OutputType)&quot; because &quot;this.driver&quot; is null
	at utils.WebTestBase.reportWrapUp(WebTestBase.java:70)
	at java.base/java.util.ArrayList.forEach(ArrayList.java:1511)
... Removed 31 stack frames</div></td></tr></table><p class="totop"><a href="#summary">back to summary</a></p>
<h3 id="m10">testCases.BulkTimeEntryTest#reportWrapUp</h3><table class="result"><tr class="param"><th>Parameter #1</th><th>Parameter #2</th></tr><tr class="param stripe"><td>[TestResult name={null} status=CREATED method=BulkTimeEntryTest.addBulkTimeEntry()[pri:2, instance:testCases.BulkTimeEntryTest@6c80d78a] output={null}]</td><td>public void testCases.BulkTimeEntryTest.addBulkTimeEntry()</td></tr><tr><th colspan="2">Exception</th></tr><tr><td colspan="2"><div class="stacktrace">java.lang.NullPointerException: Cannot invoke &quot;org.openqa.selenium.TakesScreenshot.getScreenshotAs(org.openqa.selenium.OutputType)&quot; because &quot;this.driver&quot; is null
	at utils.WebTestBase.reportWrapUp(WebTestBase.java:70)
	at java.base/java.util.ArrayList.forEach(ArrayList.java:1511)
... Removed 31 stack frames</div></td></tr></table><p class="totop"><a href="#summary">back to summary</a></p>
<h3 id="m11">testCases.BulkTimeEntryTest#reportWrapUp</h3><table class="result"><tr class="param"><th>Parameter #1</th><th>Parameter #2</th></tr><tr class="param stripe"><td>[TestResult name={null} status=CREATED method=BulkTimeEntryTest.CheckFunctionalityOfResetBulkTimeEntryButtton()[pri:5, instance:testCases.BulkTimeEntryTest@6c80d78a] output={null}]</td><td>public void testCases.BulkTimeEntryTest.CheckFunctionalityOfResetBulkTimeEntryButtton()</td></tr><tr><th colspan="2">Exception</th></tr><tr><td colspan="2"><div class="stacktrace">java.lang.NullPointerException: Cannot invoke &quot;org.openqa.selenium.TakesScreenshot.getScreenshotAs(org.openqa.selenium.OutputType)&quot; because &quot;this.driver&quot; is null
	at utils.WebTestBase.reportWrapUp(WebTestBase.java:70)
	at java.base/java.util.ArrayList.forEach(ArrayList.java:1511)
... Removed 31 stack frames</div></td></tr></table><p class="totop"><a href="#summary">back to summary</a></p>
<h3 id="m12">testCases.BulkTimeEntryTest#reportWrapUp</h3><table class="result"><tr class="param"><th>Parameter #1</th><th>Parameter #2</th></tr><tr class="param stripe"><td>[TestResult name={null} status=CREATED method=BulkTimeEntryTest.CheckFunctionalityOfDeleteBulkTimeEntryButtton()[pri:4, instance:testCases.BulkTimeEntryTest@6c80d78a] output={null}]</td><td>public void testCases.BulkTimeEntryTest.CheckFunctionalityOfDeleteBulkTimeEntryButtton()</td></tr><tr><th colspan="2">Exception</th></tr><tr><td colspan="2"><div class="stacktrace">java.lang.NullPointerException: Cannot invoke &quot;org.openqa.selenium.TakesScreenshot.getScreenshotAs(org.openqa.selenium.OutputType)&quot; because &quot;this.driver&quot; is null
	at utils.WebTestBase.reportWrapUp(WebTestBase.java:70)
	at java.base/java.util.ArrayList.forEach(ArrayList.java:1511)
... Removed 31 stack frames</div></td></tr></table><p class="totop"><a href="#summary">back to summary</a></p>
<h3 id="m13">testCases.BulkTimeEntryTest#setUp</h3><table class="result"><tr><th>Exception</th></tr><tr><td><div class="stacktrace">java.lang.IllegalStateException: The driver executable does not exist: C:\Users\aanand\git\TalygenTimeTracking\TalygenTimeTracking\chromedriver.exe
	at com.google.common.base.Preconditions.checkState(Preconditions.java:585)
	at org.openqa.selenium.remote.service.DriverService.checkExecutable(DriverService.java:146)
	at org.openqa.selenium.remote.service.DriverService.findExecutable(DriverService.java:141)
	at org.openqa.selenium.chrome.ChromeDriverService.access$000(ChromeDriverService.java:35)
	at org.openqa.selenium.chrome.ChromeDriverService$Builder.findDefaultExecutable(ChromeDriverService.java:159)
	at org.openqa.selenium.remote.service.DriverService$Builder.build(DriverService.java:355)
	at org.openqa.selenium.chrome.ChromeDriverService.createDefaultService(ChromeDriverService.java:94)
	at org.openqa.selenium.chrome.ChromeDriver.&lt;init&gt;(ChromeDriver.java:157)
	at utils.Drivers.getWebDriver(Drivers.java:59)
	at utils.WebTestBase.setUp(WebTestBase.java:51)
	at java.base/java.util.ArrayList.forEach(ArrayList.java:1511)
... Removed 25 stack frames</div></td></tr></table><p class="totop"><a href="#summary">back to summary</a></p>
<h3 id="m14">testCases.CompanySetupAddUserTest#closeBrowser</h3><table class="result"><tr><th>Exception</th></tr><tr><td><div class="stacktrace">java.lang.NullPointerException: Cannot invoke &quot;org.openqa.selenium.WebDriver.quit()&quot; because &quot;this.driver&quot; is null
	at utils.WebTestBase.closeBrowser(WebTestBase.java:86)
	at java.base/java.util.ArrayList.forEach(ArrayList.java:1511)
... Removed 25 stack frames</div></td></tr></table><p class="totop"><a href="#summary">back to summary</a></p>
<h3 id="m15">testCases.CompanySetupAddUserTest#reportWrapUp</h3><table class="result"><tr class="param"><th>Parameter #1</th><th>Parameter #2</th></tr><tr class="param stripe"><td>[TestResult name={null} status=CREATED method=CompanySetupAddUserTest.ValidationCheck()[pri:1, instance:testCases.CompanySetupAddUserTest@1a451d4d] output={null}]</td><td>public void testCases.CompanySetupAddUserTest.ValidationCheck()</td></tr><tr><th colspan="2">Exception</th></tr><tr><td colspan="2"><div class="stacktrace">java.lang.NullPointerException: Cannot invoke &quot;org.openqa.selenium.TakesScreenshot.getScreenshotAs(org.openqa.selenium.OutputType)&quot; because &quot;this.driver&quot; is null
	at utils.WebTestBase.reportWrapUp(WebTestBase.java:70)
	at java.base/java.util.ArrayList.forEach(ArrayList.java:1511)
... Removed 31 stack frames</div></td></tr></table><p class="totop"><a href="#summary">back to summary</a></p>
<h3 id="m16">testCases.CompanySetupAddUserTest#reportWrapUp</h3><table class="result"><tr class="param"><th>Parameter #1</th><th>Parameter #2</th></tr><tr class="param stripe"><td>[TestResult name={null} status=CREATED method=CompanySetupAddUserTest.addUser()[pri:2, instance:testCases.CompanySetupAddUserTest@1a451d4d] output={null}]</td><td>public void testCases.CompanySetupAddUserTest.addUser() throws java.text.ParseException</td></tr><tr><th colspan="2">Exception</th></tr><tr><td colspan="2"><div class="stacktrace">java.lang.NullPointerException: Cannot invoke &quot;org.openqa.selenium.TakesScreenshot.getScreenshotAs(org.openqa.selenium.OutputType)&quot; because &quot;this.driver&quot; is null
	at utils.WebTestBase.reportWrapUp(WebTestBase.java:70)
	at java.base/java.util.ArrayList.forEach(ArrayList.java:1511)
... Removed 31 stack frames</div></td></tr></table><p class="totop"><a href="#summary">back to summary</a></p>
<h3 id="m17">testCases.CompanySetupAddUserTest#setUp</h3><table class="result"><tr><th>Exception</th></tr><tr><td><div class="stacktrace">java.lang.IllegalStateException: The driver executable does not exist: C:\Users\aanand\git\TalygenTimeTracking\TalygenTimeTracking\chromedriver.exe
	at com.google.common.base.Preconditions.checkState(Preconditions.java:585)
	at org.openqa.selenium.remote.service.DriverService.checkExecutable(DriverService.java:146)
	at org.openqa.selenium.remote.service.DriverService.findExecutable(DriverService.java:141)
	at org.openqa.selenium.chrome.ChromeDriverService.access$000(ChromeDriverService.java:35)
	at org.openqa.selenium.chrome.ChromeDriverService$Builder.findDefaultExecutable(ChromeDriverService.java:159)
	at org.openqa.selenium.remote.service.DriverService$Builder.build(DriverService.java:355)
	at org.openqa.selenium.chrome.ChromeDriverService.createDefaultService(ChromeDriverService.java:94)
	at org.openqa.selenium.chrome.ChromeDriver.&lt;init&gt;(ChromeDriver.java:157)
	at utils.Drivers.getWebDriver(Drivers.java:59)
	at utils.WebTestBase.setUp(WebTestBase.java:51)
	at java.base/java.util.ArrayList.forEach(ArrayList.java:1511)
... Removed 25 stack frames</div></td></tr></table><p class="totop"><a href="#summary">back to summary</a></p>
<h3 id="m18">testCases.FlagTrackEntryTest#closeBrowser</h3><table class="result"><tr><th>Exception</th></tr><tr><td><div class="stacktrace">java.lang.NullPointerException: Cannot invoke &quot;org.openqa.selenium.WebDriver.quit()&quot; because &quot;this.driver&quot; is null
	at utils.WebTestBase.closeBrowser(WebTestBase.java:86)
	at java.base/java.util.ArrayList.forEach(ArrayList.java:1511)
... Removed 25 stack frames</div></td></tr></table><p class="totop"><a href="#summary">back to summary</a></p>
<h3 id="m19">testCases.FlagTrackEntryTest#reportWrapUp</h3><table class="result"><tr class="param"><th>Parameter #1</th><th>Parameter #2</th></tr><tr class="param stripe"><td>[TestResult name={null} status=CREATED method=FlagTrackEntryTest.validationOfUpdateFunctionality()[pri:5, instance:testCases.FlagTrackEntryTest@4d9e68d0] output={null}]</td><td>public void testCases.FlagTrackEntryTest.validationOfUpdateFunctionality()</td></tr><tr><th colspan="2">Exception</th></tr><tr><td colspan="2"><div class="stacktrace">java.lang.NullPointerException: Cannot invoke &quot;org.openqa.selenium.TakesScreenshot.getScreenshotAs(org.openqa.selenium.OutputType)&quot; because &quot;this.driver&quot; is null
	at utils.WebTestBase.reportWrapUp(WebTestBase.java:70)
	at java.base/java.util.ArrayList.forEach(ArrayList.java:1511)
... Removed 31 stack frames</div></td></tr></table><p class="totop"><a href="#summary">back to summary</a></p>
<h3 id="m20">testCases.FlagTrackEntryTest#reportWrapUp</h3><table class="result"><tr class="param"><th>Parameter #1</th><th>Parameter #2</th></tr><tr class="param stripe"><td>[TestResult name={null} status=CREATED method=FlagTrackEntryTest.validationCheck()[pri:1, instance:testCases.FlagTrackEntryTest@4d9e68d0] output={null}]</td><td>public void testCases.FlagTrackEntryTest.validationCheck()</td></tr><tr><th colspan="2">Exception</th></tr><tr><td colspan="2"><div class="stacktrace">java.lang.NullPointerException: Cannot invoke &quot;org.openqa.selenium.TakesScreenshot.getScreenshotAs(org.openqa.selenium.OutputType)&quot; because &quot;this.driver&quot; is null
	at utils.WebTestBase.reportWrapUp(WebTestBase.java:70)
	at java.base/java.util.ArrayList.forEach(ArrayList.java:1511)
... Removed 31 stack frames</div></td></tr></table><p class="totop"><a href="#summary">back to summary</a></p>
<h3 id="m21">testCases.FlagTrackEntryTest#reportWrapUp</h3><table class="result"><tr class="param"><th>Parameter #1</th><th>Parameter #2</th></tr><tr class="param stripe"><td>[TestResult name={null} status=CREATED method=FlagTrackEntryTest.validationOfUnFlagedFunctionality()[pri:4, instance:testCases.FlagTrackEntryTest@4d9e68d0] output={null}]</td><td>public void testCases.FlagTrackEntryTest.validationOfUnFlagedFunctionality()</td></tr><tr><th colspan="2">Exception</th></tr><tr><td colspan="2"><div class="stacktrace">java.lang.NullPointerException: Cannot invoke &quot;org.openqa.selenium.TakesScreenshot.getScreenshotAs(org.openqa.selenium.OutputType)&quot; because &quot;this.driver&quot; is null
	at utils.WebTestBase.reportWrapUp(WebTestBase.java:70)
	at java.base/java.util.ArrayList.forEach(ArrayList.java:1511)
... Removed 31 stack frames</div></td></tr></table><p class="totop"><a href="#summary">back to summary</a></p>
<h3 id="m22">testCases.FlagTrackEntryTest#reportWrapUp</h3><table class="result"><tr class="param"><th>Parameter #1</th><th>Parameter #2</th></tr><tr class="param stripe"><td>[TestResult name={null} status=CREATED method=FlagTrackEntryTest.validationOfSearchFunctionality()[pri:2, instance:testCases.FlagTrackEntryTest@4d9e68d0] output={null}]</td><td>public void testCases.FlagTrackEntryTest.validationOfSearchFunctionality()</td></tr><tr><th colspan="2">Exception</th></tr><tr><td colspan="2"><div class="stacktrace">java.lang.NullPointerException: Cannot invoke &quot;org.openqa.selenium.TakesScreenshot.getScreenshotAs(org.openqa.selenium.OutputType)&quot; because &quot;this.driver&quot; is null
	at utils.WebTestBase.reportWrapUp(WebTestBase.java:70)
	at java.base/java.util.ArrayList.forEach(ArrayList.java:1511)
... Removed 31 stack frames</div></td></tr></table><p class="totop"><a href="#summary">back to summary</a></p>
<h3 id="m23">testCases.FlagTrackEntryTest#reportWrapUp</h3><table class="result"><tr class="param"><th>Parameter #1</th><th>Parameter #2</th></tr><tr class="param stripe"><td>[TestResult name={null} status=CREATED method=FlagTrackEntryTest.validationOfFlagedFunctionality()[pri:3, instance:testCases.FlagTrackEntryTest@4d9e68d0] output={null}]</td><td>public void testCases.FlagTrackEntryTest.validationOfFlagedFunctionality()</td></tr><tr><th colspan="2">Exception</th></tr><tr><td colspan="2"><div class="stacktrace">java.lang.NullPointerException: Cannot invoke &quot;org.openqa.selenium.TakesScreenshot.getScreenshotAs(org.openqa.selenium.OutputType)&quot; because &quot;this.driver&quot; is null
	at utils.WebTestBase.reportWrapUp(WebTestBase.java:70)
	at java.base/java.util.ArrayList.forEach(ArrayList.java:1511)
... Removed 31 stack frames</div></td></tr></table><p class="totop"><a href="#summary">back to summary</a></p>
<h3 id="m24">testCases.FlagTrackEntryTest#setUp</h3><table class="result"><tr><th>Exception</th></tr><tr><td><div class="stacktrace">java.lang.IllegalStateException: The driver executable does not exist: C:\Users\aanand\git\TalygenTimeTracking\TalygenTimeTracking\chromedriver.exe
	at com.google.common.base.Preconditions.checkState(Preconditions.java:585)
	at org.openqa.selenium.remote.service.DriverService.checkExecutable(DriverService.java:146)
	at org.openqa.selenium.remote.service.DriverService.findExecutable(DriverService.java:141)
	at org.openqa.selenium.chrome.ChromeDriverService.access$000(ChromeDriverService.java:35)
	at org.openqa.selenium.chrome.ChromeDriverService$Builder.findDefaultExecutable(ChromeDriverService.java:159)
	at org.openqa.selenium.remote.service.DriverService$Builder.build(DriverService.java:355)
	at org.openqa.selenium.chrome.ChromeDriverService.createDefaultService(ChromeDriverService.java:94)
	at org.openqa.selenium.chrome.ChromeDriver.&lt;init&gt;(ChromeDriver.java:157)
	at utils.Drivers.getWebDriver(Drivers.java:59)
	at utils.WebTestBase.setUp(WebTestBase.java:51)
	at java.base/java.util.ArrayList.forEach(ArrayList.java:1511)
... Removed 25 stack frames</div></td></tr></table><p class="totop"><a href="#summary">back to summary</a></p>
<h3 id="m25">testCases.ProjectListingTest#closeBrowser</h3><table class="result"><tr><th>Exception</th></tr><tr><td><div class="stacktrace">java.lang.NullPointerException: Cannot invoke &quot;org.openqa.selenium.WebDriver.quit()&quot; because &quot;this.driver&quot; is null
	at utils.WebTestBase.closeBrowser(WebTestBase.java:86)
	at java.base/java.util.ArrayList.forEach(ArrayList.java:1511)
... Removed 25 stack frames</div></td></tr></table><p class="totop"><a href="#summary">back to summary</a></p>
<h3 id="m26">testCases.ProjectListingTest#reportWrapUp</h3><table class="result"><tr class="param"><th>Parameter #1</th><th>Parameter #2</th></tr><tr class="param stripe"><td>[TestResult name={null} status=CREATED method=ProjectListingTest.addProjectWithDefaultTemplate()[pri:0, instance:testCases.ProjectListingTest@52e6fdee] output={null}]</td><td>public void testCases.ProjectListingTest.addProjectWithDefaultTemplate()</td></tr><tr><th colspan="2">Exception</th></tr><tr><td colspan="2"><div class="stacktrace">java.lang.NullPointerException: Cannot invoke &quot;org.openqa.selenium.TakesScreenshot.getScreenshotAs(org.openqa.selenium.OutputType)&quot; because &quot;this.driver&quot; is null
	at utils.WebTestBase.reportWrapUp(WebTestBase.java:70)
	at java.base/java.util.ArrayList.forEach(ArrayList.java:1511)
... Removed 31 stack frames</div></td></tr></table><p class="totop"><a href="#summary">back to summary</a></p>
<h3 id="m27">testCases.ProjectListingTest#reportWrapUp</h3><table class="result"><tr class="param"><th>Parameter #1</th><th>Parameter #2</th></tr><tr class="param stripe"><td>[TestResult name={null} status=CREATED method=ProjectListingTest.deleteProjectFromList()[pri:2, instance:testCases.ProjectListingTest@52e6fdee] output={null}]</td><td>public void testCases.ProjectListingTest.deleteProjectFromList()</td></tr><tr><th colspan="2">Exception</th></tr><tr><td colspan="2"><div class="stacktrace">java.lang.NullPointerException: Cannot invoke &quot;org.openqa.selenium.TakesScreenshot.getScreenshotAs(org.openqa.selenium.OutputType)&quot; because &quot;this.driver&quot; is null
	at utils.WebTestBase.reportWrapUp(WebTestBase.java:70)
	at java.base/java.util.ArrayList.forEach(ArrayList.java:1511)
... Removed 31 stack frames</div></td></tr></table><p class="totop"><a href="#summary">back to summary</a></p>
<h3 id="m28">testCases.ProjectListingTest#setUp</h3><table class="result"><tr><th>Exception</th></tr><tr><td><div class="stacktrace">java.lang.IllegalStateException: The driver executable does not exist: C:\Users\aanand\git\TalygenTimeTracking\TalygenTimeTracking\chromedriver.exe
	at com.google.common.base.Preconditions.checkState(Preconditions.java:585)
	at org.openqa.selenium.remote.service.DriverService.checkExecutable(DriverService.java:146)
	at org.openqa.selenium.remote.service.DriverService.findExecutable(DriverService.java:141)
	at org.openqa.selenium.chrome.ChromeDriverService.access$000(ChromeDriverService.java:35)
	at org.openqa.selenium.chrome.ChromeDriverService$Builder.findDefaultExecutable(ChromeDriverService.java:159)
	at org.openqa.selenium.remote.service.DriverService$Builder.build(DriverService.java:355)
	at org.openqa.selenium.chrome.ChromeDriverService.createDefaultService(ChromeDriverService.java:94)
	at org.openqa.selenium.chrome.ChromeDriver.&lt;init&gt;(ChromeDriver.java:157)
	at utils.Drivers.getWebDriver(Drivers.java:59)
	at utils.WebTestBase.setUp(WebTestBase.java:51)
	at java.base/java.util.ArrayList.forEach(ArrayList.java:1511)
... Removed 25 stack frames</div></td></tr></table><p class="totop"><a href="#summary">back to summary</a></p>
<h3 id="m29">testCases.TimeApprovalTest#closeBrowser</h3><table class="result"><tr><th>Exception</th></tr><tr><td><div class="stacktrace">java.lang.NullPointerException: Cannot invoke &quot;org.openqa.selenium.WebDriver.quit()&quot; because &quot;this.driver&quot; is null
	at utils.WebTestBase.closeBrowser(WebTestBase.java:86)
	at java.base/java.util.ArrayList.forEach(ArrayList.java:1511)
... Removed 25 stack frames</div></td></tr></table><p class="totop"><a href="#summary">back to summary</a></p>
<h3 id="m30">testCases.TimeApprovalTest#reportWrapUp</h3><table class="result"><tr class="param"><th>Parameter #1</th><th>Parameter #2</th></tr><tr class="param stripe"><td>[TestResult name={null} status=CREATED method=TimeApprovalTest.ValidationCheck()[pri:1, instance:testCases.TimeApprovalTest@1d9b7cce] output={null}]</td><td>public void testCases.TimeApprovalTest.ValidationCheck()</td></tr><tr><th colspan="2">Exception</th></tr><tr><td colspan="2"><div class="stacktrace">java.lang.NullPointerException: Cannot invoke &quot;org.openqa.selenium.TakesScreenshot.getScreenshotAs(org.openqa.selenium.OutputType)&quot; because &quot;this.driver&quot; is null
	at utils.WebTestBase.reportWrapUp(WebTestBase.java:70)
	at java.base/java.util.ArrayList.forEach(ArrayList.java:1511)
... Removed 31 stack frames</div></td></tr></table><p class="totop"><a href="#summary">back to summary</a></p>
<h3 id="m31">testCases.TimeApprovalTest#reportWrapUp</h3><table class="result"><tr class="param"><th>Parameter #1</th><th>Parameter #2</th></tr><tr class="param stripe"><td>[TestResult name={null} status=CREATED method=TimeApprovalTest.ValidateTimeSheetRejectionFunctionality()[pri:2, instance:testCases.TimeApprovalTest@1d9b7cce] output={null}]</td><td>public void testCases.TimeApprovalTest.ValidateTimeSheetRejectionFunctionality() throws java.awt.AWTException</td></tr><tr><th colspan="2">Exception</th></tr><tr><td colspan="2"><div class="stacktrace">java.lang.NullPointerException: Cannot invoke &quot;org.openqa.selenium.TakesScreenshot.getScreenshotAs(org.openqa.selenium.OutputType)&quot; because &quot;this.driver&quot; is null
	at utils.WebTestBase.reportWrapUp(WebTestBase.java:70)
	at java.base/java.util.ArrayList.forEach(ArrayList.java:1511)
... Removed 31 stack frames</div></td></tr></table><p class="totop"><a href="#summary">back to summary</a></p>
<h3 id="m32">testCases.TimeApprovalTest#reportWrapUp</h3><table class="result"><tr class="param"><th>Parameter #1</th><th>Parameter #2</th></tr><tr class="param stripe"><td>[TestResult name={null} status=CREATED method=TimeApprovalTest.ValidateTimeSheetApproveFunctionality()[pri:3, instance:testCases.TimeApprovalTest@1d9b7cce] output={null}]</td><td>public void testCases.TimeApprovalTest.ValidateTimeSheetApproveFunctionality() throws java.awt.AWTException</td></tr><tr><th colspan="2">Exception</th></tr><tr><td colspan="2"><div class="stacktrace">java.lang.NullPointerException: Cannot invoke &quot;org.openqa.selenium.TakesScreenshot.getScreenshotAs(org.openqa.selenium.OutputType)&quot; because &quot;this.driver&quot; is null
	at utils.WebTestBase.reportWrapUp(WebTestBase.java:70)
	at java.base/java.util.ArrayList.forEach(ArrayList.java:1511)
... Removed 31 stack frames</div></td></tr></table><p class="totop"><a href="#summary">back to summary</a></p>
<h3 id="m33">testCases.TimeApprovalTest#setUp</h3><table class="result"><tr><th>Exception</th></tr><tr><td><div class="stacktrace">java.lang.IllegalStateException: The driver executable does not exist: C:\Users\aanand\git\TalygenTimeTracking\TalygenTimeTracking\chromedriver.exe
	at com.google.common.base.Preconditions.checkState(Preconditions.java:585)
	at org.openqa.selenium.remote.service.DriverService.checkExecutable(DriverService.java:146)
	at org.openqa.selenium.remote.service.DriverService.findExecutable(DriverService.java:141)
	at org.openqa.selenium.chrome.ChromeDriverService.access$000(ChromeDriverService.java:35)
	at org.openqa.selenium.chrome.ChromeDriverService$Builder.findDefaultExecutable(ChromeDriverService.java:159)
	at org.openqa.selenium.remote.service.DriverService$Builder.build(DriverService.java:355)
	at org.openqa.selenium.chrome.ChromeDriverService.createDefaultService(ChromeDriverService.java:94)
	at org.openqa.selenium.chrome.ChromeDriver.&lt;init&gt;(ChromeDriver.java:157)
	at utils.Drivers.getWebDriver(Drivers.java:59)
	at utils.WebTestBase.setUp(WebTestBase.java:51)
	at java.base/java.util.ArrayList.forEach(ArrayList.java:1511)
... Removed 25 stack frames</div></td></tr></table><p class="totop"><a href="#summary">back to summary</a></p>
<h3 id="m34">testCases.TimeReportTest#closeBrowser</h3><table class="result"><tr><th>Exception</th></tr><tr><td><div class="stacktrace">java.lang.NullPointerException: Cannot invoke &quot;org.openqa.selenium.WebDriver.quit()&quot; because &quot;this.driver&quot; is null
	at utils.WebTestBase.closeBrowser(WebTestBase.java:86)
	at java.base/java.util.ArrayList.forEach(ArrayList.java:1511)
... Removed 25 stack frames</div></td></tr></table><p class="totop"><a href="#summary">back to summary</a></p>
<h3 id="m35">testCases.TimeReportTest#reportWrapUp</h3><table class="result"><tr class="param"><th>Parameter #1</th><th>Parameter #2</th></tr><tr class="param stripe"><td>[TestResult name={null} status=CREATED method=TimeReportTest.ValidationOfHalfYearlyProjectReportwithDepartmentName()[pri:15, instance:testCases.TimeReportTest@7334aada] output={null}]</td><td>public void testCases.TimeReportTest.ValidationOfHalfYearlyProjectReportwithDepartmentName()</td></tr><tr><th colspan="2">Exception</th></tr><tr><td colspan="2"><div class="stacktrace">java.lang.NullPointerException: Cannot invoke &quot;org.openqa.selenium.TakesScreenshot.getScreenshotAs(org.openqa.selenium.OutputType)&quot; because &quot;this.driver&quot; is null
	at utils.WebTestBase.reportWrapUp(WebTestBase.java:70)
	at java.base/java.util.ArrayList.forEach(ArrayList.java:1511)
... Removed 31 stack frames</div></td></tr></table><p class="totop"><a href="#summary">back to summary</a></p>
<h3 id="m36">testCases.TimeReportTest#reportWrapUp</h3><table class="result"><tr class="param"><th>Parameter #1</th><th>Parameter #2</th></tr><tr class="param stripe"><td>[TestResult name={null} status=CREATED method=TimeReportTest.ValidationOfHalfYearlyProjectReportwithUserName()[pri:14, instance:testCases.TimeReportTest@7334aada] output={null}]</td><td>public void testCases.TimeReportTest.ValidationOfHalfYearlyProjectReportwithUserName()</td></tr><tr><th colspan="2">Exception</th></tr><tr><td colspan="2"><div class="stacktrace">java.lang.NullPointerException: Cannot invoke &quot;org.openqa.selenium.TakesScreenshot.getScreenshotAs(org.openqa.selenium.OutputType)&quot; because &quot;this.driver&quot; is null
	at utils.WebTestBase.reportWrapUp(WebTestBase.java:70)
	at java.base/java.util.ArrayList.forEach(ArrayList.java:1511)
... Removed 32 stack frames</div></td></tr></table><p class="totop"><a href="#summary">back to summary</a></p>
<h3 id="m37">testCases.TimeReportTest#reportWrapUp</h3><table class="result"><tr class="param"><th>Parameter #1</th><th>Parameter #2</th></tr><tr class="param stripe"><td>[TestResult name={null} status=CREATED method=TimeReportTest.ValidationOfProjectReportWithPriojectname()[pri:23, instance:testCases.TimeReportTest@7334aada] output={null}]</td><td>public void testCases.TimeReportTest.ValidationOfProjectReportWithPriojectname()</td></tr><tr><th colspan="2">Exception</th></tr><tr><td colspan="2"><div class="stacktrace">java.lang.NullPointerException: Cannot invoke &quot;org.openqa.selenium.TakesScreenshot.getScreenshotAs(org.openqa.selenium.OutputType)&quot; because &quot;this.driver&quot; is null
	at utils.WebTestBase.reportWrapUp(WebTestBase.java:70)
	at java.base/java.util.ArrayList.forEach(ArrayList.java:1511)
... Removed 31 stack frames</div></td></tr></table><p class="totop"><a href="#summary">back to summary</a></p>
<h3 id="m38">testCases.TimeReportTest#reportWrapUp</h3><table class="result"><tr class="param"><th>Parameter #1</th><th>Parameter #2</th></tr><tr class="param stripe"><td>[TestResult name={null} status=CREATED method=TimeReportTest.ValidationOfOneWeekProjectReportWithUserName()[pri:5, instance:testCases.TimeReportTest@7334aada] output={null}]</td><td>public void testCases.TimeReportTest.ValidationOfOneWeekProjectReportWithUserName()</td></tr><tr><th colspan="2">Exception</th></tr><tr><td colspan="2"><div class="stacktrace">java.lang.NullPointerException: Cannot invoke &quot;org.openqa.selenium.TakesScreenshot.getScreenshotAs(org.openqa.selenium.OutputType)&quot; because &quot;this.driver&quot; is null
	at utils.WebTestBase.reportWrapUp(WebTestBase.java:70)
	at java.base/java.util.ArrayList.forEach(ArrayList.java:1511)
... Removed 32 stack frames</div></td></tr></table><p class="totop"><a href="#summary">back to summary</a></p>
<h3 id="m39">testCases.TimeReportTest#reportWrapUp</h3><table class="result"><tr class="param"><th>Parameter #1</th><th>Parameter #2</th></tr><tr class="param stripe"><td>[TestResult name={null} status=CREATED method=TimeReportTest.ValidationOneMonthProjectReportWithProjectName()[pri:4, instance:testCases.TimeReportTest@7334aada] output={null}]</td><td>public void testCases.TimeReportTest.ValidationOneMonthProjectReportWithProjectName()</td></tr><tr><th colspan="2">Exception</th></tr><tr><td colspan="2"><div class="stacktrace">java.lang.NullPointerException: Cannot invoke &quot;org.openqa.selenium.TakesScreenshot.getScreenshotAs(org.openqa.selenium.OutputType)&quot; because &quot;this.driver&quot; is null
	at utils.WebTestBase.reportWrapUp(WebTestBase.java:70)
	at java.base/java.util.ArrayList.forEach(ArrayList.java:1511)
... Removed 32 stack frames</div></td></tr></table><p class="totop"><a href="#summary">back to summary</a></p>
<h3 id="m40">testCases.TimeReportTest#reportWrapUp</h3><table class="result"><tr class="param"><th>Parameter #1</th><th>Parameter #2</th></tr><tr class="param stripe"><td>[TestResult name={null} status=CREATED method=TimeReportTest.ValidationOfentryWiseReportwithProjectName()[pri:12, instance:testCases.TimeReportTest@7334aada] output={null}]</td><td>public void testCases.TimeReportTest.ValidationOfentryWiseReportwithProjectName()</td></tr><tr><th colspan="2">Exception</th></tr><tr><td colspan="2"><div class="stacktrace">java.lang.NullPointerException: Cannot invoke &quot;org.openqa.selenium.TakesScreenshot.getScreenshotAs(org.openqa.selenium.OutputType)&quot; because &quot;this.driver&quot; is null
	at utils.WebTestBase.reportWrapUp(WebTestBase.java:70)
	at java.base/java.util.ArrayList.forEach(ArrayList.java:1511)
... Removed 32 stack frames</div></td></tr></table><p class="totop"><a href="#summary">back to summary</a></p>
<h3 id="m41">testCases.TimeReportTest#reportWrapUp</h3><table class="result"><tr class="param"><th>Parameter #1</th><th>Parameter #2</th></tr><tr class="param stripe"><td>[TestResult name={null} status=CREATED method=TimeReportTest.ValidationOfTrackEnrtyDetailsReportWithDepartmentname()[pri:29, instance:testCases.TimeReportTest@7334aada] output={null}]</td><td>public void testCases.TimeReportTest.ValidationOfTrackEnrtyDetailsReportWithDepartmentname()</td></tr><tr><th colspan="2">Exception</th></tr><tr><td colspan="2"><div class="stacktrace">java.lang.NullPointerException: Cannot invoke &quot;org.openqa.selenium.TakesScreenshot.getScreenshotAs(org.openqa.selenium.OutputType)&quot; because &quot;this.driver&quot; is null
	at utils.WebTestBase.reportWrapUp(WebTestBase.java:70)
	at java.base/java.util.ArrayList.forEach(ArrayList.java:1511)
... Removed 31 stack frames</div></td></tr></table><p class="totop"><a href="#summary">back to summary</a></p>
<h3 id="m42">testCases.TimeReportTest#reportWrapUp</h3><table class="result"><tr class="param"><th>Parameter #1</th><th>Parameter #2</th></tr><tr class="param stripe"><td>[TestResult name={null} status=CREATED method=TimeReportTest.ValidationOfProjectReportWithUsername()[pri:22, instance:testCases.TimeReportTest@7334aada] output={null}]</td><td>public void testCases.TimeReportTest.ValidationOfProjectReportWithUsername()</td></tr><tr><th colspan="2">Exception</th></tr><tr><td colspan="2"><div class="stacktrace">java.lang.NullPointerException: Cannot invoke &quot;org.openqa.selenium.TakesScreenshot.getScreenshotAs(org.openqa.selenium.OutputType)&quot; because &quot;this.driver&quot; is null
	at utils.WebTestBase.reportWrapUp(WebTestBase.java:70)
	at java.base/java.util.ArrayList.forEach(ArrayList.java:1511)
... Removed 31 stack frames</div></td></tr></table><p class="totop"><a href="#summary">back to summary</a></p>
<h3 id="m43">testCases.TimeReportTest#reportWrapUp</h3><table class="result"><tr class="param"><th>Parameter #1</th><th>Parameter #2</th></tr><tr class="param stripe"><td>[TestResult name={null} status=CREATED method=TimeReportTest.ValidationOfTrackEnrtyDetailsReportWithProjectName()[pri:28, instance:testCases.TimeReportTest@7334aada] output={null}]</td><td>public void testCases.TimeReportTest.ValidationOfTrackEnrtyDetailsReportWithProjectName()</td></tr><tr><th colspan="2">Exception</th></tr><tr><td colspan="2"><div class="stacktrace">java.lang.NullPointerException: Cannot invoke &quot;org.openqa.selenium.TakesScreenshot.getScreenshotAs(org.openqa.selenium.OutputType)&quot; because &quot;this.driver&quot; is null
	at utils.WebTestBase.reportWrapUp(WebTestBase.java:70)
	at java.base/java.util.ArrayList.forEach(ArrayList.java:1511)
... Removed 31 stack frames</div></td></tr></table><p class="totop"><a href="#summary">back to summary</a></p>
<h3 id="m44">testCases.TimeReportTest#reportWrapUp</h3><table class="result"><tr class="param"><th>Parameter #1</th><th>Parameter #2</th></tr><tr class="param stripe"><td>[TestResult name={null} status=CREATED method=TimeReportTest.ValidationOfProjectDetailsReportWithDepartmentname()[pri:21, instance:testCases.TimeReportTest@7334aada] output={null}]</td><td>public void testCases.TimeReportTest.ValidationOfProjectDetailsReportWithDepartmentname()</td></tr><tr><th colspan="2">Exception</th></tr><tr><td colspan="2"><div class="stacktrace">java.lang.NullPointerException: Cannot invoke &quot;org.openqa.selenium.TakesScreenshot.getScreenshotAs(org.openqa.selenium.OutputType)&quot; because &quot;this.driver&quot; is null
	at utils.WebTestBase.reportWrapUp(WebTestBase.java:70)
	at java.base/java.util.ArrayList.forEach(ArrayList.java:1511)
... Removed 31 stack frames</div></td></tr></table><p class="totop"><a href="#summary">back to summary</a></p>
<h3 id="m45">testCases.TimeReportTest#reportWrapUp</h3><table class="result"><tr class="param"><th>Parameter #1</th><th>Parameter #2</th></tr><tr class="param stripe"><td>[TestResult name={null} status=CREATED method=TimeReportTest.ValidationOfUserReportWithDepartmentname()[pri:34, instance:testCases.TimeReportTest@7334aada] output={null}]</td><td>public void testCases.TimeReportTest.ValidationOfUserReportWithDepartmentname()</td></tr><tr><th colspan="2">Exception</th></tr><tr><td colspan="2"><div class="stacktrace">java.lang.NullPointerException: Cannot invoke &quot;org.openqa.selenium.TakesScreenshot.getScreenshotAs(org.openqa.selenium.OutputType)&quot; because &quot;this.driver&quot; is null
	at utils.WebTestBase.reportWrapUp(WebTestBase.java:70)
	at java.base/java.util.ArrayList.forEach(ArrayList.java:1511)
... Removed 31 stack frames</div></td></tr></table><p class="totop"><a href="#summary">back to summary</a></p>
<h3 id="m46">testCases.TimeReportTest#reportWrapUp</h3><table class="result"><tr class="param"><th>Parameter #1</th><th>Parameter #2</th></tr><tr class="param stripe"><td>[TestResult name={null} status=CREATED method=TimeReportTest.ValidationOfUserReportWithusername()[pri:32, instance:testCases.TimeReportTest@7334aada] output={null}]</td><td>public void testCases.TimeReportTest.ValidationOfUserReportWithusername()</td></tr><tr><th colspan="2">Exception</th></tr><tr><td colspan="2"><div class="stacktrace">java.lang.NullPointerException: Cannot invoke &quot;org.openqa.selenium.TakesScreenshot.getScreenshotAs(org.openqa.selenium.OutputType)&quot; because &quot;this.driver&quot; is null
	at utils.WebTestBase.reportWrapUp(WebTestBase.java:70)
	at java.base/java.util.ArrayList.forEach(ArrayList.java:1511)
... Removed 31 stack frames</div></td></tr></table><p class="totop"><a href="#summary">back to summary</a></p>
<h3 id="m47">testCases.TimeReportTest#reportWrapUp</h3><table class="result"><tr class="param"><th>Parameter #1</th><th>Parameter #2</th></tr><tr class="param stripe"><td>[TestResult name={null} status=CREATED method=TimeReportTest.ValidationOneMonthProjectReportWithUserName()[pri:2, instance:testCases.TimeReportTest@7334aada] output={null}]</td><td>public void testCases.TimeReportTest.ValidationOneMonthProjectReportWithUserName()</td></tr><tr><th colspan="2">Exception</th></tr><tr><td colspan="2"><div class="stacktrace">java.lang.NullPointerException: Cannot invoke &quot;org.openqa.selenium.TakesScreenshot.getScreenshotAs(org.openqa.selenium.OutputType)&quot; because &quot;this.driver&quot; is null
	at utils.WebTestBase.reportWrapUp(WebTestBase.java:70)
	at java.base/java.util.ArrayList.forEach(ArrayList.java:1511)
... Removed 32 stack frames</div></td></tr></table><p class="totop"><a href="#summary">back to summary</a></p>
<h3 id="m48">testCases.TimeReportTest#reportWrapUp</h3><table class="result"><tr class="param"><th>Parameter #1</th><th>Parameter #2</th></tr><tr class="param stripe"><td>[TestResult name={null} status=CREATED method=TimeReportTest.ValidationOfClientReportWithProjectName()[pri:9, instance:testCases.TimeReportTest@7334aada] output={null}]</td><td>public void testCases.TimeReportTest.ValidationOfClientReportWithProjectName()</td></tr><tr><th colspan="2">Exception</th></tr><tr><td colspan="2"><div class="stacktrace">java.lang.NullPointerException: Cannot invoke &quot;org.openqa.selenium.TakesScreenshot.getScreenshotAs(org.openqa.selenium.OutputType)&quot; because &quot;this.driver&quot; is null
	at utils.WebTestBase.reportWrapUp(WebTestBase.java:70)
	at java.base/java.util.ArrayList.forEach(ArrayList.java:1511)
... Removed 32 stack frames</div></td></tr></table><p class="totop"><a href="#summary">back to summary</a></p>
<h3 id="m49">testCases.TimeReportTest#reportWrapUp</h3><table class="result"><tr class="param"><th>Parameter #1</th><th>Parameter #2</th></tr><tr class="param stripe"><td>[TestResult name={null} status=CREATED method=TimeReportTest.ValidationOfProjectReportWithDepartnamename()[pri:24, instance:testCases.TimeReportTest@7334aada] output={null}]</td><td>public void testCases.TimeReportTest.ValidationOfProjectReportWithDepartnamename()</td></tr><tr><th colspan="2">Exception</th></tr><tr><td colspan="2"><div class="stacktrace">java.lang.NullPointerException: Cannot invoke &quot;org.openqa.selenium.TakesScreenshot.getScreenshotAs(org.openqa.selenium.OutputType)&quot; because &quot;this.driver&quot; is null
	at utils.WebTestBase.reportWrapUp(WebTestBase.java:70)
	at java.base/java.util.ArrayList.forEach(ArrayList.java:1511)
... Removed 31 stack frames</div></td></tr></table><p class="totop"><a href="#summary">back to summary</a></p>
<h3 id="m50">testCases.TimeReportTest#reportWrapUp</h3><table class="result"><tr class="param"><th>Parameter #1</th><th>Parameter #2</th></tr><tr class="param stripe"><td>[TestResult name={null} status=CREATED method=TimeReportTest.ValidationOfentryWiseReportwithDepartmentName()[pri:13, instance:testCases.TimeReportTest@7334aada] output={null}]</td><td>public void testCases.TimeReportTest.ValidationOfentryWiseReportwithDepartmentName()</td></tr><tr><th colspan="2">Exception</th></tr><tr><td colspan="2"><div class="stacktrace">java.lang.NullPointerException: Cannot invoke &quot;org.openqa.selenium.TakesScreenshot.getScreenshotAs(org.openqa.selenium.OutputType)&quot; because &quot;this.driver&quot; is null
	at utils.WebTestBase.reportWrapUp(WebTestBase.java:70)
	at java.base/java.util.ArrayList.forEach(ArrayList.java:1511)
... Removed 32 stack frames</div></td></tr></table><p class="totop"><a href="#summary">back to summary</a></p>
<h3 id="m51">testCases.TimeReportTest#reportWrapUp</h3><table class="result"><tr class="param"><th>Parameter #1</th><th>Parameter #2</th></tr><tr class="param stripe"><td>[TestResult name={null} status=CREATED method=TimeReportTest.ValidationOfprofitabilityProjectReportwithchannelName()[pri:18, instance:testCases.TimeReportTest@7334aada] output={null}]</td><td>public void testCases.TimeReportTest.ValidationOfprofitabilityProjectReportwithchannelName()</td></tr><tr><th colspan="2">Exception</th></tr><tr><td colspan="2"><div class="stacktrace">java.lang.NullPointerException: Cannot invoke &quot;org.openqa.selenium.TakesScreenshot.getScreenshotAs(org.openqa.selenium.OutputType)&quot; because &quot;this.driver&quot; is null
	at utils.WebTestBase.reportWrapUp(WebTestBase.java:70)
	at java.base/java.util.ArrayList.forEach(ArrayList.java:1511)
... Removed 31 stack frames</div></td></tr></table><p class="totop"><a href="#summary">back to summary</a></p>
<h3 id="m52">testCases.TimeReportTest#reportWrapUp</h3><table class="result"><tr class="param"><th>Parameter #1</th><th>Parameter #2</th></tr><tr class="param stripe"><td>[TestResult name={null} status=CREATED method=TimeReportTest.ValidationOfProjectDetailsReportWithUsername()[pri:19, instance:testCases.TimeReportTest@7334aada] output={null}]</td><td>public void testCases.TimeReportTest.ValidationOfProjectDetailsReportWithUsername()</td></tr><tr><th colspan="2">Exception</th></tr><tr><td colspan="2"><div class="stacktrace">java.lang.NullPointerException: Cannot invoke &quot;org.openqa.selenium.TakesScreenshot.getScreenshotAs(org.openqa.selenium.OutputType)&quot; because &quot;this.driver&quot; is null
	at utils.WebTestBase.reportWrapUp(WebTestBase.java:70)
	at java.base/java.util.ArrayList.forEach(ArrayList.java:1511)
... Removed 31 stack frames</div></td></tr></table><p class="totop"><a href="#summary">back to summary</a></p>
<h3 id="m53">testCases.TimeReportTest#reportWrapUp</h3><table class="result"><tr class="param"><th>Parameter #1</th><th>Parameter #2</th></tr><tr class="param stripe"><td>[TestResult name={null} status=CREATED method=TimeReportTest.ValidationOfTimeSheetReportWithProjectname()[pri:31, instance:testCases.TimeReportTest@7334aada] output={null}]</td><td>public void testCases.TimeReportTest.ValidationOfTimeSheetReportWithProjectname()</td></tr><tr><th colspan="2">Exception</th></tr><tr><td colspan="2"><div class="stacktrace">java.lang.NullPointerException: Cannot invoke &quot;org.openqa.selenium.TakesScreenshot.getScreenshotAs(org.openqa.selenium.OutputType)&quot; because &quot;this.driver&quot; is null
	at utils.WebTestBase.reportWrapUp(WebTestBase.java:70)
	at java.base/java.util.ArrayList.forEach(ArrayList.java:1511)
... Removed 31 stack frames</div></td></tr></table><p class="totop"><a href="#summary">back to summary</a></p>
<h3 id="m54">testCases.TimeReportTest#reportWrapUp</h3><table class="result"><tr class="param"><th>Parameter #1</th><th>Parameter #2</th></tr><tr class="param stripe"><td>[TestResult name={null} status=CREATED method=TimeReportTest.ValidationOfUserWiseReportWithUserName()[pri:35, instance:testCases.TimeReportTest@7334aada] output={null}]</td><td>public void testCases.TimeReportTest.ValidationOfUserWiseReportWithUserName()</td></tr><tr><th colspan="2">Exception</th></tr><tr><td colspan="2"><div class="stacktrace">java.lang.NullPointerException: Cannot invoke &quot;org.openqa.selenium.TakesScreenshot.getScreenshotAs(org.openqa.selenium.OutputType)&quot; because &quot;this.driver&quot; is null
	at utils.WebTestBase.reportWrapUp(WebTestBase.java:70)
	at java.base/java.util.ArrayList.forEach(ArrayList.java:1511)
... Removed 31 stack frames</div></td></tr></table><p class="totop"><a href="#summary">back to summary</a></p>
<h3 id="m55">testCases.TimeReportTest#reportWrapUp</h3><table class="result"><tr class="param"><th>Parameter #1</th><th>Parameter #2</th></tr><tr class="param stripe"><td>[TestResult name={null} status=CREATED method=TimeReportTest.ValidationOfTimeSheetReportWithUsername()[pri:30, instance:testCases.TimeReportTest@7334aada] output={null}]</td><td>public void testCases.TimeReportTest.ValidationOfTimeSheetReportWithUsername()</td></tr><tr><th colspan="2">Exception</th></tr><tr><td colspan="2"><div class="stacktrace">java.lang.NullPointerException: Cannot invoke &quot;org.openqa.selenium.TakesScreenshot.getScreenshotAs(org.openqa.selenium.OutputType)&quot; because &quot;this.driver&quot; is null
	at utils.WebTestBase.reportWrapUp(WebTestBase.java:70)
	at java.base/java.util.ArrayList.forEach(ArrayList.java:1511)
... Removed 31 stack frames</div></td></tr></table><p class="totop"><a href="#summary">back to summary</a></p>
<h3 id="m56">testCases.TimeReportTest#reportWrapUp</h3><table class="result"><tr class="param"><th>Parameter #1</th><th>Parameter #2</th></tr><tr class="param stripe"><td>[TestResult name={null} status=CREATED method=TimeReportTest.ValidationOneMonthProjectReportWithDepartmentName()[pri:3, instance:testCases.TimeReportTest@7334aada] output={null}]</td><td>public void testCases.TimeReportTest.ValidationOneMonthProjectReportWithDepartmentName()</td></tr><tr><th colspan="2">Exception</th></tr><tr><td colspan="2"><div class="stacktrace">java.lang.NullPointerException: Cannot invoke &quot;org.openqa.selenium.TakesScreenshot.getScreenshotAs(org.openqa.selenium.OutputType)&quot; because &quot;this.driver&quot; is null
	at utils.WebTestBase.reportWrapUp(WebTestBase.java:70)
	at java.base/java.util.ArrayList.forEach(ArrayList.java:1511)
... Removed 32 stack frames</div></td></tr></table><p class="totop"><a href="#summary">back to summary</a></p>
<h3 id="m57">testCases.TimeReportTest#reportWrapUp</h3><table class="result"><tr class="param"><th>Parameter #1</th><th>Parameter #2</th></tr><tr class="param stripe"><td>[TestResult name={null} status=CREATED method=TimeReportTest.ValidationCheck()[pri:1, instance:testCases.TimeReportTest@7334aada] output={null}]</td><td>public void testCases.TimeReportTest.ValidationCheck()</td></tr><tr><th colspan="2">Exception</th></tr><tr><td colspan="2"><div class="stacktrace">java.lang.NullPointerException: Cannot invoke &quot;org.openqa.selenium.TakesScreenshot.getScreenshotAs(org.openqa.selenium.OutputType)&quot; because &quot;this.driver&quot; is null
	at utils.WebTestBase.reportWrapUp(WebTestBase.java:70)
	at java.base/java.util.ArrayList.forEach(ArrayList.java:1511)
... Removed 32 stack frames</div></td></tr></table><p class="totop"><a href="#summary">back to summary</a></p>
<h3 id="m58">testCases.TimeReportTest#reportWrapUp</h3><table class="result"><tr class="param"><th>Parameter #1</th><th>Parameter #2</th></tr><tr class="param stripe"><td>[TestResult name={null} status=CREATED method=TimeReportTest.ValidationOfTrackEnrtyDetailsReportWithUserName()[pri:27, instance:testCases.TimeReportTest@7334aada] output={null}]</td><td>public void testCases.TimeReportTest.ValidationOfTrackEnrtyDetailsReportWithUserName()</td></tr><tr><th colspan="2">Exception</th></tr><tr><td colspan="2"><div class="stacktrace">java.lang.NullPointerException: Cannot invoke &quot;org.openqa.selenium.TakesScreenshot.getScreenshotAs(org.openqa.selenium.OutputType)&quot; because &quot;this.driver&quot; is null
	at utils.WebTestBase.reportWrapUp(WebTestBase.java:70)
	at java.base/java.util.ArrayList.forEach(ArrayList.java:1511)
... Removed 31 stack frames</div></td></tr></table><p class="totop"><a href="#summary">back to summary</a></p>
<h3 id="m59">testCases.TimeReportTest#reportWrapUp</h3><table class="result"><tr class="param"><th>Parameter #1</th><th>Parameter #2</th></tr><tr class="param stripe"><td>[TestResult name={null} status=CREATED method=TimeReportTest.ValidationOfOneWeekProjectReportWithDepartmentName()[pri:6, instance:testCases.TimeReportTest@7334aada] output={null}]</td><td>public void testCases.TimeReportTest.ValidationOfOneWeekProjectReportWithDepartmentName()</td></tr><tr><th colspan="2">Exception</th></tr><tr><td colspan="2"><div class="stacktrace">java.lang.NullPointerException: Cannot invoke &quot;org.openqa.selenium.TakesScreenshot.getScreenshotAs(org.openqa.selenium.OutputType)&quot; because &quot;this.driver&quot; is null
	at utils.WebTestBase.reportWrapUp(WebTestBase.java:70)
	at java.base/java.util.ArrayList.forEach(ArrayList.java:1511)
... Removed 32 stack frames</div></td></tr></table><p class="totop"><a href="#summary">back to summary</a></p>
<h3 id="m60">testCases.TimeReportTest#reportWrapUp</h3><table class="result"><tr class="param"><th>Parameter #1</th><th>Parameter #2</th></tr><tr class="param stripe"><td>[TestResult name={null} status=CREATED method=TimeReportTest.ValidationOfUserReportWithProjectname()[pri:33, instance:testCases.TimeReportTest@7334aada] output={null}]</td><td>public void testCases.TimeReportTest.ValidationOfUserReportWithProjectname()</td></tr><tr><th colspan="2">Exception</th></tr><tr><td colspan="2"><div class="stacktrace">java.lang.NullPointerException: Cannot invoke &quot;org.openqa.selenium.TakesScreenshot.getScreenshotAs(org.openqa.selenium.OutputType)&quot; because &quot;this.driver&quot; is null
	at utils.WebTestBase.reportWrapUp(WebTestBase.java:70)
	at java.base/java.util.ArrayList.forEach(ArrayList.java:1511)
... Removed 31 stack frames</div></td></tr></table><p class="totop"><a href="#summary">back to summary</a></p>
<h3 id="m61">testCases.TimeReportTest#reportWrapUp</h3><table class="result"><tr class="param"><th>Parameter #1</th><th>Parameter #2</th></tr><tr class="param stripe"><td>[TestResult name={null} status=CREATED method=TimeReportTest.ValidationOfProjectwiseReportWithTeamMemeber()[pri:25, instance:testCases.TimeReportTest@7334aada] output={null}]</td><td>public void testCases.TimeReportTest.ValidationOfProjectwiseReportWithTeamMemeber()</td></tr><tr><th colspan="2">Exception</th></tr><tr><td colspan="2"><div class="stacktrace">java.lang.NullPointerException: Cannot invoke &quot;org.openqa.selenium.TakesScreenshot.getScreenshotAs(org.openqa.selenium.OutputType)&quot; because &quot;this.driver&quot; is null
	at utils.WebTestBase.reportWrapUp(WebTestBase.java:70)
	at java.base/java.util.ArrayList.forEach(ArrayList.java:1511)
... Removed 31 stack frames</div></td></tr></table><p class="totop"><a href="#summary">back to summary</a></p>
<h3 id="m62">testCases.TimeReportTest#reportWrapUp</h3><table class="result"><tr class="param"><th>Parameter #1</th><th>Parameter #2</th></tr><tr class="param stripe"><td>[TestResult name={null} status=CREATED method=TimeReportTest.ValidationOfProjectwiseReportWithProjectName()[pri:26, instance:testCases.TimeReportTest@7334aada] output={null}]</td><td>public void testCases.TimeReportTest.ValidationOfProjectwiseReportWithProjectName()</td></tr><tr><th colspan="2">Exception</th></tr><tr><td colspan="2"><div class="stacktrace">java.lang.NullPointerException: Cannot invoke &quot;org.openqa.selenium.TakesScreenshot.getScreenshotAs(org.openqa.selenium.OutputType)&quot; because &quot;this.driver&quot; is null
	at utils.WebTestBase.reportWrapUp(WebTestBase.java:70)
	at java.base/java.util.ArrayList.forEach(ArrayList.java:1511)
... Removed 31 stack frames</div></td></tr></table><p class="totop"><a href="#summary">back to summary</a></p>
<h3 id="m63">testCases.TimeReportTest#reportWrapUp</h3><table class="result"><tr class="param"><th>Parameter #1</th><th>Parameter #2</th></tr><tr class="param stripe"><td>[TestResult name={null} status=CREATED method=TimeReportTest.ValidationOfHalfYearlyProjectReportwithProjectName()[pri:16, instance:testCases.TimeReportTest@7334aada] output={null}]</td><td>public void testCases.TimeReportTest.ValidationOfHalfYearlyProjectReportwithProjectName()</td></tr><tr><th colspan="2">Exception</th></tr><tr><td colspan="2"><div class="stacktrace">java.lang.NullPointerException: Cannot invoke &quot;org.openqa.selenium.TakesScreenshot.getScreenshotAs(org.openqa.selenium.OutputType)&quot; because &quot;this.driver&quot; is null
	at utils.WebTestBase.reportWrapUp(WebTestBase.java:70)
	at java.base/java.util.ArrayList.forEach(ArrayList.java:1511)
... Removed 31 stack frames</div></td></tr></table><p class="totop"><a href="#summary">back to summary</a></p>
<h3 id="m64">testCases.TimeReportTest#reportWrapUp</h3><table class="result"><tr class="param"><th>Parameter #1</th><th>Parameter #2</th></tr><tr class="param stripe"><td>[TestResult name={null} status=CREATED method=TimeReportTest.ValidationOfOneWeekProjectReportWithProjectName()[pri:7, instance:testCases.TimeReportTest@7334aada] output={null}]</td><td>public void testCases.TimeReportTest.ValidationOfOneWeekProjectReportWithProjectName()</td></tr><tr><th colspan="2">Exception</th></tr><tr><td colspan="2"><div class="stacktrace">java.lang.NullPointerException: Cannot invoke &quot;org.openqa.selenium.TakesScreenshot.getScreenshotAs(org.openqa.selenium.OutputType)&quot; because &quot;this.driver&quot; is null
	at utils.WebTestBase.reportWrapUp(WebTestBase.java:70)
	at java.base/java.util.ArrayList.forEach(ArrayList.java:1511)
... Removed 32 stack frames</div></td></tr></table><p class="totop"><a href="#summary">back to summary</a></p>
<h3 id="m65">testCases.TimeReportTest#reportWrapUp</h3><table class="result"><tr class="param"><th>Parameter #1</th><th>Parameter #2</th></tr><tr class="param stripe"><td>[TestResult name={null} status=CREATED method=TimeReportTest.ValidationOfProjectDetailsReportWithProjectname()[pri:20, instance:testCases.TimeReportTest@7334aada] output={null}]</td><td>public void testCases.TimeReportTest.ValidationOfProjectDetailsReportWithProjectname()</td></tr><tr><th colspan="2">Exception</th></tr><tr><td colspan="2"><div class="stacktrace">java.lang.NullPointerException: Cannot invoke &quot;org.openqa.selenium.TakesScreenshot.getScreenshotAs(org.openqa.selenium.OutputType)&quot; because &quot;this.driver&quot; is null
	at utils.WebTestBase.reportWrapUp(WebTestBase.java:70)
	at java.base/java.util.ArrayList.forEach(ArrayList.java:1511)
... Removed 31 stack frames</div></td></tr></table><p class="totop"><a href="#summary">back to summary</a></p>
<h3 id="m66">testCases.TimeReportTest#reportWrapUp</h3><table class="result"><tr class="param"><th>Parameter #1</th><th>Parameter #2</th></tr><tr class="param stripe"><td>[TestResult name={null} status=CREATED method=TimeReportTest.ValidationOfClientReportWithDepartmentName()[pri:10, instance:testCases.TimeReportTest@7334aada] output={null}]</td><td>public void testCases.TimeReportTest.ValidationOfClientReportWithDepartmentName()</td></tr><tr><th colspan="2">Exception</th></tr><tr><td colspan="2"><div class="stacktrace">java.lang.NullPointerException: Cannot invoke &quot;org.openqa.selenium.TakesScreenshot.getScreenshotAs(org.openqa.selenium.OutputType)&quot; because &quot;this.driver&quot; is null
	at utils.WebTestBase.reportWrapUp(WebTestBase.java:70)
	at java.base/java.util.ArrayList.forEach(ArrayList.java:1511)
... Removed 32 stack frames</div></td></tr></table><p class="totop"><a href="#summary">back to summary</a></p>
<h3 id="m67">testCases.TimeReportTest#reportWrapUp</h3><table class="result"><tr class="param"><th>Parameter #1</th><th>Parameter #2</th></tr><tr class="param stripe"><td>[TestResult name={null} status=CREATED method=TimeReportTest.ValidationOfUserWiseReportWithDepartmentName()[pri:37, instance:testCases.TimeReportTest@7334aada] output={null}]</td><td>public void testCases.TimeReportTest.ValidationOfUserWiseReportWithDepartmentName()</td></tr><tr><th colspan="2">Exception</th></tr><tr><td colspan="2"><div class="stacktrace">java.lang.NullPointerException: Cannot invoke &quot;org.openqa.selenium.TakesScreenshot.getScreenshotAs(org.openqa.selenium.OutputType)&quot; because &quot;this.driver&quot; is null
	at utils.WebTestBase.reportWrapUp(WebTestBase.java:70)
	at java.base/java.util.ArrayList.forEach(ArrayList.java:1511)
... Removed 31 stack frames</div></td></tr></table><p class="totop"><a href="#summary">back to summary</a></p>
<h3 id="m68">testCases.TimeReportTest#reportWrapUp</h3><table class="result"><tr class="param"><th>Parameter #1</th><th>Parameter #2</th></tr><tr class="param stripe"><td>[TestResult name={null} status=CREATED method=TimeReportTest.ValidationOfprofitabilityProjectReportwithProjectName()[pri:17, instance:testCases.TimeReportTest@7334aada] output={null}]</td><td>public void testCases.TimeReportTest.ValidationOfprofitabilityProjectReportwithProjectName()</td></tr><tr><th colspan="2">Exception</th></tr><tr><td colspan="2"><div class="stacktrace">java.lang.NullPointerException: Cannot invoke &quot;org.openqa.selenium.TakesScreenshot.getScreenshotAs(org.openqa.selenium.OutputType)&quot; because &quot;this.driver&quot; is null
	at utils.WebTestBase.reportWrapUp(WebTestBase.java:70)
	at java.base/java.util.ArrayList.forEach(ArrayList.java:1511)
... Removed 31 stack frames</div></td></tr></table><p class="totop"><a href="#summary">back to summary</a></p>
<h3 id="m69">testCases.TimeReportTest#reportWrapUp</h3><table class="result"><tr class="param"><th>Parameter #1</th><th>Parameter #2</th></tr><tr class="param stripe"><td>[TestResult name={null} status=CREATED method=TimeReportTest.ValidationOfClientReportWithUserName()[pri:8, instance:testCases.TimeReportTest@7334aada] output={null}]</td><td>public void testCases.TimeReportTest.ValidationOfClientReportWithUserName()</td></tr><tr><th colspan="2">Exception</th></tr><tr><td colspan="2"><div class="stacktrace">java.lang.NullPointerException: Cannot invoke &quot;org.openqa.selenium.TakesScreenshot.getScreenshotAs(org.openqa.selenium.OutputType)&quot; because &quot;this.driver&quot; is null
	at utils.WebTestBase.reportWrapUp(WebTestBase.java:70)
	at java.base/java.util.ArrayList.forEach(ArrayList.java:1511)
... Removed 32 stack frames</div></td></tr></table><p class="totop"><a href="#summary">back to summary</a></p>
<h3 id="m70">testCases.TimeReportTest#reportWrapUp</h3><table class="result"><tr class="param"><th>Parameter #1</th><th>Parameter #2</th></tr><tr class="param stripe"><td>[TestResult name={null} status=CREATED method=TimeReportTest.ValidationOfentryWiseReportwithUsername()[pri:11, instance:testCases.TimeReportTest@7334aada] output={null}]</td><td>public void testCases.TimeReportTest.ValidationOfentryWiseReportwithUsername()</td></tr><tr><th colspan="2">Exception</th></tr><tr><td colspan="2"><div class="stacktrace">java.lang.NullPointerException: Cannot invoke &quot;org.openqa.selenium.TakesScreenshot.getScreenshotAs(org.openqa.selenium.OutputType)&quot; because &quot;this.driver&quot; is null
	at utils.WebTestBase.reportWrapUp(WebTestBase.java:70)
	at java.base/java.util.ArrayList.forEach(ArrayList.java:1511)
... Removed 32 stack frames</div></td></tr></table><p class="totop"><a href="#summary">back to summary</a></p>
<h3 id="m71">testCases.TimeReportTest#reportWrapUp</h3><table class="result"><tr class="param"><th>Parameter #1</th><th>Parameter #2</th></tr><tr class="param stripe"><td>[TestResult name={null} status=CREATED method=TimeReportTest.ValidationOfUserWiseReportWithProjectName()[pri:36, instance:testCases.TimeReportTest@7334aada] output={null}]</td><td>public void testCases.TimeReportTest.ValidationOfUserWiseReportWithProjectName()</td></tr><tr><th colspan="2">Exception</th></tr><tr><td colspan="2"><div class="stacktrace">java.lang.NullPointerException: Cannot invoke &quot;org.openqa.selenium.TakesScreenshot.getScreenshotAs(org.openqa.selenium.OutputType)&quot; because &quot;this.driver&quot; is null
	at utils.WebTestBase.reportWrapUp(WebTestBase.java:70)
	at java.base/java.util.ArrayList.forEach(ArrayList.java:1511)
... Removed 31 stack frames</div></td></tr></table><p class="totop"><a href="#summary">back to summary</a></p>
<h3 id="m72">testCases.TimeReportTest#setUp</h3><table class="result"><tr><th>Exception</th></tr><tr><td><div class="stacktrace">java.lang.IllegalStateException: The driver executable does not exist: C:\Users\aanand\git\TalygenTimeTracking\TalygenTimeTracking\chromedriver.exe
	at com.google.common.base.Preconditions.checkState(Preconditions.java:585)
	at org.openqa.selenium.remote.service.DriverService.checkExecutable(DriverService.java:146)
	at org.openqa.selenium.remote.service.DriverService.findExecutable(DriverService.java:141)
	at org.openqa.selenium.chrome.ChromeDriverService.access$000(ChromeDriverService.java:35)
	at org.openqa.selenium.chrome.ChromeDriverService$Builder.findDefaultExecutable(ChromeDriverService.java:159)
	at org.openqa.selenium.remote.service.DriverService$Builder.build(DriverService.java:355)
	at org.openqa.selenium.chrome.ChromeDriverService.createDefaultService(ChromeDriverService.java:94)
	at org.openqa.selenium.chrome.ChromeDriver.&lt;init&gt;(ChromeDriver.java:157)
	at utils.Drivers.getWebDriver(Drivers.java:59)
	at utils.WebTestBase.setUp(WebTestBase.java:51)
	at java.base/java.util.ArrayList.forEach(ArrayList.java:1511)
... Removed 25 stack frames</div></td></tr></table><p class="totop"><a href="#summary">back to summary</a></p>
<h3 id="m73">testCases.TimeSheetTest#closeBrowser</h3><table class="result"><tr><th>Exception</th></tr><tr><td><div class="stacktrace">java.lang.NullPointerException: Cannot invoke &quot;org.openqa.selenium.WebDriver.quit()&quot; because &quot;this.driver&quot; is null
	at utils.WebTestBase.closeBrowser(WebTestBase.java:86)
	at java.base/java.util.ArrayList.forEach(ArrayList.java:1511)
... Removed 25 stack frames</div></td></tr></table><p class="totop"><a href="#summary">back to summary</a></p>
<h3 id="m74">testCases.TimeSheetTest#reportWrapUp</h3><table class="result"><tr class="param"><th>Parameter #1</th><th>Parameter #2</th></tr><tr class="param stripe"><td>[TestResult name={null} status=CREATED method=TimeSheetTest.validateSendForApproval()[pri:3, instance:testCases.TimeSheetTest@62150f9e] output={null}]</td><td>public void testCases.TimeSheetTest.validateSendForApproval() throws java.awt.AWTException</td></tr><tr><th colspan="2">Exception</th></tr><tr><td colspan="2"><div class="stacktrace">java.lang.NullPointerException: Cannot invoke &quot;org.openqa.selenium.TakesScreenshot.getScreenshotAs(org.openqa.selenium.OutputType)&quot; because &quot;this.driver&quot; is null
	at utils.WebTestBase.reportWrapUp(WebTestBase.java:70)
	at java.base/java.util.ArrayList.forEach(ArrayList.java:1511)
... Removed 31 stack frames</div></td></tr></table><p class="totop"><a href="#summary">back to summary</a></p>
<h3 id="m75">testCases.TimeSheetTest#reportWrapUp</h3><table class="result"><tr class="param"><th>Parameter #1</th><th>Parameter #2</th></tr><tr class="param stripe"><td>[TestResult name={null} status=CREATED method=TimeSheetTest.validatefunctionalityOfTimeSheet()[pri:2, instance:testCases.TimeSheetTest@62150f9e] output={null}]</td><td>public void testCases.TimeSheetTest.validatefunctionalityOfTimeSheet() throws java.awt.AWTException</td></tr><tr><th colspan="2">Exception</th></tr><tr><td colspan="2"><div class="stacktrace">java.lang.NullPointerException: Cannot invoke &quot;org.openqa.selenium.TakesScreenshot.getScreenshotAs(org.openqa.selenium.OutputType)&quot; because &quot;this.driver&quot; is null
	at utils.WebTestBase.reportWrapUp(WebTestBase.java:70)
	at java.base/java.util.ArrayList.forEach(ArrayList.java:1511)
... Removed 31 stack frames</div></td></tr></table><p class="totop"><a href="#summary">back to summary</a></p>
<h3 id="m76">testCases.TimeSheetTest#reportWrapUp</h3><table class="result"><tr class="param"><th>Parameter #1</th><th>Parameter #2</th></tr><tr class="param stripe"><td>[TestResult name={null} status=CREATED method=TimeSheetTest.ValidationCheck()[pri:1, instance:testCases.TimeSheetTest@62150f9e] output={null}]</td><td>public void testCases.TimeSheetTest.ValidationCheck()</td></tr><tr><th colspan="2">Exception</th></tr><tr><td colspan="2"><div class="stacktrace">java.lang.NullPointerException: Cannot invoke &quot;org.openqa.selenium.TakesScreenshot.getScreenshotAs(org.openqa.selenium.OutputType)&quot; because &quot;this.driver&quot; is null
	at utils.WebTestBase.reportWrapUp(WebTestBase.java:70)
	at java.base/java.util.ArrayList.forEach(ArrayList.java:1511)
... Removed 31 stack frames</div></td></tr></table><p class="totop"><a href="#summary">back to summary</a></p>
<h3 id="m77">testCases.TimeSheetTest#setUp</h3><table class="result"><tr><th>Exception</th></tr><tr><td><div class="stacktrace">java.lang.IllegalStateException: The driver executable does not exist: C:\Users\aanand\git\TalygenTimeTracking\TalygenTimeTracking\chromedriver.exe
	at com.google.common.base.Preconditions.checkState(Preconditions.java:585)
	at org.openqa.selenium.remote.service.DriverService.checkExecutable(DriverService.java:146)
	at org.openqa.selenium.remote.service.DriverService.findExecutable(DriverService.java:141)
	at org.openqa.selenium.chrome.ChromeDriverService.access$000(ChromeDriverService.java:35)
	at org.openqa.selenium.chrome.ChromeDriverService$Builder.findDefaultExecutable(ChromeDriverService.java:159)
	at org.openqa.selenium.remote.service.DriverService$Builder.build(DriverService.java:355)
	at org.openqa.selenium.chrome.ChromeDriverService.createDefaultService(ChromeDriverService.java:94)
	at org.openqa.selenium.chrome.ChromeDriver.&lt;init&gt;(ChromeDriver.java:157)
	at utils.Drivers.getWebDriver(Drivers.java:59)
	at utils.WebTestBase.setUp(WebTestBase.java:51)
	at java.base/java.util.ArrayList.forEach(ArrayList.java:1511)
... Removed 25 stack frames</div></td></tr></table><p class="totop"><a href="#summary">back to summary</a></p>
<h3 id="m78">testCases.TimeTrackForFlagTrackEntryTest#closeBrowser</h3><table class="result"><tr><th>Exception</th></tr><tr><td><div class="stacktrace">java.lang.NullPointerException: Cannot invoke &quot;org.openqa.selenium.WebDriver.quit()&quot; because &quot;this.driver&quot; is null
	at utils.WebTestBase.closeBrowser(WebTestBase.java:86)
	at java.base/java.util.ArrayList.forEach(ArrayList.java:1511)
... Removed 25 stack frames</div></td></tr></table><p class="totop"><a href="#summary">back to summary</a></p>
<h3 id="m79">testCases.TimeTrackForFlagTrackEntryTest#reportWrapUp</h3><table class="result"><tr class="param"><th>Parameter #1</th><th>Parameter #2</th></tr><tr class="param stripe"><td>[TestResult name={null} status=CREATED method=TimeTrackForFlagTrackEntryTest.startTimeTrack()[pri:2, instance:testCases.TimeTrackForFlagTrackEntryTest@14dd9eb7] output={null}]</td><td>public void testCases.TimeTrackForFlagTrackEntryTest.startTimeTrack()</td></tr><tr><th colspan="2">Exception</th></tr><tr><td colspan="2"><div class="stacktrace">java.lang.NullPointerException: Cannot invoke &quot;org.openqa.selenium.TakesScreenshot.getScreenshotAs(org.openqa.selenium.OutputType)&quot; because &quot;this.driver&quot; is null
	at utils.WebTestBase.reportWrapUp(WebTestBase.java:70)
	at java.base/java.util.ArrayList.forEach(ArrayList.java:1511)
... Removed 31 stack frames</div></td></tr></table><p class="totop"><a href="#summary">back to summary</a></p>
<h3 id="m80">testCases.TimeTrackForFlagTrackEntryTest#setUp</h3><table class="result"><tr><th>Exception</th></tr><tr><td><div class="stacktrace">java.lang.IllegalStateException: The driver executable does not exist: C:\Users\aanand\git\TalygenTimeTracking\TalygenTimeTracking\chromedriver.exe
	at com.google.common.base.Preconditions.checkState(Preconditions.java:585)
	at org.openqa.selenium.remote.service.DriverService.checkExecutable(DriverService.java:146)
	at org.openqa.selenium.remote.service.DriverService.findExecutable(DriverService.java:141)
	at org.openqa.selenium.chrome.ChromeDriverService.access$000(ChromeDriverService.java:35)
	at org.openqa.selenium.chrome.ChromeDriverService$Builder.findDefaultExecutable(ChromeDriverService.java:159)
	at org.openqa.selenium.remote.service.DriverService$Builder.build(DriverService.java:355)
	at org.openqa.selenium.chrome.ChromeDriverService.createDefaultService(ChromeDriverService.java:94)
	at org.openqa.selenium.chrome.ChromeDriver.&lt;init&gt;(ChromeDriver.java:157)
	at utils.Drivers.getWebDriver(Drivers.java:59)
	at utils.WebTestBase.setUp(WebTestBase.java:51)
	at java.base/java.util.ArrayList.forEach(ArrayList.java:1511)
... Removed 25 stack frames</div></td></tr></table><p class="totop"><a href="#summary">back to summary</a></p>
<h3 id="m81">testCases.TimeTrackTest#closeBrowser</h3><table class="result"><tr><th>Exception</th></tr><tr><td><div class="stacktrace">java.lang.NullPointerException: Cannot invoke &quot;org.openqa.selenium.WebDriver.quit()&quot; because &quot;this.driver&quot; is null
	at utils.WebTestBase.closeBrowser(WebTestBase.java:86)
	at java.base/java.util.ArrayList.forEach(ArrayList.java:1511)
... Removed 25 stack frames</div></td></tr></table><p class="totop"><a href="#summary">back to summary</a></p>
<h3 id="m82">testCases.TimeTrackTest#reportWrapUp</h3><table class="result"><tr class="param"><th>Parameter #1</th><th>Parameter #2</th></tr><tr class="param stripe"><td>[TestResult name={null} status=CREATED method=TimeTrackTest.validateAddTimeEntryManually()[pri:6, instance:testCases.TimeTrackTest@42e99e4a] output={null}]</td><td>public void testCases.TimeTrackTest.validateAddTimeEntryManually()</td></tr><tr><th colspan="2">Exception</th></tr><tr><td colspan="2"><div class="stacktrace">java.lang.NullPointerException: Cannot invoke &quot;org.openqa.selenium.TakesScreenshot.getScreenshotAs(org.openqa.selenium.OutputType)&quot; because &quot;this.driver&quot; is null
	at utils.WebTestBase.reportWrapUp(WebTestBase.java:70)
	at java.base/java.util.ArrayList.forEach(ArrayList.java:1511)
... Removed 31 stack frames</div></td></tr></table><p class="totop"><a href="#summary">back to summary</a></p>
<h3 id="m83">testCases.TimeTrackTest#reportWrapUp</h3><table class="result"><tr class="param"><th>Parameter #1</th><th>Parameter #2</th></tr><tr class="param stripe"><td>[TestResult name={null} status=CREATED method=TimeTrackTest.VerifyTimeTrackactivity()[pri:3, instance:testCases.TimeTrackTest@42e99e4a] output={null}]</td><td>public void testCases.TimeTrackTest.VerifyTimeTrackactivity()</td></tr><tr><th colspan="2">Exception</th></tr><tr><td colspan="2"><div class="stacktrace">java.lang.NullPointerException: Cannot invoke &quot;org.openqa.selenium.TakesScreenshot.getScreenshotAs(org.openqa.selenium.OutputType)&quot; because &quot;this.driver&quot; is null
	at utils.WebTestBase.reportWrapUp(WebTestBase.java:70)
	at java.base/java.util.ArrayList.forEach(ArrayList.java:1511)
... Removed 31 stack frames</div></td></tr></table><p class="totop"><a href="#summary">back to summary</a></p>
<h3 id="m84">testCases.TimeTrackTest#reportWrapUp</h3><table class="result"><tr class="param"><th>Parameter #1</th><th>Parameter #2</th></tr><tr class="param stripe"><td>[TestResult name={null} status=CREATED method=TimeTrackTest.VerifyclanderViewFunctionality()[pri:4, instance:testCases.TimeTrackTest@42e99e4a] output={null}]</td><td>public void testCases.TimeTrackTest.VerifyclanderViewFunctionality()</td></tr><tr><th colspan="2">Exception</th></tr><tr><td colspan="2"><div class="stacktrace">java.lang.NullPointerException: Cannot invoke &quot;org.openqa.selenium.TakesScreenshot.getScreenshotAs(org.openqa.selenium.OutputType)&quot; because &quot;this.driver&quot; is null
	at utils.WebTestBase.reportWrapUp(WebTestBase.java:70)
	at java.base/java.util.ArrayList.forEach(ArrayList.java:1511)
... Removed 31 stack frames</div></td></tr></table><p class="totop"><a href="#summary">back to summary</a></p>
<h3 id="m85">testCases.TimeTrackTest#reportWrapUp</h3><table class="result"><tr class="param"><th>Parameter #1</th><th>Parameter #2</th></tr><tr class="param stripe"><td>[TestResult name={null} status=CREATED method=TimeTrackTest.validatetimeEntryThroughFilter()[pri:5, instance:testCases.TimeTrackTest@42e99e4a] output={null}]</td><td>public void testCases.TimeTrackTest.validatetimeEntryThroughFilter()</td></tr><tr><th colspan="2">Exception</th></tr><tr><td colspan="2"><div class="stacktrace">java.lang.NullPointerException: Cannot invoke &quot;org.openqa.selenium.TakesScreenshot.getScreenshotAs(org.openqa.selenium.OutputType)&quot; because &quot;this.driver&quot; is null
	at utils.WebTestBase.reportWrapUp(WebTestBase.java:70)
	at java.base/java.util.ArrayList.forEach(ArrayList.java:1511)
... Removed 31 stack frames</div></td></tr></table><p class="totop"><a href="#summary">back to summary</a></p>
<h3 id="m86">testCases.TimeTrackTest#reportWrapUp</h3><table class="result"><tr class="param"><th>Parameter #1</th><th>Parameter #2</th></tr><tr class="param stripe"><td>[TestResult name={null} status=CREATED method=TimeTrackTest.startTimeTrack()[pri:2, instance:testCases.TimeTrackTest@42e99e4a] output={null}]</td><td>public void testCases.TimeTrackTest.startTimeTrack()</td></tr><tr><th colspan="2">Exception</th></tr><tr><td colspan="2"><div class="stacktrace">java.lang.NullPointerException: Cannot invoke &quot;org.openqa.selenium.TakesScreenshot.getScreenshotAs(org.openqa.selenium.OutputType)&quot; because &quot;this.driver&quot; is null
	at utils.WebTestBase.reportWrapUp(WebTestBase.java:70)
	at java.base/java.util.ArrayList.forEach(ArrayList.java:1511)
... Removed 31 stack frames</div></td></tr></table><p class="totop"><a href="#summary">back to summary</a></p>
<h3 id="m87">testCases.TimeTrackTest#setUp</h3><table class="result"><tr><th>Exception</th></tr><tr><td><div class="stacktrace">java.lang.IllegalStateException: The driver executable does not exist: C:\Users\aanand\git\TalygenTimeTracking\TalygenTimeTracking\chromedriver.exe
	at com.google.common.base.Preconditions.checkState(Preconditions.java:585)
	at org.openqa.selenium.remote.service.DriverService.checkExecutable(DriverService.java:146)
	at org.openqa.selenium.remote.service.DriverService.findExecutable(DriverService.java:141)
	at org.openqa.selenium.chrome.ChromeDriverService.access$000(ChromeDriverService.java:35)
	at org.openqa.selenium.chrome.ChromeDriverService$Builder.findDefaultExecutable(ChromeDriverService.java:159)
	at org.openqa.selenium.remote.service.DriverService$Builder.build(DriverService.java:355)
	at org.openqa.selenium.chrome.ChromeDriverService.createDefaultService(ChromeDriverService.java:94)
	at org.openqa.selenium.chrome.ChromeDriver.&lt;init&gt;(ChromeDriver.java:157)
	at utils.Drivers.getWebDriver(Drivers.java:59)
	at utils.WebTestBase.setUp(WebTestBase.java:51)
	at java.base/java.util.ArrayList.forEach(ArrayList.java:1511)
... Removed 25 stack frames</div></td></tr></table><p class="totop"><a href="#summary">back to summary</a></p>
<h3 id="m88">testCases.WorkDairyTest#closeBrowser</h3><table class="result"><tr><th>Exception</th></tr><tr><td><div class="stacktrace">java.lang.NullPointerException: Cannot invoke &quot;org.openqa.selenium.WebDriver.quit()&quot; because &quot;this.driver&quot; is null
	at utils.WebTestBase.closeBrowser(WebTestBase.java:86)
	at java.base/java.util.ArrayList.forEach(ArrayList.java:1511)
... Removed 25 stack frames</div></td></tr></table><p class="totop"><a href="#summary">back to summary</a></p>
<h3 id="m89">testCases.WorkDairyTest#reportWrapUp</h3><table class="result"><tr class="param"><th>Parameter #1</th><th>Parameter #2</th></tr><tr class="param stripe"><td>[TestResult name={null} status=CREATED method=WorkDairyTest.validationCheckOfWorkDairy()[pri:1, instance:testCases.WorkDairyTest@192d43ce] output={null}]</td><td>public void testCases.WorkDairyTest.validationCheckOfWorkDairy()</td></tr><tr><th colspan="2">Exception</th></tr><tr><td colspan="2"><div class="stacktrace">java.lang.NullPointerException: Cannot invoke &quot;org.openqa.selenium.TakesScreenshot.getScreenshotAs(org.openqa.selenium.OutputType)&quot; because &quot;this.driver&quot; is null
	at utils.WebTestBase.reportWrapUp(WebTestBase.java:70)
	at java.base/java.util.ArrayList.forEach(ArrayList.java:1511)
... Removed 32 stack frames</div></td></tr></table><p class="totop"><a href="#summary">back to summary</a></p>
<h3 id="m90">testCases.WorkDairyTest#reportWrapUp</h3><table class="result"><tr class="param"><th>Parameter #1</th><th>Parameter #2</th></tr><tr class="param stripe"><td>[TestResult name={null} status=CREATED method=WorkDairyTest.validationOfScreenShot()[pri:2, instance:testCases.WorkDairyTest@192d43ce] output={null}]</td><td>public void testCases.WorkDairyTest.validationOfScreenShot()</td></tr><tr><th colspan="2">Exception</th></tr><tr><td colspan="2"><div class="stacktrace">java.lang.NullPointerException: Cannot invoke &quot;org.openqa.selenium.TakesScreenshot.getScreenshotAs(org.openqa.selenium.OutputType)&quot; because &quot;this.driver&quot; is null
	at utils.WebTestBase.reportWrapUp(WebTestBase.java:70)
	at java.base/java.util.ArrayList.forEach(ArrayList.java:1511)
... Removed 32 stack frames</div></td></tr></table><p class="totop"><a href="#summary">back to summary</a></p>
<h3 id="m91">testCases.WorkDairyTest#setUp</h3><table class="result"><tr><th>Exception</th></tr><tr><td><div class="stacktrace">java.lang.IllegalStateException: The driver executable does not exist: C:\Users\aanand\git\TalygenTimeTracking\TalygenTimeTracking\chromedriver.exe
	at com.google.common.base.Preconditions.checkState(Preconditions.java:585)
	at org.openqa.selenium.remote.service.DriverService.checkExecutable(DriverService.java:146)
	at org.openqa.selenium.remote.service.DriverService.findExecutable(DriverService.java:141)
	at org.openqa.selenium.chrome.ChromeDriverService.access$000(ChromeDriverService.java:35)
	at org.openqa.selenium.chrome.ChromeDriverService$Builder.findDefaultExecutable(ChromeDriverService.java:159)
	at org.openqa.selenium.remote.service.DriverService$Builder.build(DriverService.java:355)
	at org.openqa.selenium.chrome.ChromeDriverService.createDefaultService(ChromeDriverService.java:94)
	at org.openqa.selenium.chrome.ChromeDriver.&lt;init&gt;(ChromeDriver.java:157)
	at utils.Drivers.getWebDriver(Drivers.java:59)
	at utils.WebTestBase.setUp(WebTestBase.java:51)
	at java.base/java.util.ArrayList.forEach(ArrayList.java:1511)
... Removed 25 stack frames</div></td></tr></table><p class="totop"><a href="#summary">back to summary</a></p>
<h3 id="m92">testCases.AuditRuleTest#beforeMethod</h3><table class="result"><tr><th class="invisible"/></tr></table><p class="totop"><a href="#summary">back to summary</a></p>
<h3 id="m93">testCases.AuditRuleTest#beforeMethod</h3><table class="result"><tr><th class="invisible"/></tr></table><p class="totop"><a href="#summary">back to summary</a></p>
<h3 id="m94">testCases.AuditRuleTest#beforeMethod</h3><table class="result"><tr><th class="invisible"/></tr></table><p class="totop"><a href="#summary">back to summary</a></p>
<h3 id="m95">testCases.AuditRuleTest#beforeMethod</h3><table class="result"><tr><th class="invisible"/></tr></table><p class="totop"><a href="#summary">back to summary</a></p>
<h3 id="m96">testCases.AuditRuleTest#beforeMethod</h3><table class="result"><tr><th class="invisible"/></tr></table><p class="totop"><a href="#summary">back to summary</a></p>
<h3 id="m97">testCases.BulkTimeEntryTest#beforeMethod</h3><table class="result"><tr><th class="invisible"/></tr></table><p class="totop"><a href="#summary">back to summary</a></p>
<h3 id="m98">testCases.BulkTimeEntryTest#beforeMethod</h3><table class="result"><tr><th class="invisible"/></tr></table><p class="totop"><a href="#summary">back to summary</a></p>
<h3 id="m99">testCases.BulkTimeEntryTest#beforeMethod</h3><table class="result"><tr><th class="invisible"/></tr></table><p class="totop"><a href="#summary">back to summary</a></p>
<h3 id="m100">testCases.BulkTimeEntryTest#beforeMethod</h3><table class="result"><tr><th class="invisible"/></tr></table><p class="totop"><a href="#summary">back to summary</a></p>
<h3 id="m101">testCases.BulkTimeEntryTest#beforeMethod</h3><table class="result"><tr><th class="invisible"/></tr></table><p class="totop"><a href="#summary">back to summary</a></p>
<h3 id="m102">testCases.CompanySetupAddUserTest#beforeMethod</h3><table class="result"><tr><th class="invisible"/></tr></table><p class="totop"><a href="#summary">back to summary</a></p>
<h3 id="m103">testCases.CompanySetupAddUserTest#beforeMethod</h3><table class="result"><tr><th class="invisible"/></tr></table><p class="totop"><a href="#summary">back to summary</a></p>
<h3 id="m104">testCases.FlagTrackEntryTest#beforeMethod</h3><table class="result"><tr><th class="invisible"/></tr></table><p class="totop"><a href="#summary">back to summary</a></p>
<h3 id="m105">testCases.FlagTrackEntryTest#beforeMethod</h3><table class="result"><tr><th class="invisible"/></tr></table><p class="totop"><a href="#summary">back to summary</a></p>
<h3 id="m106">testCases.FlagTrackEntryTest#beforeMethod</h3><table class="result"><tr><th class="invisible"/></tr></table><p class="totop"><a href="#summary">back to summary</a></p>
<h3 id="m107">testCases.FlagTrackEntryTest#beforeMethod</h3><table class="result"><tr><th class="invisible"/></tr></table><p class="totop"><a href="#summary">back to summary</a></p>
<h3 id="m108">testCases.FlagTrackEntryTest#beforeMethod</h3><table class="result"><tr><th class="invisible"/></tr></table><p class="totop"><a href="#summary">back to summary</a></p>
<h3 id="m109">testCases.ProjectListingTest#beforeMethod</h3><table class="result"><tr><th class="invisible"/></tr></table><p class="totop"><a href="#summary">back to summary</a></p>
<h3 id="m110">testCases.ProjectListingTest#beforeMethod</h3><table class="result"><tr><th class="invisible"/></tr></table><p class="totop"><a href="#summary">back to summary</a></p>
<h3 id="m111">testCases.TimeApprovalTest#beforeMethod</h3><table class="result"><tr><th class="invisible"/></tr></table><p class="totop"><a href="#summary">back to summary</a></p>
<h3 id="m112">testCases.TimeApprovalTest#beforeMethod</h3><table class="result"><tr><th class="invisible"/></tr></table><p class="totop"><a href="#summary">back to summary</a></p>
<h3 id="m113">testCases.TimeApprovalTest#beforeMethod</h3><table class="result"><tr><th class="invisible"/></tr></table><p class="totop"><a href="#summary">back to summary</a></p>
<h3 id="m114">testCases.TimeReportTest#beforeMethod</h3><table class="result"><tr><th class="invisible"/></tr></table><p class="totop"><a href="#summary">back to summary</a></p>
<h3 id="m115">testCases.TimeReportTest#beforeMethod</h3><table class="result"><tr><th class="invisible"/></tr></table><p class="totop"><a href="#summary">back to summary</a></p>
<h3 id="m116">testCases.TimeReportTest#beforeMethod</h3><table class="result"><tr><th class="invisible"/></tr></table><p class="totop"><a href="#summary">back to summary</a></p>
<h3 id="m117">testCases.TimeReportTest#beforeMethod</h3><table class="result"><tr><th class="invisible"/></tr></table><p class="totop"><a href="#summary">back to summary</a></p>
<h3 id="m118">testCases.TimeReportTest#beforeMethod</h3><table class="result"><tr><th class="invisible"/></tr></table><p class="totop"><a href="#summary">back to summary</a></p>
<h3 id="m119">testCases.TimeReportTest#beforeMethod</h3><table class="result"><tr><th class="invisible"/></tr></table><p class="totop"><a href="#summary">back to summary</a></p>
<h3 id="m120">testCases.TimeReportTest#beforeMethod</h3><table class="result"><tr><th class="invisible"/></tr></table><p class="totop"><a href="#summary">back to summary</a></p>
<h3 id="m121">testCases.TimeReportTest#beforeMethod</h3><table class="result"><tr><th class="invisible"/></tr></table><p class="totop"><a href="#summary">back to summary</a></p>
<h3 id="m122">testCases.TimeReportTest#beforeMethod</h3><table class="result"><tr><th class="invisible"/></tr></table><p class="totop"><a href="#summary">back to summary</a></p>
<h3 id="m123">testCases.TimeReportTest#beforeMethod</h3><table class="result"><tr><th class="invisible"/></tr></table><p class="totop"><a href="#summary">back to summary</a></p>
<h3 id="m124">testCases.TimeReportTest#beforeMethod</h3><table class="result"><tr><th class="invisible"/></tr></table><p class="totop"><a href="#summary">back to summary</a></p>
<h3 id="m125">testCases.TimeReportTest#beforeMethod</h3><table class="result"><tr><th class="invisible"/></tr></table><p class="totop"><a href="#summary">back to summary</a></p>
<h3 id="m126">testCases.TimeReportTest#beforeMethod</h3><table class="result"><tr><th class="invisible"/></tr></table><p class="totop"><a href="#summary">back to summary</a></p>
<h3 id="m127">testCases.TimeReportTest#beforeMethod</h3><table class="result"><tr><th class="invisible"/></tr></table><p class="totop"><a href="#summary">back to summary</a></p>
<h3 id="m128">testCases.TimeReportTest#beforeMethod</h3><table class="result"><tr><th class="invisible"/></tr></table><p class="totop"><a href="#summary">back to summary</a></p>
<h3 id="m129">testCases.TimeReportTest#beforeMethod</h3><table class="result"><tr><th class="invisible"/></tr></table><p class="totop"><a href="#summary">back to summary</a></p>
<h3 id="m130">testCases.TimeReportTest#beforeMethod</h3><table class="result"><tr><th class="invisible"/></tr></table><p class="totop"><a href="#summary">back to summary</a></p>
<h3 id="m131">testCases.TimeReportTest#beforeMethod</h3><table class="result"><tr><th class="invisible"/></tr></table><p class="totop"><a href="#summary">back to summary</a></p>
<h3 id="m132">testCases.TimeReportTest#beforeMethod</h3><table class="result"><tr><th class="invisible"/></tr></table><p class="totop"><a href="#summary">back to summary</a></p>
<h3 id="m133">testCases.TimeReportTest#beforeMethod</h3><table class="result"><tr><th class="invisible"/></tr></table><p class="totop"><a href="#summary">back to summary</a></p>
<h3 id="m134">testCases.TimeReportTest#beforeMethod</h3><table class="result"><tr><th class="invisible"/></tr></table><p class="totop"><a href="#summary">back to summary</a></p>
<h3 id="m135">testCases.TimeReportTest#beforeMethod</h3><table class="result"><tr><th class="invisible"/></tr></table><p class="totop"><a href="#summary">back to summary</a></p>
<h3 id="m136">testCases.TimeReportTest#beforeMethod</h3><table class="result"><tr><th class="invisible"/></tr></table><p class="totop"><a href="#summary">back to summary</a></p>
<h3 id="m137">testCases.TimeReportTest#beforeMethod</h3><table class="result"><tr><th class="invisible"/></tr></table><p class="totop"><a href="#summary">back to summary</a></p>
<h3 id="m138">testCases.TimeReportTest#beforeMethod</h3><table class="result"><tr><th class="invisible"/></tr></table><p class="totop"><a href="#summary">back to summary</a></p>
<h3 id="m139">testCases.TimeReportTest#beforeMethod</h3><table class="result"><tr><th class="invisible"/></tr></table><p class="totop"><a href="#summary">back to summary</a></p>
<h3 id="m140">testCases.TimeReportTest#beforeMethod</h3><table class="result"><tr><th class="invisible"/></tr></table><p class="totop"><a href="#summary">back to summary</a></p>
<h3 id="m141">testCases.TimeReportTest#beforeMethod</h3><table class="result"><tr><th class="invisible"/></tr></table><p class="totop"><a href="#summary">back to summary</a></p>
<h3 id="m142">testCases.TimeReportTest#beforeMethod</h3><table class="result"><tr><th class="invisible"/></tr></table><p class="totop"><a href="#summary">back to summary</a></p>
<h3 id="m143">testCases.TimeReportTest#beforeMethod</h3><table class="result"><tr><th class="invisible"/></tr></table><p class="totop"><a href="#summary">back to summary</a></p>
<h3 id="m144">testCases.TimeReportTest#beforeMethod</h3><table class="result"><tr><th class="invisible"/></tr></table><p class="totop"><a href="#summary">back to summary</a></p>
<h3 id="m145">testCases.TimeReportTest#beforeMethod</h3><table class="result"><tr><th class="invisible"/></tr></table><p class="totop"><a href="#summary">back to summary</a></p>
<h3 id="m146">testCases.TimeReportTest#beforeMethod</h3><table class="result"><tr><th class="invisible"/></tr></table><p class="totop"><a href="#summary">back to summary</a></p>
<h3 id="m147">testCases.TimeReportTest#beforeMethod</h3><table class="result"><tr><th class="invisible"/></tr></table><p class="totop"><a href="#summary">back to summary</a></p>
<h3 id="m148">testCases.TimeReportTest#beforeMethod</h3><table class="result"><tr><th class="invisible"/></tr></table><p class="totop"><a href="#summary">back to summary</a></p>
<h3 id="m149">testCases.TimeReportTest#beforeMethod</h3><table class="result"><tr><th class="invisible"/></tr></table><p class="totop"><a href="#summary">back to summary</a></p>
<h3 id="m150">testCases.TimeReportTest#beforeMethod</h3><table class="result"><tr><th class="invisible"/></tr></table><p class="totop"><a href="#summary">back to summary</a></p>
<h3 id="m151">testCases.TimeSheetTest#beforeMethod</h3><table class="result"><tr><th class="invisible"/></tr></table><p class="totop"><a href="#summary">back to summary</a></p>
<h3 id="m152">testCases.TimeSheetTest#beforeMethod</h3><table class="result"><tr><th class="invisible"/></tr></table><p class="totop"><a href="#summary">back to summary</a></p>
<h3 id="m153">testCases.TimeSheetTest#beforeMethod</h3><table class="result"><tr><th class="invisible"/></tr></table><p class="totop"><a href="#summary">back to summary</a></p>
<h3 id="m154">testCases.TimeTrackForFlagTrackEntryTest#beforeMethod</h3><table class="result"><tr><th class="invisible"/></tr></table><p class="totop"><a href="#summary">back to summary</a></p>
<h3 id="m155">testCases.TimeTrackTest#beforeMethod</h3><table class="result"><tr><th class="invisible"/></tr></table><p class="totop"><a href="#summary">back to summary</a></p>
<h3 id="m156">testCases.TimeTrackTest#beforeMethod</h3><table class="result"><tr><th class="invisible"/></tr></table><p class="totop"><a href="#summary">back to summary</a></p>
<h3 id="m157">testCases.TimeTrackTest#beforeMethod</h3><table class="result"><tr><th class="invisible"/></tr></table><p class="totop"><a href="#summary">back to summary</a></p>
<h3 id="m158">testCases.TimeTrackTest#beforeMethod</h3><table class="result"><tr><th class="invisible"/></tr></table><p class="totop"><a href="#summary">back to summary</a></p>
<h3 id="m159">testCases.TimeTrackTest#beforeMethod</h3><table class="result"><tr><th class="invisible"/></tr></table><p class="totop"><a href="#summary">back to summary</a></p>
<h3 id="m160">testCases.WorkDairyTest#beforeMethod</h3><table class="result"><tr><th class="invisible"/></tr></table><p class="totop"><a href="#summary">back to summary</a></p>
<h3 id="m161">testCases.WorkDairyTest#beforeMethod</h3><table class="result"><tr><th class="invisible"/></tr></table><p class="totop"><a href="#summary">back to summary</a></p>
<h3 id="m162">testCases.AuditRuleTest#addNewAuditRuleWithEqualTimeTrackingHour</h3><table class="result"><tr><th>Exception</th></tr><tr><td><div class="stacktrace">java.lang.NullPointerException: Cannot invoke &quot;org.openqa.selenium.TakesScreenshot.getScreenshotAs(org.openqa.selenium.OutputType)&quot; because &quot;this.driver&quot; is null
	at utils.WebTestBase.reportWrapUp(WebTestBase.java:70)
	at java.base/java.util.ArrayList.forEach(ArrayList.java:1511)
... Removed 31 stack frames</div></td></tr></table><p class="totop"><a href="#summary">back to summary</a></p>
<h3 id="m163">testCases.AuditRuleTest#validationCheck</h3><table class="result"><tr><th>Exception</th></tr><tr><td><div class="stacktrace">java.lang.IllegalStateException: The driver executable does not exist: C:\Users\aanand\git\TalygenTimeTracking\TalygenTimeTracking\chromedriver.exe
	at com.google.common.base.Preconditions.checkState(Preconditions.java:585)
	at org.openqa.selenium.remote.service.DriverService.checkExecutable(DriverService.java:146)
	at org.openqa.selenium.remote.service.DriverService.findExecutable(DriverService.java:141)
	at org.openqa.selenium.chrome.ChromeDriverService.access$000(ChromeDriverService.java:35)
	at org.openqa.selenium.chrome.ChromeDriverService$Builder.findDefaultExecutable(ChromeDriverService.java:159)
	at org.openqa.selenium.remote.service.DriverService$Builder.build(DriverService.java:355)
	at org.openqa.selenium.chrome.ChromeDriverService.createDefaultService(ChromeDriverService.java:94)
	at org.openqa.selenium.chrome.ChromeDriver.&lt;init&gt;(ChromeDriver.java:157)
	at utils.Drivers.getWebDriver(Drivers.java:59)
	at utils.WebTestBase.setUp(WebTestBase.java:51)
	at java.base/java.util.ArrayList.forEach(ArrayList.java:1511)
... Removed 25 stack frames</div></td></tr></table><p class="totop"><a href="#summary">back to summary</a></p>
<h3 id="m164">testCases.AuditRuleTest#validationCheckOfAuditRemove</h3><table class="result"><tr><th>Exception</th></tr><tr><td><div class="stacktrace">java.lang.NullPointerException: Cannot invoke &quot;org.openqa.selenium.TakesScreenshot.getScreenshotAs(org.openqa.selenium.OutputType)&quot; because &quot;this.driver&quot; is null
	at utils.WebTestBase.reportWrapUp(WebTestBase.java:70)
	at java.base/java.util.ArrayList.forEach(ArrayList.java:1511)
... Removed 31 stack frames</div></td></tr></table><p class="totop"><a href="#summary">back to summary</a></p>
<h3 id="m165">testCases.AuditRuleTest#validationCheckOfAuditRuleName</h3><table class="result"><tr><th>Exception</th></tr><tr><td><div class="stacktrace">java.lang.NullPointerException: Cannot invoke &quot;org.openqa.selenium.TakesScreenshot.getScreenshotAs(org.openqa.selenium.OutputType)&quot; because &quot;this.driver&quot; is null
	at utils.WebTestBase.reportWrapUp(WebTestBase.java:70)
	at java.base/java.util.ArrayList.forEach(ArrayList.java:1511)
... Removed 31 stack frames</div></td></tr></table><p class="totop"><a href="#summary">back to summary</a></p>
<h3 id="m166">testCases.AuditRuleTest#validationCheckOfAuditUpdate</h3><table class="result"><tr><th>Exception</th></tr><tr><td><div class="stacktrace">java.lang.NullPointerException: Cannot invoke &quot;org.openqa.selenium.TakesScreenshot.getScreenshotAs(org.openqa.selenium.OutputType)&quot; because &quot;this.driver&quot; is null
	at utils.WebTestBase.reportWrapUp(WebTestBase.java:70)
	at java.base/java.util.ArrayList.forEach(ArrayList.java:1511)
... Removed 31 stack frames</div></td></tr></table><p class="totop"><a href="#summary">back to summary</a></p>
<h3 id="m167">testCases.BulkTimeEntryTest#CheckFunctionalityOfDeleteBulkTimeEntryButtton</h3><table class="result"><tr><th>Exception</th></tr><tr><td><div class="stacktrace">java.lang.NullPointerException: Cannot invoke &quot;org.openqa.selenium.TakesScreenshot.getScreenshotAs(org.openqa.selenium.OutputType)&quot; because &quot;this.driver&quot; is null
	at utils.WebTestBase.reportWrapUp(WebTestBase.java:70)
	at java.base/java.util.ArrayList.forEach(ArrayList.java:1511)
... Removed 31 stack frames</div></td></tr></table><p class="totop"><a href="#summary">back to summary</a></p>
<h3 id="m168">testCases.BulkTimeEntryTest#CheckFunctionalityOfResetBulkTimeEntryButtton</h3><table class="result"><tr><th>Exception</th></tr><tr><td><div class="stacktrace">java.lang.NullPointerException: Cannot invoke &quot;org.openqa.selenium.TakesScreenshot.getScreenshotAs(org.openqa.selenium.OutputType)&quot; because &quot;this.driver&quot; is null
	at utils.WebTestBase.reportWrapUp(WebTestBase.java:70)
	at java.base/java.util.ArrayList.forEach(ArrayList.java:1511)
... Removed 31 stack frames</div></td></tr></table><p class="totop"><a href="#summary">back to summary</a></p>
<h3 id="m169">testCases.BulkTimeEntryTest#addBulkTimeEntry</h3><table class="result"><tr><th>Exception</th></tr><tr><td><div class="stacktrace">java.lang.NullPointerException: Cannot invoke &quot;org.openqa.selenium.TakesScreenshot.getScreenshotAs(org.openqa.selenium.OutputType)&quot; because &quot;this.driver&quot; is null
	at utils.WebTestBase.reportWrapUp(WebTestBase.java:70)
	at java.base/java.util.ArrayList.forEach(ArrayList.java:1511)
... Removed 31 stack frames</div></td></tr></table><p class="totop"><a href="#summary">back to summary</a></p>
<h3 id="m170">testCases.BulkTimeEntryTest#validationCheckOfAddMultipleBulkTimeEntryButtton</h3><table class="result"><tr><th>Exception</th></tr><tr><td><div class="stacktrace">java.lang.NullPointerException: Cannot invoke &quot;org.openqa.selenium.TakesScreenshot.getScreenshotAs(org.openqa.selenium.OutputType)&quot; because &quot;this.driver&quot; is null
	at utils.WebTestBase.reportWrapUp(WebTestBase.java:70)
	at java.base/java.util.ArrayList.forEach(ArrayList.java:1511)
... Removed 31 stack frames</div></td></tr></table><p class="totop"><a href="#summary">back to summary</a></p>
<h3 id="m171">testCases.BulkTimeEntryTest#validationCheckOfBulkTimeEntry</h3><table class="result"><tr><th>Exception</th></tr><tr><td><div class="stacktrace">java.lang.IllegalStateException: The driver executable does not exist: C:\Users\aanand\git\TalygenTimeTracking\TalygenTimeTracking\chromedriver.exe
	at com.google.common.base.Preconditions.checkState(Preconditions.java:585)
	at org.openqa.selenium.remote.service.DriverService.checkExecutable(DriverService.java:146)
	at org.openqa.selenium.remote.service.DriverService.findExecutable(DriverService.java:141)
	at org.openqa.selenium.chrome.ChromeDriverService.access$000(ChromeDriverService.java:35)
	at org.openqa.selenium.chrome.ChromeDriverService$Builder.findDefaultExecutable(ChromeDriverService.java:159)
	at org.openqa.selenium.remote.service.DriverService$Builder.build(DriverService.java:355)
	at org.openqa.selenium.chrome.ChromeDriverService.createDefaultService(ChromeDriverService.java:94)
	at org.openqa.selenium.chrome.ChromeDriver.&lt;init&gt;(ChromeDriver.java:157)
	at utils.Drivers.getWebDriver(Drivers.java:59)
	at utils.WebTestBase.setUp(WebTestBase.java:51)
	at java.base/java.util.ArrayList.forEach(ArrayList.java:1511)
... Removed 25 stack frames</div></td></tr></table><p class="totop"><a href="#summary">back to summary</a></p>
<h3 id="m172">testCases.CompanySetupAddUserTest#ValidationCheck</h3><table class="result"><tr><th>Exception</th></tr><tr><td><div class="stacktrace">java.lang.IllegalStateException: The driver executable does not exist: C:\Users\aanand\git\TalygenTimeTracking\TalygenTimeTracking\chromedriver.exe
	at com.google.common.base.Preconditions.checkState(Preconditions.java:585)
	at org.openqa.selenium.remote.service.DriverService.checkExecutable(DriverService.java:146)
	at org.openqa.selenium.remote.service.DriverService.findExecutable(DriverService.java:141)
	at org.openqa.selenium.chrome.ChromeDriverService.access$000(ChromeDriverService.java:35)
	at org.openqa.selenium.chrome.ChromeDriverService$Builder.findDefaultExecutable(ChromeDriverService.java:159)
	at org.openqa.selenium.remote.service.DriverService$Builder.build(DriverService.java:355)
	at org.openqa.selenium.chrome.ChromeDriverService.createDefaultService(ChromeDriverService.java:94)
	at org.openqa.selenium.chrome.ChromeDriver.&lt;init&gt;(ChromeDriver.java:157)
	at utils.Drivers.getWebDriver(Drivers.java:59)
	at utils.WebTestBase.setUp(WebTestBase.java:51)
	at java.base/java.util.ArrayList.forEach(ArrayList.java:1511)
... Removed 25 stack frames</div></td></tr></table><p class="totop"><a href="#summary">back to summary</a></p>
<h3 id="m173">testCases.CompanySetupAddUserTest#addUser</h3><table class="result"><tr><th>Exception</th></tr><tr><td><div class="stacktrace">java.lang.NullPointerException: Cannot invoke &quot;org.openqa.selenium.TakesScreenshot.getScreenshotAs(org.openqa.selenium.OutputType)&quot; because &quot;this.driver&quot; is null
	at utils.WebTestBase.reportWrapUp(WebTestBase.java:70)
	at java.base/java.util.ArrayList.forEach(ArrayList.java:1511)
... Removed 31 stack frames</div></td></tr></table><p class="totop"><a href="#summary">back to summary</a></p>
<h3 id="m174">testCases.FlagTrackEntryTest#validationCheck</h3><table class="result"><tr><th>Exception</th></tr><tr><td><div class="stacktrace">java.lang.IllegalStateException: The driver executable does not exist: C:\Users\aanand\git\TalygenTimeTracking\TalygenTimeTracking\chromedriver.exe
	at com.google.common.base.Preconditions.checkState(Preconditions.java:585)
	at org.openqa.selenium.remote.service.DriverService.checkExecutable(DriverService.java:146)
	at org.openqa.selenium.remote.service.DriverService.findExecutable(DriverService.java:141)
	at org.openqa.selenium.chrome.ChromeDriverService.access$000(ChromeDriverService.java:35)
	at org.openqa.selenium.chrome.ChromeDriverService$Builder.findDefaultExecutable(ChromeDriverService.java:159)
	at org.openqa.selenium.remote.service.DriverService$Builder.build(DriverService.java:355)
	at org.openqa.selenium.chrome.ChromeDriverService.createDefaultService(ChromeDriverService.java:94)
	at org.openqa.selenium.chrome.ChromeDriver.&lt;init&gt;(ChromeDriver.java:157)
	at utils.Drivers.getWebDriver(Drivers.java:59)
	at utils.WebTestBase.setUp(WebTestBase.java:51)
	at java.base/java.util.ArrayList.forEach(ArrayList.java:1511)
... Removed 25 stack frames</div></td></tr></table><p class="totop"><a href="#summary">back to summary</a></p>
<h3 id="m175">testCases.FlagTrackEntryTest#validationOfFlagedFunctionality</h3><table class="result"><tr><th>Exception</th></tr><tr><td><div class="stacktrace">java.lang.NullPointerException: Cannot invoke &quot;org.openqa.selenium.TakesScreenshot.getScreenshotAs(org.openqa.selenium.OutputType)&quot; because &quot;this.driver&quot; is null
	at utils.WebTestBase.reportWrapUp(WebTestBase.java:70)
	at java.base/java.util.ArrayList.forEach(ArrayList.java:1511)
... Removed 31 stack frames</div></td></tr></table><p class="totop"><a href="#summary">back to summary</a></p>
<h3 id="m176">testCases.FlagTrackEntryTest#validationOfSearchFunctionality</h3><table class="result"><tr><th>Exception</th></tr><tr><td><div class="stacktrace">java.lang.NullPointerException: Cannot invoke &quot;org.openqa.selenium.TakesScreenshot.getScreenshotAs(org.openqa.selenium.OutputType)&quot; because &quot;this.driver&quot; is null
	at utils.WebTestBase.reportWrapUp(WebTestBase.java:70)
	at java.base/java.util.ArrayList.forEach(ArrayList.java:1511)
... Removed 31 stack frames</div></td></tr></table><p class="totop"><a href="#summary">back to summary</a></p>
<h3 id="m177">testCases.FlagTrackEntryTest#validationOfUnFlagedFunctionality</h3><table class="result"><tr><th>Exception</th></tr><tr><td><div class="stacktrace">java.lang.NullPointerException: Cannot invoke &quot;org.openqa.selenium.TakesScreenshot.getScreenshotAs(org.openqa.selenium.OutputType)&quot; because &quot;this.driver&quot; is null
	at utils.WebTestBase.reportWrapUp(WebTestBase.java:70)
	at java.base/java.util.ArrayList.forEach(ArrayList.java:1511)
... Removed 31 stack frames</div></td></tr></table><p class="totop"><a href="#summary">back to summary</a></p>
<h3 id="m178">testCases.FlagTrackEntryTest#validationOfUpdateFunctionality</h3><table class="result"><tr><th>Exception</th></tr><tr><td><div class="stacktrace">java.lang.NullPointerException: Cannot invoke &quot;org.openqa.selenium.TakesScreenshot.getScreenshotAs(org.openqa.selenium.OutputType)&quot; because &quot;this.driver&quot; is null
	at utils.WebTestBase.reportWrapUp(WebTestBase.java:70)
	at java.base/java.util.ArrayList.forEach(ArrayList.java:1511)
... Removed 31 stack frames</div></td></tr></table><p class="totop"><a href="#summary">back to summary</a></p>
<h3 id="m179">testCases.ProjectListingTest#addProjectWithDefaultTemplate</h3><table class="result"><tr><th>Exception</th></tr><tr><td><div class="stacktrace">java.lang.IllegalStateException: The driver executable does not exist: C:\Users\aanand\git\TalygenTimeTracking\TalygenTimeTracking\chromedriver.exe
	at com.google.common.base.Preconditions.checkState(Preconditions.java:585)
	at org.openqa.selenium.remote.service.DriverService.checkExecutable(DriverService.java:146)
	at org.openqa.selenium.remote.service.DriverService.findExecutable(DriverService.java:141)
	at org.openqa.selenium.chrome.ChromeDriverService.access$000(ChromeDriverService.java:35)
	at org.openqa.selenium.chrome.ChromeDriverService$Builder.findDefaultExecutable(ChromeDriverService.java:159)
	at org.openqa.selenium.remote.service.DriverService$Builder.build(DriverService.java:355)
	at org.openqa.selenium.chrome.ChromeDriverService.createDefaultService(ChromeDriverService.java:94)
	at org.openqa.selenium.chrome.ChromeDriver.&lt;init&gt;(ChromeDriver.java:157)
	at utils.Drivers.getWebDriver(Drivers.java:59)
	at utils.WebTestBase.setUp(WebTestBase.java:51)
	at java.base/java.util.ArrayList.forEach(ArrayList.java:1511)
... Removed 25 stack frames</div></td></tr></table><p class="totop"><a href="#summary">back to summary</a></p>
<h3 id="m180">testCases.ProjectListingTest#deleteProjectFromList</h3><table class="result"><tr><th>Exception</th></tr><tr><td><div class="stacktrace">java.lang.NullPointerException: Cannot invoke &quot;org.openqa.selenium.TakesScreenshot.getScreenshotAs(org.openqa.selenium.OutputType)&quot; because &quot;this.driver&quot; is null
	at utils.WebTestBase.reportWrapUp(WebTestBase.java:70)
	at java.base/java.util.ArrayList.forEach(ArrayList.java:1511)
... Removed 31 stack frames</div></td></tr></table><p class="totop"><a href="#summary">back to summary</a></p>
<h3 id="m181">testCases.TimeApprovalTest#ValidateTimeSheetApproveFunctionality</h3><table class="result"><tr><th>Exception</th></tr><tr><td><div class="stacktrace">java.lang.NullPointerException: Cannot invoke &quot;org.openqa.selenium.TakesScreenshot.getScreenshotAs(org.openqa.selenium.OutputType)&quot; because &quot;this.driver&quot; is null
	at utils.WebTestBase.reportWrapUp(WebTestBase.java:70)
	at java.base/java.util.ArrayList.forEach(ArrayList.java:1511)
... Removed 31 stack frames</div></td></tr></table><p class="totop"><a href="#summary">back to summary</a></p>
<h3 id="m182">testCases.TimeApprovalTest#ValidateTimeSheetRejectionFunctionality</h3><table class="result"><tr><th>Exception</th></tr><tr><td><div class="stacktrace">java.lang.NullPointerException: Cannot invoke &quot;org.openqa.selenium.TakesScreenshot.getScreenshotAs(org.openqa.selenium.OutputType)&quot; because &quot;this.driver&quot; is null
	at utils.WebTestBase.reportWrapUp(WebTestBase.java:70)
	at java.base/java.util.ArrayList.forEach(ArrayList.java:1511)
... Removed 31 stack frames</div></td></tr></table><p class="totop"><a href="#summary">back to summary</a></p>
<h3 id="m183">testCases.TimeApprovalTest#ValidationCheck</h3><table class="result"><tr><th>Exception</th></tr><tr><td><div class="stacktrace">java.lang.IllegalStateException: The driver executable does not exist: C:\Users\aanand\git\TalygenTimeTracking\TalygenTimeTracking\chromedriver.exe
	at com.google.common.base.Preconditions.checkState(Preconditions.java:585)
	at org.openqa.selenium.remote.service.DriverService.checkExecutable(DriverService.java:146)
	at org.openqa.selenium.remote.service.DriverService.findExecutable(DriverService.java:141)
	at org.openqa.selenium.chrome.ChromeDriverService.access$000(ChromeDriverService.java:35)
	at org.openqa.selenium.chrome.ChromeDriverService$Builder.findDefaultExecutable(ChromeDriverService.java:159)
	at org.openqa.selenium.remote.service.DriverService$Builder.build(DriverService.java:355)
	at org.openqa.selenium.chrome.ChromeDriverService.createDefaultService(ChromeDriverService.java:94)
	at org.openqa.selenium.chrome.ChromeDriver.&lt;init&gt;(ChromeDriver.java:157)
	at utils.Drivers.getWebDriver(Drivers.java:59)
	at utils.WebTestBase.setUp(WebTestBase.java:51)
	at java.base/java.util.ArrayList.forEach(ArrayList.java:1511)
... Removed 25 stack frames</div></td></tr></table><p class="totop"><a href="#summary">back to summary</a></p>
<h3 id="m184">testCases.TimeReportTest#ValidationCheck</h3><table class="result"><tr><th>Exception</th></tr><tr><td><div class="stacktrace">java.lang.IllegalStateException: The driver executable does not exist: C:\Users\aanand\git\TalygenTimeTracking\TalygenTimeTracking\chromedriver.exe
	at com.google.common.base.Preconditions.checkState(Preconditions.java:585)
	at org.openqa.selenium.remote.service.DriverService.checkExecutable(DriverService.java:146)
	at org.openqa.selenium.remote.service.DriverService.findExecutable(DriverService.java:141)
	at org.openqa.selenium.chrome.ChromeDriverService.access$000(ChromeDriverService.java:35)
	at org.openqa.selenium.chrome.ChromeDriverService$Builder.findDefaultExecutable(ChromeDriverService.java:159)
	at org.openqa.selenium.remote.service.DriverService$Builder.build(DriverService.java:355)
	at org.openqa.selenium.chrome.ChromeDriverService.createDefaultService(ChromeDriverService.java:94)
	at org.openqa.selenium.chrome.ChromeDriver.&lt;init&gt;(ChromeDriver.java:157)
	at utils.Drivers.getWebDriver(Drivers.java:59)
	at utils.WebTestBase.setUp(WebTestBase.java:51)
	at java.base/java.util.ArrayList.forEach(ArrayList.java:1511)
... Removed 25 stack frames</div></td></tr></table><p class="totop"><a href="#summary">back to summary</a></p>
<h3 id="m185">testCases.TimeReportTest#ValidationOfClientReportWithDepartmentName</h3><table class="result"><tr><th>Exception</th></tr><tr><td><div class="stacktrace">java.lang.NullPointerException: Cannot invoke &quot;org.openqa.selenium.TakesScreenshot.getScreenshotAs(org.openqa.selenium.OutputType)&quot; because &quot;this.driver&quot; is null
	at utils.WebTestBase.reportWrapUp(WebTestBase.java:70)
	at java.base/java.util.ArrayList.forEach(ArrayList.java:1511)
... Removed 32 stack frames</div></td></tr></table><p class="totop"><a href="#summary">back to summary</a></p>
<h3 id="m186">testCases.TimeReportTest#ValidationOfClientReportWithProjectName</h3><table class="result"><tr><th>Exception</th></tr><tr><td><div class="stacktrace">java.lang.NullPointerException: Cannot invoke &quot;org.openqa.selenium.TakesScreenshot.getScreenshotAs(org.openqa.selenium.OutputType)&quot; because &quot;this.driver&quot; is null
	at utils.WebTestBase.reportWrapUp(WebTestBase.java:70)
	at java.base/java.util.ArrayList.forEach(ArrayList.java:1511)
... Removed 32 stack frames</div></td></tr></table><p class="totop"><a href="#summary">back to summary</a></p>
<h3 id="m187">testCases.TimeReportTest#ValidationOfClientReportWithUserName</h3><table class="result"><tr><th>Exception</th></tr><tr><td><div class="stacktrace">java.lang.NullPointerException: Cannot invoke &quot;org.openqa.selenium.TakesScreenshot.getScreenshotAs(org.openqa.selenium.OutputType)&quot; because &quot;this.driver&quot; is null
	at utils.WebTestBase.reportWrapUp(WebTestBase.java:70)
	at java.base/java.util.ArrayList.forEach(ArrayList.java:1511)
... Removed 32 stack frames</div></td></tr></table><p class="totop"><a href="#summary">back to summary</a></p>
<h3 id="m188">testCases.TimeReportTest#ValidationOfHalfYearlyProjectReportwithDepartmentName</h3><table class="result"><tr><th>Exception</th></tr><tr><td><div class="stacktrace">java.lang.NullPointerException: Cannot invoke &quot;org.openqa.selenium.TakesScreenshot.getScreenshotAs(org.openqa.selenium.OutputType)&quot; because &quot;this.driver&quot; is null
	at utils.WebTestBase.reportWrapUp(WebTestBase.java:70)
	at java.base/java.util.ArrayList.forEach(ArrayList.java:1511)
... Removed 32 stack frames</div></td></tr></table><p class="totop"><a href="#summary">back to summary</a></p>
<h3 id="m189">testCases.TimeReportTest#ValidationOfHalfYearlyProjectReportwithProjectName</h3><table class="result"><tr><th>Exception</th></tr><tr><td><div class="stacktrace">java.lang.NullPointerException: Cannot invoke &quot;org.openqa.selenium.TakesScreenshot.getScreenshotAs(org.openqa.selenium.OutputType)&quot; because &quot;this.driver&quot; is null
	at utils.WebTestBase.reportWrapUp(WebTestBase.java:70)
	at java.base/java.util.ArrayList.forEach(ArrayList.java:1511)
... Removed 31 stack frames</div></td></tr></table><p class="totop"><a href="#summary">back to summary</a></p>
<h3 id="m190">testCases.TimeReportTest#ValidationOfHalfYearlyProjectReportwithUserName</h3><table class="result"><tr><th>Exception</th></tr><tr><td><div class="stacktrace">java.lang.NullPointerException: Cannot invoke &quot;org.openqa.selenium.TakesScreenshot.getScreenshotAs(org.openqa.selenium.OutputType)&quot; because &quot;this.driver&quot; is null
	at utils.WebTestBase.reportWrapUp(WebTestBase.java:70)
	at java.base/java.util.ArrayList.forEach(ArrayList.java:1511)
... Removed 32 stack frames</div></td></tr></table><p class="totop"><a href="#summary">back to summary</a></p>
<h3 id="m191">testCases.TimeReportTest#ValidationOfOneWeekProjectReportWithDepartmentName</h3><table class="result"><tr><th>Exception</th></tr><tr><td><div class="stacktrace">java.lang.NullPointerException: Cannot invoke &quot;org.openqa.selenium.TakesScreenshot.getScreenshotAs(org.openqa.selenium.OutputType)&quot; because &quot;this.driver&quot; is null
	at utils.WebTestBase.reportWrapUp(WebTestBase.java:70)
	at java.base/java.util.ArrayList.forEach(ArrayList.java:1511)
... Removed 32 stack frames</div></td></tr></table><p class="totop"><a href="#summary">back to summary</a></p>
<h3 id="m192">testCases.TimeReportTest#ValidationOfOneWeekProjectReportWithProjectName</h3><table class="result"><tr><th>Exception</th></tr><tr><td><div class="stacktrace">java.lang.NullPointerException: Cannot invoke &quot;org.openqa.selenium.TakesScreenshot.getScreenshotAs(org.openqa.selenium.OutputType)&quot; because &quot;this.driver&quot; is null
	at utils.WebTestBase.reportWrapUp(WebTestBase.java:70)
	at java.base/java.util.ArrayList.forEach(ArrayList.java:1511)
... Removed 32 stack frames</div></td></tr></table><p class="totop"><a href="#summary">back to summary</a></p>
<h3 id="m193">testCases.TimeReportTest#ValidationOfOneWeekProjectReportWithUserName</h3><table class="result"><tr><th>Exception</th></tr><tr><td><div class="stacktrace">java.lang.NullPointerException: Cannot invoke &quot;org.openqa.selenium.TakesScreenshot.getScreenshotAs(org.openqa.selenium.OutputType)&quot; because &quot;this.driver&quot; is null
	at utils.WebTestBase.reportWrapUp(WebTestBase.java:70)
	at java.base/java.util.ArrayList.forEach(ArrayList.java:1511)
... Removed 32 stack frames</div></td></tr></table><p class="totop"><a href="#summary">back to summary</a></p>
<h3 id="m194">testCases.TimeReportTest#ValidationOfProjectDetailsReportWithDepartmentname</h3><table class="result"><tr><th>Exception</th></tr><tr><td><div class="stacktrace">java.lang.NullPointerException: Cannot invoke &quot;org.openqa.selenium.TakesScreenshot.getScreenshotAs(org.openqa.selenium.OutputType)&quot; because &quot;this.driver&quot; is null
	at utils.WebTestBase.reportWrapUp(WebTestBase.java:70)
	at java.base/java.util.ArrayList.forEach(ArrayList.java:1511)
... Removed 31 stack frames</div></td></tr></table><p class="totop"><a href="#summary">back to summary</a></p>
<h3 id="m195">testCases.TimeReportTest#ValidationOfProjectDetailsReportWithProjectname</h3><table class="result"><tr><th>Exception</th></tr><tr><td><div class="stacktrace">java.lang.NullPointerException: Cannot invoke &quot;org.openqa.selenium.TakesScreenshot.getScreenshotAs(org.openqa.selenium.OutputType)&quot; because &quot;this.driver&quot; is null
	at utils.WebTestBase.reportWrapUp(WebTestBase.java:70)
	at java.base/java.util.ArrayList.forEach(ArrayList.java:1511)
... Removed 31 stack frames</div></td></tr></table><p class="totop"><a href="#summary">back to summary</a></p>
<h3 id="m196">testCases.TimeReportTest#ValidationOfProjectDetailsReportWithUsername</h3><table class="result"><tr><th>Exception</th></tr><tr><td><div class="stacktrace">java.lang.NullPointerException: Cannot invoke &quot;org.openqa.selenium.TakesScreenshot.getScreenshotAs(org.openqa.selenium.OutputType)&quot; because &quot;this.driver&quot; is null
	at utils.WebTestBase.reportWrapUp(WebTestBase.java:70)
	at java.base/java.util.ArrayList.forEach(ArrayList.java:1511)
... Removed 31 stack frames</div></td></tr></table><p class="totop"><a href="#summary">back to summary</a></p>
<h3 id="m197">testCases.TimeReportTest#ValidationOfProjectReportWithDepartnamename</h3><table class="result"><tr><th>Exception</th></tr><tr><td><div class="stacktrace">java.lang.NullPointerException: Cannot invoke &quot;org.openqa.selenium.TakesScreenshot.getScreenshotAs(org.openqa.selenium.OutputType)&quot; because &quot;this.driver&quot; is null
	at utils.WebTestBase.reportWrapUp(WebTestBase.java:70)
	at java.base/java.util.ArrayList.forEach(ArrayList.java:1511)
... Removed 31 stack frames</div></td></tr></table><p class="totop"><a href="#summary">back to summary</a></p>
<h3 id="m198">testCases.TimeReportTest#ValidationOfProjectReportWithPriojectname</h3><table class="result"><tr><th>Exception</th></tr><tr><td><div class="stacktrace">java.lang.NullPointerException: Cannot invoke &quot;org.openqa.selenium.TakesScreenshot.getScreenshotAs(org.openqa.selenium.OutputType)&quot; because &quot;this.driver&quot; is null
	at utils.WebTestBase.reportWrapUp(WebTestBase.java:70)
	at java.base/java.util.ArrayList.forEach(ArrayList.java:1511)
... Removed 31 stack frames</div></td></tr></table><p class="totop"><a href="#summary">back to summary</a></p>
<h3 id="m199">testCases.TimeReportTest#ValidationOfProjectReportWithUsername</h3><table class="result"><tr><th>Exception</th></tr><tr><td><div class="stacktrace">java.lang.NullPointerException: Cannot invoke &quot;org.openqa.selenium.TakesScreenshot.getScreenshotAs(org.openqa.selenium.OutputType)&quot; because &quot;this.driver&quot; is null
	at utils.WebTestBase.reportWrapUp(WebTestBase.java:70)
	at java.base/java.util.ArrayList.forEach(ArrayList.java:1511)
... Removed 31 stack frames</div></td></tr></table><p class="totop"><a href="#summary">back to summary</a></p>
<h3 id="m200">testCases.TimeReportTest#ValidationOfProjectwiseReportWithProjectName</h3><table class="result"><tr><th>Exception</th></tr><tr><td><div class="stacktrace">java.lang.NullPointerException: Cannot invoke &quot;org.openqa.selenium.TakesScreenshot.getScreenshotAs(org.openqa.selenium.OutputType)&quot; because &quot;this.driver&quot; is null
	at utils.WebTestBase.reportWrapUp(WebTestBase.java:70)
	at java.base/java.util.ArrayList.forEach(ArrayList.java:1511)
... Removed 31 stack frames</div></td></tr></table><p class="totop"><a href="#summary">back to summary</a></p>
<h3 id="m201">testCases.TimeReportTest#ValidationOfProjectwiseReportWithTeamMemeber</h3><table class="result"><tr><th>Exception</th></tr><tr><td><div class="stacktrace">java.lang.NullPointerException: Cannot invoke &quot;org.openqa.selenium.TakesScreenshot.getScreenshotAs(org.openqa.selenium.OutputType)&quot; because &quot;this.driver&quot; is null
	at utils.WebTestBase.reportWrapUp(WebTestBase.java:70)
	at java.base/java.util.ArrayList.forEach(ArrayList.java:1511)
... Removed 31 stack frames</div></td></tr></table><p class="totop"><a href="#summary">back to summary</a></p>
<h3 id="m202">testCases.TimeReportTest#ValidationOfTimeSheetReportWithProjectname</h3><table class="result"><tr><th>Exception</th></tr><tr><td><div class="stacktrace">java.lang.NullPointerException: Cannot invoke &quot;org.openqa.selenium.TakesScreenshot.getScreenshotAs(org.openqa.selenium.OutputType)&quot; because &quot;this.driver&quot; is null
	at utils.WebTestBase.reportWrapUp(WebTestBase.java:70)
	at java.base/java.util.ArrayList.forEach(ArrayList.java:1511)
... Removed 31 stack frames</div></td></tr></table><p class="totop"><a href="#summary">back to summary</a></p>
<h3 id="m203">testCases.TimeReportTest#ValidationOfTimeSheetReportWithUsername</h3><table class="result"><tr><th>Exception</th></tr><tr><td><div class="stacktrace">java.lang.NullPointerException: Cannot invoke &quot;org.openqa.selenium.TakesScreenshot.getScreenshotAs(org.openqa.selenium.OutputType)&quot; because &quot;this.driver&quot; is null
	at utils.WebTestBase.reportWrapUp(WebTestBase.java:70)
	at java.base/java.util.ArrayList.forEach(ArrayList.java:1511)
... Removed 31 stack frames</div></td></tr></table><p class="totop"><a href="#summary">back to summary</a></p>
<h3 id="m204">testCases.TimeReportTest#ValidationOfTrackEnrtyDetailsReportWithDepartmentname</h3><table class="result"><tr><th>Exception</th></tr><tr><td><div class="stacktrace">java.lang.NullPointerException: Cannot invoke &quot;org.openqa.selenium.TakesScreenshot.getScreenshotAs(org.openqa.selenium.OutputType)&quot; because &quot;this.driver&quot; is null
	at utils.WebTestBase.reportWrapUp(WebTestBase.java:70)
	at java.base/java.util.ArrayList.forEach(ArrayList.java:1511)
... Removed 31 stack frames</div></td></tr></table><p class="totop"><a href="#summary">back to summary</a></p>
<h3 id="m205">testCases.TimeReportTest#ValidationOfTrackEnrtyDetailsReportWithProjectName</h3><table class="result"><tr><th>Exception</th></tr><tr><td><div class="stacktrace">java.lang.NullPointerException: Cannot invoke &quot;org.openqa.selenium.TakesScreenshot.getScreenshotAs(org.openqa.selenium.OutputType)&quot; because &quot;this.driver&quot; is null
	at utils.WebTestBase.reportWrapUp(WebTestBase.java:70)
	at java.base/java.util.ArrayList.forEach(ArrayList.java:1511)
... Removed 31 stack frames</div></td></tr></table><p class="totop"><a href="#summary">back to summary</a></p>
<h3 id="m206">testCases.TimeReportTest#ValidationOfTrackEnrtyDetailsReportWithUserName</h3><table class="result"><tr><th>Exception</th></tr><tr><td><div class="stacktrace">java.lang.NullPointerException: Cannot invoke &quot;org.openqa.selenium.TakesScreenshot.getScreenshotAs(org.openqa.selenium.OutputType)&quot; because &quot;this.driver&quot; is null
	at utils.WebTestBase.reportWrapUp(WebTestBase.java:70)
	at java.base/java.util.ArrayList.forEach(ArrayList.java:1511)
... Removed 31 stack frames</div></td></tr></table><p class="totop"><a href="#summary">back to summary</a></p>
<h3 id="m207">testCases.TimeReportTest#ValidationOfUserReportWithDepartmentname</h3><table class="result"><tr><th>Exception</th></tr><tr><td><div class="stacktrace">java.lang.NullPointerException: Cannot invoke &quot;org.openqa.selenium.TakesScreenshot.getScreenshotAs(org.openqa.selenium.OutputType)&quot; because &quot;this.driver&quot; is null
	at utils.WebTestBase.reportWrapUp(WebTestBase.java:70)
	at java.base/java.util.ArrayList.forEach(ArrayList.java:1511)
... Removed 31 stack frames</div></td></tr></table><p class="totop"><a href="#summary">back to summary</a></p>
<h3 id="m208">testCases.TimeReportTest#ValidationOfUserReportWithProjectname</h3><table class="result"><tr><th>Exception</th></tr><tr><td><div class="stacktrace">java.lang.NullPointerException: Cannot invoke &quot;org.openqa.selenium.TakesScreenshot.getScreenshotAs(org.openqa.selenium.OutputType)&quot; because &quot;this.driver&quot; is null
	at utils.WebTestBase.reportWrapUp(WebTestBase.java:70)
	at java.base/java.util.ArrayList.forEach(ArrayList.java:1511)
... Removed 31 stack frames</div></td></tr></table><p class="totop"><a href="#summary">back to summary</a></p>
<h3 id="m209">testCases.TimeReportTest#ValidationOfUserReportWithusername</h3><table class="result"><tr><th>Exception</th></tr><tr><td><div class="stacktrace">java.lang.NullPointerException: Cannot invoke &quot;org.openqa.selenium.TakesScreenshot.getScreenshotAs(org.openqa.selenium.OutputType)&quot; because &quot;this.driver&quot; is null
	at utils.WebTestBase.reportWrapUp(WebTestBase.java:70)
	at java.base/java.util.ArrayList.forEach(ArrayList.java:1511)
... Removed 31 stack frames</div></td></tr></table><p class="totop"><a href="#summary">back to summary</a></p>
<h3 id="m210">testCases.TimeReportTest#ValidationOfUserWiseReportWithDepartmentName</h3><table class="result"><tr><th>Exception</th></tr><tr><td><div class="stacktrace">java.lang.NullPointerException: Cannot invoke &quot;org.openqa.selenium.TakesScreenshot.getScreenshotAs(org.openqa.selenium.OutputType)&quot; because &quot;this.driver&quot; is null
	at utils.WebTestBase.reportWrapUp(WebTestBase.java:70)
	at java.base/java.util.ArrayList.forEach(ArrayList.java:1511)
... Removed 31 stack frames</div></td></tr></table><p class="totop"><a href="#summary">back to summary</a></p>
<h3 id="m211">testCases.TimeReportTest#ValidationOfUserWiseReportWithProjectName</h3><table class="result"><tr><th>Exception</th></tr><tr><td><div class="stacktrace">java.lang.NullPointerException: Cannot invoke &quot;org.openqa.selenium.TakesScreenshot.getScreenshotAs(org.openqa.selenium.OutputType)&quot; because &quot;this.driver&quot; is null
	at utils.WebTestBase.reportWrapUp(WebTestBase.java:70)
	at java.base/java.util.ArrayList.forEach(ArrayList.java:1511)
... Removed 31 stack frames</div></td></tr></table><p class="totop"><a href="#summary">back to summary</a></p>
<h3 id="m212">testCases.TimeReportTest#ValidationOfUserWiseReportWithUserName</h3><table class="result"><tr><th>Exception</th></tr><tr><td><div class="stacktrace">java.lang.NullPointerException: Cannot invoke &quot;org.openqa.selenium.TakesScreenshot.getScreenshotAs(org.openqa.selenium.OutputType)&quot; because &quot;this.driver&quot; is null
	at utils.WebTestBase.reportWrapUp(WebTestBase.java:70)
	at java.base/java.util.ArrayList.forEach(ArrayList.java:1511)
... Removed 31 stack frames</div></td></tr></table><p class="totop"><a href="#summary">back to summary</a></p>
<h3 id="m213">testCases.TimeReportTest#ValidationOfentryWiseReportwithDepartmentName</h3><table class="result"><tr><th>Exception</th></tr><tr><td><div class="stacktrace">java.lang.NullPointerException: Cannot invoke &quot;org.openqa.selenium.TakesScreenshot.getScreenshotAs(org.openqa.selenium.OutputType)&quot; because &quot;this.driver&quot; is null
	at utils.WebTestBase.reportWrapUp(WebTestBase.java:70)
	at java.base/java.util.ArrayList.forEach(ArrayList.java:1511)
... Removed 32 stack frames</div></td></tr></table><p class="totop"><a href="#summary">back to summary</a></p>
<h3 id="m214">testCases.TimeReportTest#ValidationOfentryWiseReportwithProjectName</h3><table class="result"><tr><th>Exception</th></tr><tr><td><div class="stacktrace">java.lang.NullPointerException: Cannot invoke &quot;org.openqa.selenium.TakesScreenshot.getScreenshotAs(org.openqa.selenium.OutputType)&quot; because &quot;this.driver&quot; is null
	at utils.WebTestBase.reportWrapUp(WebTestBase.java:70)
	at java.base/java.util.ArrayList.forEach(ArrayList.java:1511)
... Removed 32 stack frames</div></td></tr></table><p class="totop"><a href="#summary">back to summary</a></p>
<h3 id="m215">testCases.TimeReportTest#ValidationOfentryWiseReportwithUsername</h3><table class="result"><tr><th>Exception</th></tr><tr><td><div class="stacktrace">java.lang.NullPointerException: Cannot invoke &quot;org.openqa.selenium.TakesScreenshot.getScreenshotAs(org.openqa.selenium.OutputType)&quot; because &quot;this.driver&quot; is null
	at utils.WebTestBase.reportWrapUp(WebTestBase.java:70)
	at java.base/java.util.ArrayList.forEach(ArrayList.java:1511)
... Removed 32 stack frames</div></td></tr></table><p class="totop"><a href="#summary">back to summary</a></p>
<h3 id="m216">testCases.TimeReportTest#ValidationOfprofitabilityProjectReportwithProjectName</h3><table class="result"><tr><th>Exception</th></tr><tr><td><div class="stacktrace">java.lang.NullPointerException: Cannot invoke &quot;org.openqa.selenium.TakesScreenshot.getScreenshotAs(org.openqa.selenium.OutputType)&quot; because &quot;this.driver&quot; is null
	at utils.WebTestBase.reportWrapUp(WebTestBase.java:70)
	at java.base/java.util.ArrayList.forEach(ArrayList.java:1511)
... Removed 31 stack frames</div></td></tr></table><p class="totop"><a href="#summary">back to summary</a></p>
<h3 id="m217">testCases.TimeReportTest#ValidationOfprofitabilityProjectReportwithchannelName</h3><table class="result"><tr><th>Exception</th></tr><tr><td><div class="stacktrace">java.lang.NullPointerException: Cannot invoke &quot;org.openqa.selenium.TakesScreenshot.getScreenshotAs(org.openqa.selenium.OutputType)&quot; because &quot;this.driver&quot; is null
	at utils.WebTestBase.reportWrapUp(WebTestBase.java:70)
	at java.base/java.util.ArrayList.forEach(ArrayList.java:1511)
... Removed 31 stack frames</div></td></tr></table><p class="totop"><a href="#summary">back to summary</a></p>
<h3 id="m218">testCases.TimeReportTest#ValidationOneMonthProjectReportWithDepartmentName</h3><table class="result"><tr><th>Exception</th></tr><tr><td><div class="stacktrace">java.lang.NullPointerException: Cannot invoke &quot;org.openqa.selenium.TakesScreenshot.getScreenshotAs(org.openqa.selenium.OutputType)&quot; because &quot;this.driver&quot; is null
	at utils.WebTestBase.reportWrapUp(WebTestBase.java:70)
	at java.base/java.util.ArrayList.forEach(ArrayList.java:1511)
... Removed 32 stack frames</div></td></tr></table><p class="totop"><a href="#summary">back to summary</a></p>
<h3 id="m219">testCases.TimeReportTest#ValidationOneMonthProjectReportWithProjectName</h3><table class="result"><tr><th>Exception</th></tr><tr><td><div class="stacktrace">java.lang.NullPointerException: Cannot invoke &quot;org.openqa.selenium.TakesScreenshot.getScreenshotAs(org.openqa.selenium.OutputType)&quot; because &quot;this.driver&quot; is null
	at utils.WebTestBase.reportWrapUp(WebTestBase.java:70)
	at java.base/java.util.ArrayList.forEach(ArrayList.java:1511)
... Removed 32 stack frames</div></td></tr></table><p class="totop"><a href="#summary">back to summary</a></p>
<h3 id="m220">testCases.TimeReportTest#ValidationOneMonthProjectReportWithUserName</h3><table class="result"><tr><th>Exception</th></tr><tr><td><div class="stacktrace">java.lang.NullPointerException: Cannot invoke &quot;org.openqa.selenium.TakesScreenshot.getScreenshotAs(org.openqa.selenium.OutputType)&quot; because &quot;this.driver&quot; is null
	at utils.WebTestBase.reportWrapUp(WebTestBase.java:70)
	at java.base/java.util.ArrayList.forEach(ArrayList.java:1511)
... Removed 32 stack frames</div></td></tr></table><p class="totop"><a href="#summary">back to summary</a></p>
<h3 id="m221">testCases.TimeSheetTest#ValidationCheck</h3><table class="result"><tr><th>Exception</th></tr><tr><td><div class="stacktrace">java.lang.IllegalStateException: The driver executable does not exist: C:\Users\aanand\git\TalygenTimeTracking\TalygenTimeTracking\chromedriver.exe
	at com.google.common.base.Preconditions.checkState(Preconditions.java:585)
	at org.openqa.selenium.remote.service.DriverService.checkExecutable(DriverService.java:146)
	at org.openqa.selenium.remote.service.DriverService.findExecutable(DriverService.java:141)
	at org.openqa.selenium.chrome.ChromeDriverService.access$000(ChromeDriverService.java:35)
	at org.openqa.selenium.chrome.ChromeDriverService$Builder.findDefaultExecutable(ChromeDriverService.java:159)
	at org.openqa.selenium.remote.service.DriverService$Builder.build(DriverService.java:355)
	at org.openqa.selenium.chrome.ChromeDriverService.createDefaultService(ChromeDriverService.java:94)
	at org.openqa.selenium.chrome.ChromeDriver.&lt;init&gt;(ChromeDriver.java:157)
	at utils.Drivers.getWebDriver(Drivers.java:59)
	at utils.WebTestBase.setUp(WebTestBase.java:51)
	at java.base/java.util.ArrayList.forEach(ArrayList.java:1511)
... Removed 25 stack frames</div></td></tr></table><p class="totop"><a href="#summary">back to summary</a></p>
<h3 id="m222">testCases.TimeSheetTest#validateSendForApproval</h3><table class="result"><tr><th>Exception</th></tr><tr><td><div class="stacktrace">java.lang.NullPointerException: Cannot invoke &quot;org.openqa.selenium.TakesScreenshot.getScreenshotAs(org.openqa.selenium.OutputType)&quot; because &quot;this.driver&quot; is null
	at utils.WebTestBase.reportWrapUp(WebTestBase.java:70)
	at java.base/java.util.ArrayList.forEach(ArrayList.java:1511)
... Removed 31 stack frames</div></td></tr></table><p class="totop"><a href="#summary">back to summary</a></p>
<h3 id="m223">testCases.TimeSheetTest#validatefunctionalityOfTimeSheet</h3><table class="result"><tr><th>Exception</th></tr><tr><td><div class="stacktrace">java.lang.IllegalStateException: The driver executable does not exist: C:\Users\aanand\git\TalygenTimeTracking\TalygenTimeTracking\chromedriver.exe
	at com.google.common.base.Preconditions.checkState(Preconditions.java:585)
	at org.openqa.selenium.remote.service.DriverService.checkExecutable(DriverService.java:146)
	at org.openqa.selenium.remote.service.DriverService.findExecutable(DriverService.java:141)
	at org.openqa.selenium.chrome.ChromeDriverService.access$000(ChromeDriverService.java:35)
	at org.openqa.selenium.chrome.ChromeDriverService$Builder.findDefaultExecutable(ChromeDriverService.java:159)
	at org.openqa.selenium.remote.service.DriverService$Builder.build(DriverService.java:355)
	at org.openqa.selenium.chrome.ChromeDriverService.createDefaultService(ChromeDriverService.java:94)
	at org.openqa.selenium.chrome.ChromeDriver.&lt;init&gt;(ChromeDriver.java:157)
	at utils.Drivers.getWebDriver(Drivers.java:59)
	at utils.WebTestBase.setUp(WebTestBase.java:51)
	at java.base/java.util.ArrayList.forEach(ArrayList.java:1511)
... Removed 25 stack frames</div></td></tr></table><p class="totop"><a href="#summary">back to summary</a></p>
<h3 id="m224">testCases.TimeTrackForFlagTrackEntryTest#startTimeTrack</h3><table class="result"><tr><th>Exception</th></tr><tr><td><div class="stacktrace">java.lang.IllegalStateException: The driver executable does not exist: C:\Users\aanand\git\TalygenTimeTracking\TalygenTimeTracking\chromedriver.exe
	at com.google.common.base.Preconditions.checkState(Preconditions.java:585)
	at org.openqa.selenium.remote.service.DriverService.checkExecutable(DriverService.java:146)
	at org.openqa.selenium.remote.service.DriverService.findExecutable(DriverService.java:141)
	at org.openqa.selenium.chrome.ChromeDriverService.access$000(ChromeDriverService.java:35)
	at org.openqa.selenium.chrome.ChromeDriverService$Builder.findDefaultExecutable(ChromeDriverService.java:159)
	at org.openqa.selenium.remote.service.DriverService$Builder.build(DriverService.java:355)
	at org.openqa.selenium.chrome.ChromeDriverService.createDefaultService(ChromeDriverService.java:94)
	at org.openqa.selenium.chrome.ChromeDriver.&lt;init&gt;(ChromeDriver.java:157)
	at utils.Drivers.getWebDriver(Drivers.java:59)
	at utils.WebTestBase.setUp(WebTestBase.java:51)
	at java.base/java.util.ArrayList.forEach(ArrayList.java:1511)
... Removed 25 stack frames</div></td></tr></table><p class="totop"><a href="#summary">back to summary</a></p>
<h3 id="m225">testCases.TimeTrackTest#VerifyTimeTrackactivity</h3><table class="result"><tr><th>Exception</th></tr><tr><td><div class="stacktrace">java.lang.IllegalStateException: The driver executable does not exist: C:\Users\aanand\git\TalygenTimeTracking\TalygenTimeTracking\chromedriver.exe
	at com.google.common.base.Preconditions.checkState(Preconditions.java:585)
	at org.openqa.selenium.remote.service.DriverService.checkExecutable(DriverService.java:146)
	at org.openqa.selenium.remote.service.DriverService.findExecutable(DriverService.java:141)
	at org.openqa.selenium.chrome.ChromeDriverService.access$000(ChromeDriverService.java:35)
	at org.openqa.selenium.chrome.ChromeDriverService$Builder.findDefaultExecutable(ChromeDriverService.java:159)
	at org.openqa.selenium.remote.service.DriverService$Builder.build(DriverService.java:355)
	at org.openqa.selenium.chrome.ChromeDriverService.createDefaultService(ChromeDriverService.java:94)
	at org.openqa.selenium.chrome.ChromeDriver.&lt;init&gt;(ChromeDriver.java:157)
	at utils.Drivers.getWebDriver(Drivers.java:59)
	at utils.WebTestBase.setUp(WebTestBase.java:51)
	at java.base/java.util.ArrayList.forEach(ArrayList.java:1511)
... Removed 25 stack frames</div></td></tr></table><p class="totop"><a href="#summary">back to summary</a></p>
<h3 id="m226">testCases.TimeTrackTest#VerifyclanderViewFunctionality</h3><table class="result"><tr><th>Exception</th></tr><tr><td><div class="stacktrace">java.lang.IllegalStateException: The driver executable does not exist: C:\Users\aanand\git\TalygenTimeTracking\TalygenTimeTracking\chromedriver.exe
	at com.google.common.base.Preconditions.checkState(Preconditions.java:585)
	at org.openqa.selenium.remote.service.DriverService.checkExecutable(DriverService.java:146)
	at org.openqa.selenium.remote.service.DriverService.findExecutable(DriverService.java:141)
	at org.openqa.selenium.chrome.ChromeDriverService.access$000(ChromeDriverService.java:35)
	at org.openqa.selenium.chrome.ChromeDriverService$Builder.findDefaultExecutable(ChromeDriverService.java:159)
	at org.openqa.selenium.remote.service.DriverService$Builder.build(DriverService.java:355)
	at org.openqa.selenium.chrome.ChromeDriverService.createDefaultService(ChromeDriverService.java:94)
	at org.openqa.selenium.chrome.ChromeDriver.&lt;init&gt;(ChromeDriver.java:157)
	at utils.Drivers.getWebDriver(Drivers.java:59)
	at utils.WebTestBase.setUp(WebTestBase.java:51)
	at java.base/java.util.ArrayList.forEach(ArrayList.java:1511)
... Removed 25 stack frames</div></td></tr></table><p class="totop"><a href="#summary">back to summary</a></p>
<h3 id="m227">testCases.TimeTrackTest#startTimeTrack</h3><table class="result"><tr><th>Exception</th></tr><tr><td><div class="stacktrace">java.lang.IllegalStateException: The driver executable does not exist: C:\Users\aanand\git\TalygenTimeTracking\TalygenTimeTracking\chromedriver.exe
	at com.google.common.base.Preconditions.checkState(Preconditions.java:585)
	at org.openqa.selenium.remote.service.DriverService.checkExecutable(DriverService.java:146)
	at org.openqa.selenium.remote.service.DriverService.findExecutable(DriverService.java:141)
	at org.openqa.selenium.chrome.ChromeDriverService.access$000(ChromeDriverService.java:35)
	at org.openqa.selenium.chrome.ChromeDriverService$Builder.findDefaultExecutable(ChromeDriverService.java:159)
	at org.openqa.selenium.remote.service.DriverService$Builder.build(DriverService.java:355)
	at org.openqa.selenium.chrome.ChromeDriverService.createDefaultService(ChromeDriverService.java:94)
	at org.openqa.selenium.chrome.ChromeDriver.&lt;init&gt;(ChromeDriver.java:157)
	at utils.Drivers.getWebDriver(Drivers.java:59)
	at utils.WebTestBase.setUp(WebTestBase.java:51)
	at java.base/java.util.ArrayList.forEach(ArrayList.java:1511)
... Removed 25 stack frames</div></td></tr></table><p class="totop"><a href="#summary">back to summary</a></p>
<h3 id="m228">testCases.TimeTrackTest#validateAddTimeEntryManually</h3><table class="result"><tr><th>Exception</th></tr><tr><td><div class="stacktrace">java.lang.IllegalStateException: The driver executable does not exist: C:\Users\aanand\git\TalygenTimeTracking\TalygenTimeTracking\chromedriver.exe
	at com.google.common.base.Preconditions.checkState(Preconditions.java:585)
	at org.openqa.selenium.remote.service.DriverService.checkExecutable(DriverService.java:146)
	at org.openqa.selenium.remote.service.DriverService.findExecutable(DriverService.java:141)
	at org.openqa.selenium.chrome.ChromeDriverService.access$000(ChromeDriverService.java:35)
	at org.openqa.selenium.chrome.ChromeDriverService$Builder.findDefaultExecutable(ChromeDriverService.java:159)
	at org.openqa.selenium.remote.service.DriverService$Builder.build(DriverService.java:355)
	at org.openqa.selenium.chrome.ChromeDriverService.createDefaultService(ChromeDriverService.java:94)
	at org.openqa.selenium.chrome.ChromeDriver.&lt;init&gt;(ChromeDriver.java:157)
	at utils.Drivers.getWebDriver(Drivers.java:59)
	at utils.WebTestBase.setUp(WebTestBase.java:51)
	at java.base/java.util.ArrayList.forEach(ArrayList.java:1511)
... Removed 25 stack frames</div></td></tr></table><p class="totop"><a href="#summary">back to summary</a></p>
<h3 id="m229">testCases.TimeTrackTest#validatetimeEntryThroughFilter</h3><table class="result"><tr><th>Exception</th></tr><tr><td><div class="stacktrace">java.lang.IllegalStateException: The driver executable does not exist: C:\Users\aanand\git\TalygenTimeTracking\TalygenTimeTracking\chromedriver.exe
	at com.google.common.base.Preconditions.checkState(Preconditions.java:585)
	at org.openqa.selenium.remote.service.DriverService.checkExecutable(DriverService.java:146)
	at org.openqa.selenium.remote.service.DriverService.findExecutable(DriverService.java:141)
	at org.openqa.selenium.chrome.ChromeDriverService.access$000(ChromeDriverService.java:35)
	at org.openqa.selenium.chrome.ChromeDriverService$Builder.findDefaultExecutable(ChromeDriverService.java:159)
	at org.openqa.selenium.remote.service.DriverService$Builder.build(DriverService.java:355)
	at org.openqa.selenium.chrome.ChromeDriverService.createDefaultService(ChromeDriverService.java:94)
	at org.openqa.selenium.chrome.ChromeDriver.&lt;init&gt;(ChromeDriver.java:157)
	at utils.Drivers.getWebDriver(Drivers.java:59)
	at utils.WebTestBase.setUp(WebTestBase.java:51)
	at java.base/java.util.ArrayList.forEach(ArrayList.java:1511)
... Removed 25 stack frames</div></td></tr></table><p class="totop"><a href="#summary">back to summary</a></p>
<h3 id="m230">testCases.WorkDairyTest#validationCheckOfWorkDairy</h3><table class="result"><tr><th>Exception</th></tr><tr><td><div class="stacktrace">java.lang.IllegalStateException: The driver executable does not exist: C:\Users\aanand\git\TalygenTimeTracking\TalygenTimeTracking\chromedriver.exe
	at com.google.common.base.Preconditions.checkState(Preconditions.java:585)
	at org.openqa.selenium.remote.service.DriverService.checkExecutable(DriverService.java:146)
	at org.openqa.selenium.remote.service.DriverService.findExecutable(DriverService.java:141)
	at org.openqa.selenium.chrome.ChromeDriverService.access$000(ChromeDriverService.java:35)
	at org.openqa.selenium.chrome.ChromeDriverService$Builder.findDefaultExecutable(ChromeDriverService.java:159)
	at org.openqa.selenium.remote.service.DriverService$Builder.build(DriverService.java:355)
	at org.openqa.selenium.chrome.ChromeDriverService.createDefaultService(ChromeDriverService.java:94)
	at org.openqa.selenium.chrome.ChromeDriver.&lt;init&gt;(ChromeDriver.java:157)
	at utils.Drivers.getWebDriver(Drivers.java:59)
	at utils.WebTestBase.setUp(WebTestBase.java:51)
	at java.base/java.util.ArrayList.forEach(ArrayList.java:1511)
... Removed 25 stack frames</div></td></tr></table><p class="totop"><a href="#summary">back to summary</a></p>
<h3 id="m231">testCases.WorkDairyTest#validationOfScreenShot</h3><table class="result"><tr><th>Exception</th></tr><tr><td><div class="stacktrace">java.lang.IllegalStateException: The driver executable does not exist: C:\Users\aanand\git\TalygenTimeTracking\TalygenTimeTracking\chromedriver.exe
	at com.google.common.base.Preconditions.checkState(Preconditions.java:585)
	at org.openqa.selenium.remote.service.DriverService.checkExecutable(DriverService.java:146)
	at org.openqa.selenium.remote.service.DriverService.findExecutable(DriverService.java:141)
	at org.openqa.selenium.chrome.ChromeDriverService.access$000(ChromeDriverService.java:35)
	at org.openqa.selenium.chrome.ChromeDriverService$Builder.findDefaultExecutable(ChromeDriverService.java:159)
	at org.openqa.selenium.remote.service.DriverService$Builder.build(DriverService.java:355)
	at org.openqa.selenium.chrome.ChromeDriverService.createDefaultService(ChromeDriverService.java:94)
	at org.openqa.selenium.chrome.ChromeDriver.&lt;init&gt;(ChromeDriver.java:157)
	at utils.Drivers.getWebDriver(Drivers.java:59)
	at utils.WebTestBase.setUp(WebTestBase.java:51)
	at java.base/java.util.ArrayList.forEach(ArrayList.java:1511)
... Removed 25 stack frames</div></td></tr></table><p class="totop"><a href="#summary">back to summary</a></p>
</body>
</html>
