<!DOCTYPE html>

<html>
  <head>
  <meta charset='utf-8'>
  <title>TestNG reports</title>

    <link type="text/css" href="testng-reports1.css" rel="stylesheet" id="ultra" />
    <link type="text/css" href="testng-reports.css" rel="stylesheet" id="retro" disabled="false"/>
    <script type="text/javascript" src="jquery.min.js"></script>
    <script type="text/javascript" src="testng-reports.js"></script>
    <script type="text/javascript" src="https://www.google.com/jsapi"></script>
    <script type='text/javascript'>
      google.load('visualization', '1', {packages:['table']});
      google.setOnLoadCallback(drawTable);
      var suiteTableInitFunctions = new Array();
      var suiteTableData = new Array();
    </script>
    <!--
      <script type="text/javascript" src="jquery-ui/js/jquery-ui-1.8.16.custom.min.js"></script>
     -->
  </head>

  <body>
    <div class="top-banner-root">
      <span class="top-banner-title-font">Test results</span>
      <button id="button" class="button">Switch Retro Theme</button> <!-- button -->
      <br/>
      <span class="top-banner-font-1">1 suite</span>
    </div> <!-- top-banner-root -->
    <div class="navigator-root">
      <div class="navigator-suite-header">
        <span>All suites</span>
        <a href="#" title="Collapse/expand all the suites" class="collapse-all-link">
          <img src="collapseall.gif" class="collapse-all-icon">
          </img> <!-- collapse-all-icon -->
        </a> <!-- collapse-all-link -->
      </div> <!-- navigator-suite-header -->
      <div class="suite">
        <div class="rounded-window">
          <div class="suite-header light-rounded-window-top">
            <a href="#" panel-name="suite-Suite" class="navigator-link">
              <span class="suite-name border-skipped">Suite</span>
            </a> <!-- navigator-link -->
          </div> <!-- suite-header light-rounded-window-top -->
          <div class="navigator-suite-content">
            <div class="suite-section-title">
              <span>Info</span>
            </div> <!-- suite-section-title -->
            <div class="suite-section-content">
              <ul>
                <li>
                  <a href="#" panel-name="test-xml-Suite" class="navigator-link ">
                    <span>C:\Users\aanand\git\TalygenTimeTracking\TalygenTimeTracking\Time_Tracking_testng.xml</span>
                  </a> <!-- navigator-link  -->
                </li>
                <li>
                  <a href="#" panel-name="testlist-Suite" class="navigator-link ">
                    <span class="test-stats">1 test</span>
                  </a> <!-- navigator-link  -->
                </li>
                <li>
                  <a href="#" panel-name="group-Suite" class="navigator-link ">
                    <span>0 groups</span>
                  </a> <!-- navigator-link  -->
                </li>
                <li>
                  <a href="#" panel-name="times-Suite" class="navigator-link ">
                    <span>Times</span>
                  </a> <!-- navigator-link  -->
                </li>
                <li>
                  <a href="#" panel-name="reporter-Suite" class="navigator-link ">
                    <span>Reporter output</span>
                  </a> <!-- navigator-link  -->
                </li>
                <li>
                  <a href="#" panel-name="ignored-methods-Suite" class="navigator-link ">
                    <span>Ignored methods</span>
                  </a> <!-- navigator-link  -->
                </li>
                <li>
                  <a href="#" panel-name="chronological-Suite" class="navigator-link ">
                    <span>Chronological view</span>
                  </a> <!-- navigator-link  -->
                </li>
              </ul>
            </div> <!-- suite-section-content -->
            <div class="result-section">
              <div class="suite-section-title">
                <span>Results</span>
              </div> <!-- suite-section-title -->
              <div class="suite-section-content">
                <ul>
                  <li>
                    <span class="method-stats">70 methods,  70 skipped,  </span>
                  </li>
                  <li>
                    <span class="method-list-title skipped">Skipped methods</span>
                    <span class="show-or-hide-methods skipped">
                      <a href="#" panel-name="suite-Suite" class="hide-methods skipped suite-Suite"> (hide)</a> <!-- hide-methods skipped suite-Suite -->
                      <a href="#" panel-name="suite-Suite" class="show-methods skipped suite-Suite"> (show)</a> <!-- show-methods skipped suite-Suite -->
                    </span>
                    <div class="method-list-content skipped suite-Suite">
                      <span>
                        <img src="skipped.png" width="3%"/>
                        <a href="#" panel-name="suite-Suite" title="testCases.BulkTimeEntryTest" class="method navigator-link" hash-for-method="CheckFunctionalityOfDeleteBulkTimeEntryButtton">CheckFunctionalityOfDeleteBulkTimeEntryButtton</a> <!-- method navigator-link -->
                      </span>
                      <br/>
                      <span>
                        <img src="skipped.png" width="3%"/>
                        <a href="#" panel-name="suite-Suite" title="testCases.BulkTimeEntryTest" class="method navigator-link" hash-for-method="CheckFunctionalityOfResetBulkTimeEntryButtton">CheckFunctionalityOfResetBulkTimeEntryButtton</a> <!-- method navigator-link -->
                      </span>
                      <br/>
                      <span>
                        <img src="skipped.png" width="3%"/>
                        <a href="#" panel-name="suite-Suite" title="testCases.TimeApprovalTest" class="method navigator-link" hash-for-method="ValidateTimeSheetApproveFunctionality">ValidateTimeSheetApproveFunctionality</a> <!-- method navigator-link -->
                      </span>
                      <br/>
                      <span>
                        <img src="skipped.png" width="3%"/>
                        <a href="#" panel-name="suite-Suite" title="testCases.TimeApprovalTest" class="method navigator-link" hash-for-method="ValidateTimeSheetRejectionFunctionality">ValidateTimeSheetRejectionFunctionality</a> <!-- method navigator-link -->
                      </span>
                      <br/>
                      <span>
                        <img src="skipped.png" width="3%"/>
                        <a href="#" panel-name="suite-Suite" title="testCases.TimeApprovalTest" class="method navigator-link" hash-for-method="ValidationCheck">ValidationCheck</a> <!-- method navigator-link -->
                      </span>
                      <br/>
                      <span>
                        <img src="skipped.png" width="3%"/>
                        <a href="#" panel-name="suite-Suite" title="testCases.CompanySetupAddUserTest" class="method navigator-link" hash-for-method="ValidationCheck">ValidationCheck</a> <!-- method navigator-link -->
                      </span>
                      <br/>
                      <span>
                        <img src="skipped.png" width="3%"/>
                        <a href="#" panel-name="suite-Suite" title="testCases.TimeReportTest" class="method navigator-link" hash-for-method="ValidationCheck">ValidationCheck</a> <!-- method navigator-link -->
                      </span>
                      <br/>
                      <span>
                        <img src="skipped.png" width="3%"/>
                        <a href="#" panel-name="suite-Suite" title="testCases.TimeSheetTest" class="method navigator-link" hash-for-method="ValidationCheck">ValidationCheck</a> <!-- method navigator-link -->
                      </span>
                      <br/>
                      <span>
                        <img src="skipped.png" width="3%"/>
                        <a href="#" panel-name="suite-Suite" title="testCases.TimeReportTest" class="method navigator-link" hash-for-method="ValidationOfClientReportWithDepartmentName">ValidationOfClientReportWithDepartmentName</a> <!-- method navigator-link -->
                      </span>
                      <br/>
                      <span>
                        <img src="skipped.png" width="3%"/>
                        <a href="#" panel-name="suite-Suite" title="testCases.TimeReportTest" class="method navigator-link" hash-for-method="ValidationOfClientReportWithProjectName">ValidationOfClientReportWithProjectName</a> <!-- method navigator-link -->
                      </span>
                      <br/>
                      <span>
                        <img src="skipped.png" width="3%"/>
                        <a href="#" panel-name="suite-Suite" title="testCases.TimeReportTest" class="method navigator-link" hash-for-method="ValidationOfClientReportWithUserName">ValidationOfClientReportWithUserName</a> <!-- method navigator-link -->
                      </span>
                      <br/>
                      <span>
                        <img src="skipped.png" width="3%"/>
                        <a href="#" panel-name="suite-Suite" title="testCases.TimeReportTest" class="method navigator-link" hash-for-method="ValidationOfHalfYearlyProjectReportwithDepartmentName">ValidationOfHalfYearlyProjectReportwithDepartmentName</a> <!-- method navigator-link -->
                      </span>
                      <br/>
                      <span>
                        <img src="skipped.png" width="3%"/>
                        <a href="#" panel-name="suite-Suite" title="testCases.TimeReportTest" class="method navigator-link" hash-for-method="ValidationOfHalfYearlyProjectReportwithProjectName">ValidationOfHalfYearlyProjectReportwithProjectName</a> <!-- method navigator-link -->
                      </span>
                      <br/>
                      <span>
                        <img src="skipped.png" width="3%"/>
                        <a href="#" panel-name="suite-Suite" title="testCases.TimeReportTest" class="method navigator-link" hash-for-method="ValidationOfHalfYearlyProjectReportwithUserName">ValidationOfHalfYearlyProjectReportwithUserName</a> <!-- method navigator-link -->
                      </span>
                      <br/>
                      <span>
                        <img src="skipped.png" width="3%"/>
                        <a href="#" panel-name="suite-Suite" title="testCases.TimeReportTest" class="method navigator-link" hash-for-method="ValidationOfOneWeekProjectReportWithDepartmentName">ValidationOfOneWeekProjectReportWithDepartmentName</a> <!-- method navigator-link -->
                      </span>
                      <br/>
                      <span>
                        <img src="skipped.png" width="3%"/>
                        <a href="#" panel-name="suite-Suite" title="testCases.TimeReportTest" class="method navigator-link" hash-for-method="ValidationOfOneWeekProjectReportWithProjectName">ValidationOfOneWeekProjectReportWithProjectName</a> <!-- method navigator-link -->
                      </span>
                      <br/>
                      <span>
                        <img src="skipped.png" width="3%"/>
                        <a href="#" panel-name="suite-Suite" title="testCases.TimeReportTest" class="method navigator-link" hash-for-method="ValidationOfOneWeekProjectReportWithUserName">ValidationOfOneWeekProjectReportWithUserName</a> <!-- method navigator-link -->
                      </span>
                      <br/>
                      <span>
                        <img src="skipped.png" width="3%"/>
                        <a href="#" panel-name="suite-Suite" title="testCases.TimeReportTest" class="method navigator-link" hash-for-method="ValidationOfProjectDetailsReportWithDepartmentname">ValidationOfProjectDetailsReportWithDepartmentname</a> <!-- method navigator-link -->
                      </span>
                      <br/>
                      <span>
                        <img src="skipped.png" width="3%"/>
                        <a href="#" panel-name="suite-Suite" title="testCases.TimeReportTest" class="method navigator-link" hash-for-method="ValidationOfProjectDetailsReportWithProjectname">ValidationOfProjectDetailsReportWithProjectname</a> <!-- method navigator-link -->
                      </span>
                      <br/>
                      <span>
                        <img src="skipped.png" width="3%"/>
                        <a href="#" panel-name="suite-Suite" title="testCases.TimeReportTest" class="method navigator-link" hash-for-method="ValidationOfProjectDetailsReportWithUsername">ValidationOfProjectDetailsReportWithUsername</a> <!-- method navigator-link -->
                      </span>
                      <br/>
                      <span>
                        <img src="skipped.png" width="3%"/>
                        <a href="#" panel-name="suite-Suite" title="testCases.TimeReportTest" class="method navigator-link" hash-for-method="ValidationOfProjectReportWithDepartnamename">ValidationOfProjectReportWithDepartnamename</a> <!-- method navigator-link -->
                      </span>
                      <br/>
                      <span>
                        <img src="skipped.png" width="3%"/>
                        <a href="#" panel-name="suite-Suite" title="testCases.TimeReportTest" class="method navigator-link" hash-for-method="ValidationOfProjectReportWithPriojectname">ValidationOfProjectReportWithPriojectname</a> <!-- method navigator-link -->
                      </span>
                      <br/>
                      <span>
                        <img src="skipped.png" width="3%"/>
                        <a href="#" panel-name="suite-Suite" title="testCases.TimeReportTest" class="method navigator-link" hash-for-method="ValidationOfProjectReportWithUsername">ValidationOfProjectReportWithUsername</a> <!-- method navigator-link -->
                      </span>
                      <br/>
                      <span>
                        <img src="skipped.png" width="3%"/>
                        <a href="#" panel-name="suite-Suite" title="testCases.TimeReportTest" class="method navigator-link" hash-for-method="ValidationOfProjectwiseReportWithProjectName">ValidationOfProjectwiseReportWithProjectName</a> <!-- method navigator-link -->
                      </span>
                      <br/>
                      <span>
                        <img src="skipped.png" width="3%"/>
                        <a href="#" panel-name="suite-Suite" title="testCases.TimeReportTest" class="method navigator-link" hash-for-method="ValidationOfProjectwiseReportWithTeamMemeber">ValidationOfProjectwiseReportWithTeamMemeber</a> <!-- method navigator-link -->
                      </span>
                      <br/>
                      <span>
                        <img src="skipped.png" width="3%"/>
                        <a href="#" panel-name="suite-Suite" title="testCases.TimeReportTest" class="method navigator-link" hash-for-method="ValidationOfTimeSheetReportWithProjectname">ValidationOfTimeSheetReportWithProjectname</a> <!-- method navigator-link -->
                      </span>
                      <br/>
                      <span>
                        <img src="skipped.png" width="3%"/>
                        <a href="#" panel-name="suite-Suite" title="testCases.TimeReportTest" class="method navigator-link" hash-for-method="ValidationOfTimeSheetReportWithUsername">ValidationOfTimeSheetReportWithUsername</a> <!-- method navigator-link -->
                      </span>
                      <br/>
                      <span>
                        <img src="skipped.png" width="3%"/>
                        <a href="#" panel-name="suite-Suite" title="testCases.TimeReportTest" class="method navigator-link" hash-for-method="ValidationOfTrackEnrtyDetailsReportWithDepartmentname">ValidationOfTrackEnrtyDetailsReportWithDepartmentname</a> <!-- method navigator-link -->
                      </span>
                      <br/>
                      <span>
                        <img src="skipped.png" width="3%"/>
                        <a href="#" panel-name="suite-Suite" title="testCases.TimeReportTest" class="method navigator-link" hash-for-method="ValidationOfTrackEnrtyDetailsReportWithProjectName">ValidationOfTrackEnrtyDetailsReportWithProjectName</a> <!-- method navigator-link -->
                      </span>
                      <br/>
                      <span>
                        <img src="skipped.png" width="3%"/>
                        <a href="#" panel-name="suite-Suite" title="testCases.TimeReportTest" class="method navigator-link" hash-for-method="ValidationOfTrackEnrtyDetailsReportWithUserName">ValidationOfTrackEnrtyDetailsReportWithUserName</a> <!-- method navigator-link -->
                      </span>
                      <br/>
                      <span>
                        <img src="skipped.png" width="3%"/>
                        <a href="#" panel-name="suite-Suite" title="testCases.TimeReportTest" class="method navigator-link" hash-for-method="ValidationOfUserReportWithDepartmentname">ValidationOfUserReportWithDepartmentname</a> <!-- method navigator-link -->
                      </span>
                      <br/>
                      <span>
                        <img src="skipped.png" width="3%"/>
                        <a href="#" panel-name="suite-Suite" title="testCases.TimeReportTest" class="method navigator-link" hash-for-method="ValidationOfUserReportWithProjectname">ValidationOfUserReportWithProjectname</a> <!-- method navigator-link -->
                      </span>
                      <br/>
                      <span>
                        <img src="skipped.png" width="3%"/>
                        <a href="#" panel-name="suite-Suite" title="testCases.TimeReportTest" class="method navigator-link" hash-for-method="ValidationOfUserReportWithusername">ValidationOfUserReportWithusername</a> <!-- method navigator-link -->
                      </span>
                      <br/>
                      <span>
                        <img src="skipped.png" width="3%"/>
                        <a href="#" panel-name="suite-Suite" title="testCases.TimeReportTest" class="method navigator-link" hash-for-method="ValidationOfUserWiseReportWithDepartmentName">ValidationOfUserWiseReportWithDepartmentName</a> <!-- method navigator-link -->
                      </span>
                      <br/>
                      <span>
                        <img src="skipped.png" width="3%"/>
                        <a href="#" panel-name="suite-Suite" title="testCases.TimeReportTest" class="method navigator-link" hash-for-method="ValidationOfUserWiseReportWithProjectName">ValidationOfUserWiseReportWithProjectName</a> <!-- method navigator-link -->
                      </span>
                      <br/>
                      <span>
                        <img src="skipped.png" width="3%"/>
                        <a href="#" panel-name="suite-Suite" title="testCases.TimeReportTest" class="method navigator-link" hash-for-method="ValidationOfUserWiseReportWithUserName">ValidationOfUserWiseReportWithUserName</a> <!-- method navigator-link -->
                      </span>
                      <br/>
                      <span>
                        <img src="skipped.png" width="3%"/>
                        <a href="#" panel-name="suite-Suite" title="testCases.TimeReportTest" class="method navigator-link" hash-for-method="ValidationOfentryWiseReportwithDepartmentName">ValidationOfentryWiseReportwithDepartmentName</a> <!-- method navigator-link -->
                      </span>
                      <br/>
                      <span>
                        <img src="skipped.png" width="3%"/>
                        <a href="#" panel-name="suite-Suite" title="testCases.TimeReportTest" class="method navigator-link" hash-for-method="ValidationOfentryWiseReportwithProjectName">ValidationOfentryWiseReportwithProjectName</a> <!-- method navigator-link -->
                      </span>
                      <br/>
                      <span>
                        <img src="skipped.png" width="3%"/>
                        <a href="#" panel-name="suite-Suite" title="testCases.TimeReportTest" class="method navigator-link" hash-for-method="ValidationOfentryWiseReportwithUsername">ValidationOfentryWiseReportwithUsername</a> <!-- method navigator-link -->
                      </span>
                      <br/>
                      <span>
                        <img src="skipped.png" width="3%"/>
                        <a href="#" panel-name="suite-Suite" title="testCases.TimeReportTest" class="method navigator-link" hash-for-method="ValidationOfprofitabilityProjectReportwithProjectName">ValidationOfprofitabilityProjectReportwithProjectName</a> <!-- method navigator-link -->
                      </span>
                      <br/>
                      <span>
                        <img src="skipped.png" width="3%"/>
                        <a href="#" panel-name="suite-Suite" title="testCases.TimeReportTest" class="method navigator-link" hash-for-method="ValidationOfprofitabilityProjectReportwithchannelName">ValidationOfprofitabilityProjectReportwithchannelName</a> <!-- method navigator-link -->
                      </span>
                      <br/>
                      <span>
                        <img src="skipped.png" width="3%"/>
                        <a href="#" panel-name="suite-Suite" title="testCases.TimeReportTest" class="method navigator-link" hash-for-method="ValidationOneMonthProjectReportWithDepartmentName">ValidationOneMonthProjectReportWithDepartmentName</a> <!-- method navigator-link -->
                      </span>
                      <br/>
                      <span>
                        <img src="skipped.png" width="3%"/>
                        <a href="#" panel-name="suite-Suite" title="testCases.TimeReportTest" class="method navigator-link" hash-for-method="ValidationOneMonthProjectReportWithProjectName">ValidationOneMonthProjectReportWithProjectName</a> <!-- method navigator-link -->
                      </span>
                      <br/>
                      <span>
                        <img src="skipped.png" width="3%"/>
                        <a href="#" panel-name="suite-Suite" title="testCases.TimeReportTest" class="method navigator-link" hash-for-method="ValidationOneMonthProjectReportWithUserName">ValidationOneMonthProjectReportWithUserName</a> <!-- method navigator-link -->
                      </span>
                      <br/>
                      <span>
                        <img src="skipped.png" width="3%"/>
                        <a href="#" panel-name="suite-Suite" title="testCases.TimeTrackTest" class="method navigator-link" hash-for-method="VerifyTimeTrackactivity">VerifyTimeTrackactivity</a> <!-- method navigator-link -->
                      </span>
                      <br/>
                      <span>
                        <img src="skipped.png" width="3%"/>
                        <a href="#" panel-name="suite-Suite" title="testCases.TimeTrackTest" class="method navigator-link" hash-for-method="VerifyclanderViewFunctionality">VerifyclanderViewFunctionality</a> <!-- method navigator-link -->
                      </span>
                      <br/>
                      <span>
                        <img src="skipped.png" width="3%"/>
                        <a href="#" panel-name="suite-Suite" title="testCases.BulkTimeEntryTest" class="method navigator-link" hash-for-method="addBulkTimeEntry">addBulkTimeEntry</a> <!-- method navigator-link -->
                      </span>
                      <br/>
                      <span>
                        <img src="skipped.png" width="3%"/>
                        <a href="#" panel-name="suite-Suite" title="testCases.AuditRuleTest" class="method navigator-link" hash-for-method="addNewAuditRuleWithEqualTimeTrackingHour">addNewAuditRuleWithEqualTimeTrackingHour</a> <!-- method navigator-link -->
                      </span>
                      <br/>
                      <span>
                        <img src="skipped.png" width="3%"/>
                        <a href="#" panel-name="suite-Suite" title="testCases.ProjectListingTest" class="method navigator-link" hash-for-method="addProjectWithDefaultTemplate">addProjectWithDefaultTemplate</a> <!-- method navigator-link -->
                      </span>
                      <br/>
                      <span>
                        <img src="skipped.png" width="3%"/>
                        <a href="#" panel-name="suite-Suite" title="testCases.CompanySetupAddUserTest" class="method navigator-link" hash-for-method="addUser">addUser</a> <!-- method navigator-link -->
                      </span>
                      <br/>
                      <span>
                        <img src="skipped.png" width="3%"/>
                        <a href="#" panel-name="suite-Suite" title="testCases.ProjectListingTest" class="method navigator-link" hash-for-method="deleteProjectFromList">deleteProjectFromList</a> <!-- method navigator-link -->
                      </span>
                      <br/>
                      <span>
                        <img src="skipped.png" width="3%"/>
                        <a href="#" panel-name="suite-Suite" title="testCases.TimeTrackTest" class="method navigator-link" hash-for-method="startTimeTrack">startTimeTrack</a> <!-- method navigator-link -->
                      </span>
                      <br/>
                      <span>
                        <img src="skipped.png" width="3%"/>
                        <a href="#" panel-name="suite-Suite" title="testCases.TimeTrackForFlagTrackEntryTest" class="method navigator-link" hash-for-method="startTimeTrack">startTimeTrack</a> <!-- method navigator-link -->
                      </span>
                      <br/>
                      <span>
                        <img src="skipped.png" width="3%"/>
                        <a href="#" panel-name="suite-Suite" title="testCases.TimeTrackTest" class="method navigator-link" hash-for-method="validateAddTimeEntryManually">validateAddTimeEntryManually</a> <!-- method navigator-link -->
                      </span>
                      <br/>
                      <span>
                        <img src="skipped.png" width="3%"/>
                        <a href="#" panel-name="suite-Suite" title="testCases.TimeSheetTest" class="method navigator-link" hash-for-method="validateSendForApproval">validateSendForApproval</a> <!-- method navigator-link -->
                      </span>
                      <br/>
                      <span>
                        <img src="skipped.png" width="3%"/>
                        <a href="#" panel-name="suite-Suite" title="testCases.TimeSheetTest" class="method navigator-link" hash-for-method="validatefunctionalityOfTimeSheet">validatefunctionalityOfTimeSheet</a> <!-- method navigator-link -->
                      </span>
                      <br/>
                      <span>
                        <img src="skipped.png" width="3%"/>
                        <a href="#" panel-name="suite-Suite" title="testCases.TimeTrackTest" class="method navigator-link" hash-for-method="validatetimeEntryThroughFilter">validatetimeEntryThroughFilter</a> <!-- method navigator-link -->
                      </span>
                      <br/>
                      <span>
                        <img src="skipped.png" width="3%"/>
                        <a href="#" panel-name="suite-Suite" title="testCases.FlagTrackEntryTest" class="method navigator-link" hash-for-method="validationCheck">validationCheck</a> <!-- method navigator-link -->
                      </span>
                      <br/>
                      <span>
                        <img src="skipped.png" width="3%"/>
                        <a href="#" panel-name="suite-Suite" title="testCases.AuditRuleTest" class="method navigator-link" hash-for-method="validationCheck">validationCheck</a> <!-- method navigator-link -->
                      </span>
                      <br/>
                      <span>
                        <img src="skipped.png" width="3%"/>
                        <a href="#" panel-name="suite-Suite" title="testCases.BulkTimeEntryTest" class="method navigator-link" hash-for-method="validationCheckOfAddMultipleBulkTimeEntryButtton">validationCheckOfAddMultipleBulkTimeEntryButtton</a> <!-- method navigator-link -->
                      </span>
                      <br/>
                      <span>
                        <img src="skipped.png" width="3%"/>
                        <a href="#" panel-name="suite-Suite" title="testCases.AuditRuleTest" class="method navigator-link" hash-for-method="validationCheckOfAuditRemove">validationCheckOfAuditRemove</a> <!-- method navigator-link -->
                      </span>
                      <br/>
                      <span>
                        <img src="skipped.png" width="3%"/>
                        <a href="#" panel-name="suite-Suite" title="testCases.AuditRuleTest" class="method navigator-link" hash-for-method="validationCheckOfAuditRuleName">validationCheckOfAuditRuleName</a> <!-- method navigator-link -->
                      </span>
                      <br/>
                      <span>
                        <img src="skipped.png" width="3%"/>
                        <a href="#" panel-name="suite-Suite" title="testCases.AuditRuleTest" class="method navigator-link" hash-for-method="validationCheckOfAuditUpdate">validationCheckOfAuditUpdate</a> <!-- method navigator-link -->
                      </span>
                      <br/>
                      <span>
                        <img src="skipped.png" width="3%"/>
                        <a href="#" panel-name="suite-Suite" title="testCases.BulkTimeEntryTest" class="method navigator-link" hash-for-method="validationCheckOfBulkTimeEntry">validationCheckOfBulkTimeEntry</a> <!-- method navigator-link -->
                      </span>
                      <br/>
                      <span>
                        <img src="skipped.png" width="3%"/>
                        <a href="#" panel-name="suite-Suite" title="testCases.WorkDairyTest" class="method navigator-link" hash-for-method="validationCheckOfWorkDairy">validationCheckOfWorkDairy</a> <!-- method navigator-link -->
                      </span>
                      <br/>
                      <span>
                        <img src="skipped.png" width="3%"/>
                        <a href="#" panel-name="suite-Suite" title="testCases.FlagTrackEntryTest" class="method navigator-link" hash-for-method="validationOfFlagedFunctionality">validationOfFlagedFunctionality</a> <!-- method navigator-link -->
                      </span>
                      <br/>
                      <span>
                        <img src="skipped.png" width="3%"/>
                        <a href="#" panel-name="suite-Suite" title="testCases.WorkDairyTest" class="method navigator-link" hash-for-method="validationOfScreenShot">validationOfScreenShot</a> <!-- method navigator-link -->
                      </span>
                      <br/>
                      <span>
                        <img src="skipped.png" width="3%"/>
                        <a href="#" panel-name="suite-Suite" title="testCases.FlagTrackEntryTest" class="method navigator-link" hash-for-method="validationOfSearchFunctionality">validationOfSearchFunctionality</a> <!-- method navigator-link -->
                      </span>
                      <br/>
                      <span>
                        <img src="skipped.png" width="3%"/>
                        <a href="#" panel-name="suite-Suite" title="testCases.FlagTrackEntryTest" class="method navigator-link" hash-for-method="validationOfUnFlagedFunctionality">validationOfUnFlagedFunctionality</a> <!-- method navigator-link -->
                      </span>
                      <br/>
                      <span>
                        <img src="skipped.png" width="3%"/>
                        <a href="#" panel-name="suite-Suite" title="testCases.FlagTrackEntryTest" class="method navigator-link" hash-for-method="validationOfUpdateFunctionality">validationOfUpdateFunctionality</a> <!-- method navigator-link -->
                      </span>
                      <br/>
                    </div> <!-- method-list-content skipped suite-Suite -->
                  </li>
                </ul>
              </div> <!-- suite-section-content -->
            </div> <!-- result-section -->
          </div> <!-- navigator-suite-content -->
        </div> <!-- rounded-window -->
      </div> <!-- suite -->
    </div> <!-- navigator-root -->
    <div class="wrapper">
      <div class="main-panel-root">
        <div panel-name="suite-Suite" class="panel Suite">
          <div class="suite-Suite-class-skipped">
            <div class="main-panel-header rounded-window-top">
              <img src="skipped.png"/>
              <span class="class-name">testCases.CompanySetupAddUserTest</span>
            </div> <!-- main-panel-header rounded-window-top -->
            <div class="main-panel-content rounded-window-bottom">
              <div class="method">
                <div class="method-content">
                  <a name="ValidationCheck">
                  </a> <!-- ValidationCheck -->
                  <span class="method-name">ValidationCheck</span>
                  <div class="stack-trace">java.lang.IllegalStateException: The driver executable does not exist: C:\Users\aanand\git\TalygenTimeTracking\TalygenTimeTracking\chromedriver.exe
	at com.google.common.base.Preconditions.checkState(Preconditions.java:585)
	at org.openqa.selenium.remote.service.DriverService.checkExecutable(DriverService.java:146)
	at org.openqa.selenium.remote.service.DriverService.findExecutable(DriverService.java:141)
	at org.openqa.selenium.chrome.ChromeDriverService.access$000(ChromeDriverService.java:35)
	at org.openqa.selenium.chrome.ChromeDriverService$Builder.findDefaultExecutable(ChromeDriverService.java:159)
	at org.openqa.selenium.remote.service.DriverService$Builder.build(DriverService.java:355)
	at org.openqa.selenium.chrome.ChromeDriverService.createDefaultService(ChromeDriverService.java:94)
	at org.openqa.selenium.chrome.ChromeDriver.&lt;init&gt;(ChromeDriver.java:157)
	at utils.Drivers.getWebDriver(Drivers.java:59)
	at utils.WebTestBase.setUp(WebTestBase.java:51)
	at java.base/java.util.ArrayList.forEach(ArrayList.java:1511)
... Removed 25 stack frames
</div> <!-- stack-trace -->
                </div> <!-- method-content -->
              </div> <!-- method -->
              <div class="method">
                <div class="method-content">
                  <a name="addUser">
                  </a> <!-- addUser -->
                  <span class="method-name">addUser</span>
                  <div class="stack-trace">java.lang.NullPointerException: Cannot invoke &quot;org.openqa.selenium.TakesScreenshot.getScreenshotAs(org.openqa.selenium.OutputType)&quot; because &quot;this.driver&quot; is null
	at utils.WebTestBase.reportWrapUp(WebTestBase.java:70)
	at java.base/java.util.ArrayList.forEach(ArrayList.java:1511)
... Removed 31 stack frames
</div> <!-- stack-trace -->
                </div> <!-- method-content -->
              </div> <!-- method -->
            </div> <!-- main-panel-content rounded-window-bottom -->
          </div> <!-- suite-Suite-class-skipped -->
          <div class="suite-Suite-class-skipped">
            <div class="main-panel-header rounded-window-top">
              <img src="skipped.png"/>
              <span class="class-name">testCases.FlagTrackEntryTest</span>
            </div> <!-- main-panel-header rounded-window-top -->
            <div class="main-panel-content rounded-window-bottom">
              <div class="method">
                <div class="method-content">
                  <a name="validationCheck">
                  </a> <!-- validationCheck -->
                  <span class="method-name">validationCheck</span>
                  <div class="stack-trace">java.lang.IllegalStateException: The driver executable does not exist: C:\Users\aanand\git\TalygenTimeTracking\TalygenTimeTracking\chromedriver.exe
	at com.google.common.base.Preconditions.checkState(Preconditions.java:585)
	at org.openqa.selenium.remote.service.DriverService.checkExecutable(DriverService.java:146)
	at org.openqa.selenium.remote.service.DriverService.findExecutable(DriverService.java:141)
	at org.openqa.selenium.chrome.ChromeDriverService.access$000(ChromeDriverService.java:35)
	at org.openqa.selenium.chrome.ChromeDriverService$Builder.findDefaultExecutable(ChromeDriverService.java:159)
	at org.openqa.selenium.remote.service.DriverService$Builder.build(DriverService.java:355)
	at org.openqa.selenium.chrome.ChromeDriverService.createDefaultService(ChromeDriverService.java:94)
	at org.openqa.selenium.chrome.ChromeDriver.&lt;init&gt;(ChromeDriver.java:157)
	at utils.Drivers.getWebDriver(Drivers.java:59)
	at utils.WebTestBase.setUp(WebTestBase.java:51)
	at java.base/java.util.ArrayList.forEach(ArrayList.java:1511)
... Removed 25 stack frames
</div> <!-- stack-trace -->
                </div> <!-- method-content -->
              </div> <!-- method -->
              <div class="method">
                <div class="method-content">
                  <a name="validationOfFlagedFunctionality">
                  </a> <!-- validationOfFlagedFunctionality -->
                  <span class="method-name">validationOfFlagedFunctionality</span>
                  <div class="stack-trace">java.lang.NullPointerException: Cannot invoke &quot;org.openqa.selenium.TakesScreenshot.getScreenshotAs(org.openqa.selenium.OutputType)&quot; because &quot;this.driver&quot; is null
	at utils.WebTestBase.reportWrapUp(WebTestBase.java:70)
	at java.base/java.util.ArrayList.forEach(ArrayList.java:1511)
... Removed 31 stack frames
</div> <!-- stack-trace -->
                </div> <!-- method-content -->
              </div> <!-- method -->
              <div class="method">
                <div class="method-content">
                  <a name="validationOfSearchFunctionality">
                  </a> <!-- validationOfSearchFunctionality -->
                  <span class="method-name">validationOfSearchFunctionality</span>
                  <div class="stack-trace">java.lang.NullPointerException: Cannot invoke &quot;org.openqa.selenium.TakesScreenshot.getScreenshotAs(org.openqa.selenium.OutputType)&quot; because &quot;this.driver&quot; is null
	at utils.WebTestBase.reportWrapUp(WebTestBase.java:70)
	at java.base/java.util.ArrayList.forEach(ArrayList.java:1511)
... Removed 31 stack frames
</div> <!-- stack-trace -->
                </div> <!-- method-content -->
              </div> <!-- method -->
              <div class="method">
                <div class="method-content">
                  <a name="validationOfUnFlagedFunctionality">
                  </a> <!-- validationOfUnFlagedFunctionality -->
                  <span class="method-name">validationOfUnFlagedFunctionality</span>
                  <div class="stack-trace">java.lang.NullPointerException: Cannot invoke &quot;org.openqa.selenium.TakesScreenshot.getScreenshotAs(org.openqa.selenium.OutputType)&quot; because &quot;this.driver&quot; is null
	at utils.WebTestBase.reportWrapUp(WebTestBase.java:70)
	at java.base/java.util.ArrayList.forEach(ArrayList.java:1511)
... Removed 31 stack frames
</div> <!-- stack-trace -->
                </div> <!-- method-content -->
              </div> <!-- method -->
              <div class="method">
                <div class="method-content">
                  <a name="validationOfUpdateFunctionality">
                  </a> <!-- validationOfUpdateFunctionality -->
                  <span class="method-name">validationOfUpdateFunctionality</span>
                  <div class="stack-trace">java.lang.NullPointerException: Cannot invoke &quot;org.openqa.selenium.TakesScreenshot.getScreenshotAs(org.openqa.selenium.OutputType)&quot; because &quot;this.driver&quot; is null
	at utils.WebTestBase.reportWrapUp(WebTestBase.java:70)
	at java.base/java.util.ArrayList.forEach(ArrayList.java:1511)
... Removed 31 stack frames
</div> <!-- stack-trace -->
                </div> <!-- method-content -->
              </div> <!-- method -->
            </div> <!-- main-panel-content rounded-window-bottom -->
          </div> <!-- suite-Suite-class-skipped -->
          <div class="suite-Suite-class-skipped">
            <div class="main-panel-header rounded-window-top">
              <img src="skipped.png"/>
              <span class="class-name">testCases.TimeSheetTest</span>
            </div> <!-- main-panel-header rounded-window-top -->
            <div class="main-panel-content rounded-window-bottom">
              <div class="method">
                <div class="method-content">
                  <a name="ValidationCheck">
                  </a> <!-- ValidationCheck -->
                  <span class="method-name">ValidationCheck</span>
                  <div class="stack-trace">java.lang.IllegalStateException: The driver executable does not exist: C:\Users\aanand\git\TalygenTimeTracking\TalygenTimeTracking\chromedriver.exe
	at com.google.common.base.Preconditions.checkState(Preconditions.java:585)
	at org.openqa.selenium.remote.service.DriverService.checkExecutable(DriverService.java:146)
	at org.openqa.selenium.remote.service.DriverService.findExecutable(DriverService.java:141)
	at org.openqa.selenium.chrome.ChromeDriverService.access$000(ChromeDriverService.java:35)
	at org.openqa.selenium.chrome.ChromeDriverService$Builder.findDefaultExecutable(ChromeDriverService.java:159)
	at org.openqa.selenium.remote.service.DriverService$Builder.build(DriverService.java:355)
	at org.openqa.selenium.chrome.ChromeDriverService.createDefaultService(ChromeDriverService.java:94)
	at org.openqa.selenium.chrome.ChromeDriver.&lt;init&gt;(ChromeDriver.java:157)
	at utils.Drivers.getWebDriver(Drivers.java:59)
	at utils.WebTestBase.setUp(WebTestBase.java:51)
	at java.base/java.util.ArrayList.forEach(ArrayList.java:1511)
... Removed 25 stack frames
</div> <!-- stack-trace -->
                </div> <!-- method-content -->
              </div> <!-- method -->
              <div class="method">
                <div class="method-content">
                  <a name="validateSendForApproval">
                  </a> <!-- validateSendForApproval -->
                  <span class="method-name">validateSendForApproval</span>
                  <div class="stack-trace">java.lang.NullPointerException: Cannot invoke &quot;org.openqa.selenium.TakesScreenshot.getScreenshotAs(org.openqa.selenium.OutputType)&quot; because &quot;this.driver&quot; is null
	at utils.WebTestBase.reportWrapUp(WebTestBase.java:70)
	at java.base/java.util.ArrayList.forEach(ArrayList.java:1511)
... Removed 31 stack frames
</div> <!-- stack-trace -->
                </div> <!-- method-content -->
              </div> <!-- method -->
              <div class="method">
                <div class="method-content">
                  <a name="validatefunctionalityOfTimeSheet">
                  </a> <!-- validatefunctionalityOfTimeSheet -->
                  <span class="method-name">validatefunctionalityOfTimeSheet</span>
                  <div class="stack-trace">java.lang.IllegalStateException: The driver executable does not exist: C:\Users\aanand\git\TalygenTimeTracking\TalygenTimeTracking\chromedriver.exe
	at com.google.common.base.Preconditions.checkState(Preconditions.java:585)
	at org.openqa.selenium.remote.service.DriverService.checkExecutable(DriverService.java:146)
	at org.openqa.selenium.remote.service.DriverService.findExecutable(DriverService.java:141)
	at org.openqa.selenium.chrome.ChromeDriverService.access$000(ChromeDriverService.java:35)
	at org.openqa.selenium.chrome.ChromeDriverService$Builder.findDefaultExecutable(ChromeDriverService.java:159)
	at org.openqa.selenium.remote.service.DriverService$Builder.build(DriverService.java:355)
	at org.openqa.selenium.chrome.ChromeDriverService.createDefaultService(ChromeDriverService.java:94)
	at org.openqa.selenium.chrome.ChromeDriver.&lt;init&gt;(ChromeDriver.java:157)
	at utils.Drivers.getWebDriver(Drivers.java:59)
	at utils.WebTestBase.setUp(WebTestBase.java:51)
	at java.base/java.util.ArrayList.forEach(ArrayList.java:1511)
... Removed 25 stack frames
</div> <!-- stack-trace -->
                </div> <!-- method-content -->
              </div> <!-- method -->
            </div> <!-- main-panel-content rounded-window-bottom -->
          </div> <!-- suite-Suite-class-skipped -->
          <div class="suite-Suite-class-skipped">
            <div class="main-panel-header rounded-window-top">
              <img src="skipped.png"/>
              <span class="class-name">testCases.BulkTimeEntryTest</span>
            </div> <!-- main-panel-header rounded-window-top -->
            <div class="main-panel-content rounded-window-bottom">
              <div class="method">
                <div class="method-content">
                  <a name="CheckFunctionalityOfDeleteBulkTimeEntryButtton">
                  </a> <!-- CheckFunctionalityOfDeleteBulkTimeEntryButtton -->
                  <span class="method-name">CheckFunctionalityOfDeleteBulkTimeEntryButtton</span>
                  <div class="stack-trace">java.lang.NullPointerException: Cannot invoke &quot;org.openqa.selenium.TakesScreenshot.getScreenshotAs(org.openqa.selenium.OutputType)&quot; because &quot;this.driver&quot; is null
	at utils.WebTestBase.reportWrapUp(WebTestBase.java:70)
	at java.base/java.util.ArrayList.forEach(ArrayList.java:1511)
... Removed 31 stack frames
</div> <!-- stack-trace -->
                </div> <!-- method-content -->
              </div> <!-- method -->
              <div class="method">
                <div class="method-content">
                  <a name="CheckFunctionalityOfResetBulkTimeEntryButtton">
                  </a> <!-- CheckFunctionalityOfResetBulkTimeEntryButtton -->
                  <span class="method-name">CheckFunctionalityOfResetBulkTimeEntryButtton</span>
                  <div class="stack-trace">java.lang.NullPointerException: Cannot invoke &quot;org.openqa.selenium.TakesScreenshot.getScreenshotAs(org.openqa.selenium.OutputType)&quot; because &quot;this.driver&quot; is null
	at utils.WebTestBase.reportWrapUp(WebTestBase.java:70)
	at java.base/java.util.ArrayList.forEach(ArrayList.java:1511)
... Removed 31 stack frames
</div> <!-- stack-trace -->
                </div> <!-- method-content -->
              </div> <!-- method -->
              <div class="method">
                <div class="method-content">
                  <a name="addBulkTimeEntry">
                  </a> <!-- addBulkTimeEntry -->
                  <span class="method-name">addBulkTimeEntry</span>
                  <div class="stack-trace">java.lang.NullPointerException: Cannot invoke &quot;org.openqa.selenium.TakesScreenshot.getScreenshotAs(org.openqa.selenium.OutputType)&quot; because &quot;this.driver&quot; is null
	at utils.WebTestBase.reportWrapUp(WebTestBase.java:70)
	at java.base/java.util.ArrayList.forEach(ArrayList.java:1511)
... Removed 31 stack frames
</div> <!-- stack-trace -->
                </div> <!-- method-content -->
              </div> <!-- method -->
              <div class="method">
                <div class="method-content">
                  <a name="validationCheckOfAddMultipleBulkTimeEntryButtton">
                  </a> <!-- validationCheckOfAddMultipleBulkTimeEntryButtton -->
                  <span class="method-name">validationCheckOfAddMultipleBulkTimeEntryButtton</span>
                  <div class="stack-trace">java.lang.NullPointerException: Cannot invoke &quot;org.openqa.selenium.TakesScreenshot.getScreenshotAs(org.openqa.selenium.OutputType)&quot; because &quot;this.driver&quot; is null
	at utils.WebTestBase.reportWrapUp(WebTestBase.java:70)
	at java.base/java.util.ArrayList.forEach(ArrayList.java:1511)
... Removed 31 stack frames
</div> <!-- stack-trace -->
                </div> <!-- method-content -->
              </div> <!-- method -->
              <div class="method">
                <div class="method-content">
                  <a name="validationCheckOfBulkTimeEntry">
                  </a> <!-- validationCheckOfBulkTimeEntry -->
                  <span class="method-name">validationCheckOfBulkTimeEntry</span>
                  <div class="stack-trace">java.lang.IllegalStateException: The driver executable does not exist: C:\Users\aanand\git\TalygenTimeTracking\TalygenTimeTracking\chromedriver.exe
	at com.google.common.base.Preconditions.checkState(Preconditions.java:585)
	at org.openqa.selenium.remote.service.DriverService.checkExecutable(DriverService.java:146)
	at org.openqa.selenium.remote.service.DriverService.findExecutable(DriverService.java:141)
	at org.openqa.selenium.chrome.ChromeDriverService.access$000(ChromeDriverService.java:35)
	at org.openqa.selenium.chrome.ChromeDriverService$Builder.findDefaultExecutable(ChromeDriverService.java:159)
	at org.openqa.selenium.remote.service.DriverService$Builder.build(DriverService.java:355)
	at org.openqa.selenium.chrome.ChromeDriverService.createDefaultService(ChromeDriverService.java:94)
	at org.openqa.selenium.chrome.ChromeDriver.&lt;init&gt;(ChromeDriver.java:157)
	at utils.Drivers.getWebDriver(Drivers.java:59)
	at utils.WebTestBase.setUp(WebTestBase.java:51)
	at java.base/java.util.ArrayList.forEach(ArrayList.java:1511)
... Removed 25 stack frames
</div> <!-- stack-trace -->
                </div> <!-- method-content -->
              </div> <!-- method -->
            </div> <!-- main-panel-content rounded-window-bottom -->
          </div> <!-- suite-Suite-class-skipped -->
          <div class="suite-Suite-class-skipped">
            <div class="main-panel-header rounded-window-top">
              <img src="skipped.png"/>
              <span class="class-name">testCases.TimeTrackForFlagTrackEntryTest</span>
            </div> <!-- main-panel-header rounded-window-top -->
            <div class="main-panel-content rounded-window-bottom">
              <div class="method">
                <div class="method-content">
                  <a name="startTimeTrack">
                  </a> <!-- startTimeTrack -->
                  <span class="method-name">startTimeTrack</span>
                  <div class="stack-trace">java.lang.IllegalStateException: The driver executable does not exist: C:\Users\aanand\git\TalygenTimeTracking\TalygenTimeTracking\chromedriver.exe
	at com.google.common.base.Preconditions.checkState(Preconditions.java:585)
	at org.openqa.selenium.remote.service.DriverService.checkExecutable(DriverService.java:146)
	at org.openqa.selenium.remote.service.DriverService.findExecutable(DriverService.java:141)
	at org.openqa.selenium.chrome.ChromeDriverService.access$000(ChromeDriverService.java:35)
	at org.openqa.selenium.chrome.ChromeDriverService$Builder.findDefaultExecutable(ChromeDriverService.java:159)
	at org.openqa.selenium.remote.service.DriverService$Builder.build(DriverService.java:355)
	at org.openqa.selenium.chrome.ChromeDriverService.createDefaultService(ChromeDriverService.java:94)
	at org.openqa.selenium.chrome.ChromeDriver.&lt;init&gt;(ChromeDriver.java:157)
	at utils.Drivers.getWebDriver(Drivers.java:59)
	at utils.WebTestBase.setUp(WebTestBase.java:51)
	at java.base/java.util.ArrayList.forEach(ArrayList.java:1511)
... Removed 25 stack frames
</div> <!-- stack-trace -->
                </div> <!-- method-content -->
              </div> <!-- method -->
            </div> <!-- main-panel-content rounded-window-bottom -->
          </div> <!-- suite-Suite-class-skipped -->
          <div class="suite-Suite-class-skipped">
            <div class="main-panel-header rounded-window-top">
              <img src="skipped.png"/>
              <span class="class-name">testCases.ProjectListingTest</span>
            </div> <!-- main-panel-header rounded-window-top -->
            <div class="main-panel-content rounded-window-bottom">
              <div class="method">
                <div class="method-content">
                  <a name="addProjectWithDefaultTemplate">
                  </a> <!-- addProjectWithDefaultTemplate -->
                  <span class="method-name">addProjectWithDefaultTemplate</span>
                  <div class="stack-trace">java.lang.IllegalStateException: The driver executable does not exist: C:\Users\aanand\git\TalygenTimeTracking\TalygenTimeTracking\chromedriver.exe
	at com.google.common.base.Preconditions.checkState(Preconditions.java:585)
	at org.openqa.selenium.remote.service.DriverService.checkExecutable(DriverService.java:146)
	at org.openqa.selenium.remote.service.DriverService.findExecutable(DriverService.java:141)
	at org.openqa.selenium.chrome.ChromeDriverService.access$000(ChromeDriverService.java:35)
	at org.openqa.selenium.chrome.ChromeDriverService$Builder.findDefaultExecutable(ChromeDriverService.java:159)
	at org.openqa.selenium.remote.service.DriverService$Builder.build(DriverService.java:355)
	at org.openqa.selenium.chrome.ChromeDriverService.createDefaultService(ChromeDriverService.java:94)
	at org.openqa.selenium.chrome.ChromeDriver.&lt;init&gt;(ChromeDriver.java:157)
	at utils.Drivers.getWebDriver(Drivers.java:59)
	at utils.WebTestBase.setUp(WebTestBase.java:51)
	at java.base/java.util.ArrayList.forEach(ArrayList.java:1511)
... Removed 25 stack frames
</div> <!-- stack-trace -->
                </div> <!-- method-content -->
              </div> <!-- method -->
              <div class="method">
                <div class="method-content">
                  <a name="deleteProjectFromList">
                  </a> <!-- deleteProjectFromList -->
                  <span class="method-name">deleteProjectFromList</span>
                  <div class="stack-trace">java.lang.NullPointerException: Cannot invoke &quot;org.openqa.selenium.TakesScreenshot.getScreenshotAs(org.openqa.selenium.OutputType)&quot; because &quot;this.driver&quot; is null
	at utils.WebTestBase.reportWrapUp(WebTestBase.java:70)
	at java.base/java.util.ArrayList.forEach(ArrayList.java:1511)
... Removed 31 stack frames
</div> <!-- stack-trace -->
                </div> <!-- method-content -->
              </div> <!-- method -->
            </div> <!-- main-panel-content rounded-window-bottom -->
          </div> <!-- suite-Suite-class-skipped -->
          <div class="suite-Suite-class-skipped">
            <div class="main-panel-header rounded-window-top">
              <img src="skipped.png"/>
              <span class="class-name">testCases.AuditRuleTest</span>
            </div> <!-- main-panel-header rounded-window-top -->
            <div class="main-panel-content rounded-window-bottom">
              <div class="method">
                <div class="method-content">
                  <a name="addNewAuditRuleWithEqualTimeTrackingHour">
                  </a> <!-- addNewAuditRuleWithEqualTimeTrackingHour -->
                  <span class="method-name">addNewAuditRuleWithEqualTimeTrackingHour</span>
                  <div class="stack-trace">java.lang.NullPointerException: Cannot invoke &quot;org.openqa.selenium.TakesScreenshot.getScreenshotAs(org.openqa.selenium.OutputType)&quot; because &quot;this.driver&quot; is null
	at utils.WebTestBase.reportWrapUp(WebTestBase.java:70)
	at java.base/java.util.ArrayList.forEach(ArrayList.java:1511)
... Removed 31 stack frames
</div> <!-- stack-trace -->
                </div> <!-- method-content -->
              </div> <!-- method -->
              <div class="method">
                <div class="method-content">
                  <a name="validationCheck">
                  </a> <!-- validationCheck -->
                  <span class="method-name">validationCheck</span>
                  <div class="stack-trace">java.lang.IllegalStateException: The driver executable does not exist: C:\Users\aanand\git\TalygenTimeTracking\TalygenTimeTracking\chromedriver.exe
	at com.google.common.base.Preconditions.checkState(Preconditions.java:585)
	at org.openqa.selenium.remote.service.DriverService.checkExecutable(DriverService.java:146)
	at org.openqa.selenium.remote.service.DriverService.findExecutable(DriverService.java:141)
	at org.openqa.selenium.chrome.ChromeDriverService.access$000(ChromeDriverService.java:35)
	at org.openqa.selenium.chrome.ChromeDriverService$Builder.findDefaultExecutable(ChromeDriverService.java:159)
	at org.openqa.selenium.remote.service.DriverService$Builder.build(DriverService.java:355)
	at org.openqa.selenium.chrome.ChromeDriverService.createDefaultService(ChromeDriverService.java:94)
	at org.openqa.selenium.chrome.ChromeDriver.&lt;init&gt;(ChromeDriver.java:157)
	at utils.Drivers.getWebDriver(Drivers.java:59)
	at utils.WebTestBase.setUp(WebTestBase.java:51)
	at java.base/java.util.ArrayList.forEach(ArrayList.java:1511)
... Removed 25 stack frames
</div> <!-- stack-trace -->
                </div> <!-- method-content -->
              </div> <!-- method -->
              <div class="method">
                <div class="method-content">
                  <a name="validationCheckOfAuditRemove">
                  </a> <!-- validationCheckOfAuditRemove -->
                  <span class="method-name">validationCheckOfAuditRemove</span>
                  <div class="stack-trace">java.lang.NullPointerException: Cannot invoke &quot;org.openqa.selenium.TakesScreenshot.getScreenshotAs(org.openqa.selenium.OutputType)&quot; because &quot;this.driver&quot; is null
	at utils.WebTestBase.reportWrapUp(WebTestBase.java:70)
	at java.base/java.util.ArrayList.forEach(ArrayList.java:1511)
... Removed 31 stack frames
</div> <!-- stack-trace -->
                </div> <!-- method-content -->
              </div> <!-- method -->
              <div class="method">
                <div class="method-content">
                  <a name="validationCheckOfAuditRuleName">
                  </a> <!-- validationCheckOfAuditRuleName -->
                  <span class="method-name">validationCheckOfAuditRuleName</span>
                  <div class="stack-trace">java.lang.NullPointerException: Cannot invoke &quot;org.openqa.selenium.TakesScreenshot.getScreenshotAs(org.openqa.selenium.OutputType)&quot; because &quot;this.driver&quot; is null
	at utils.WebTestBase.reportWrapUp(WebTestBase.java:70)
	at java.base/java.util.ArrayList.forEach(ArrayList.java:1511)
... Removed 31 stack frames
</div> <!-- stack-trace -->
                </div> <!-- method-content -->
              </div> <!-- method -->
              <div class="method">
                <div class="method-content">
                  <a name="validationCheckOfAuditUpdate">
                  </a> <!-- validationCheckOfAuditUpdate -->
                  <span class="method-name">validationCheckOfAuditUpdate</span>
                  <div class="stack-trace">java.lang.NullPointerException: Cannot invoke &quot;org.openqa.selenium.TakesScreenshot.getScreenshotAs(org.openqa.selenium.OutputType)&quot; because &quot;this.driver&quot; is null
	at utils.WebTestBase.reportWrapUp(WebTestBase.java:70)
	at java.base/java.util.ArrayList.forEach(ArrayList.java:1511)
... Removed 31 stack frames
</div> <!-- stack-trace -->
                </div> <!-- method-content -->
              </div> <!-- method -->
            </div> <!-- main-panel-content rounded-window-bottom -->
          </div> <!-- suite-Suite-class-skipped -->
          <div class="suite-Suite-class-skipped">
            <div class="main-panel-header rounded-window-top">
              <img src="skipped.png"/>
              <span class="class-name">testCases.TimeReportTest</span>
            </div> <!-- main-panel-header rounded-window-top -->
            <div class="main-panel-content rounded-window-bottom">
              <div class="method">
                <div class="method-content">
                  <a name="ValidationCheck">
                  </a> <!-- ValidationCheck -->
                  <span class="method-name">ValidationCheck</span>
                  <div class="stack-trace">java.lang.IllegalStateException: The driver executable does not exist: C:\Users\aanand\git\TalygenTimeTracking\TalygenTimeTracking\chromedriver.exe
	at com.google.common.base.Preconditions.checkState(Preconditions.java:585)
	at org.openqa.selenium.remote.service.DriverService.checkExecutable(DriverService.java:146)
	at org.openqa.selenium.remote.service.DriverService.findExecutable(DriverService.java:141)
	at org.openqa.selenium.chrome.ChromeDriverService.access$000(ChromeDriverService.java:35)
	at org.openqa.selenium.chrome.ChromeDriverService$Builder.findDefaultExecutable(ChromeDriverService.java:159)
	at org.openqa.selenium.remote.service.DriverService$Builder.build(DriverService.java:355)
	at org.openqa.selenium.chrome.ChromeDriverService.createDefaultService(ChromeDriverService.java:94)
	at org.openqa.selenium.chrome.ChromeDriver.&lt;init&gt;(ChromeDriver.java:157)
	at utils.Drivers.getWebDriver(Drivers.java:59)
	at utils.WebTestBase.setUp(WebTestBase.java:51)
	at java.base/java.util.ArrayList.forEach(ArrayList.java:1511)
... Removed 25 stack frames
</div> <!-- stack-trace -->
                </div> <!-- method-content -->
              </div> <!-- method -->
              <div class="method">
                <div class="method-content">
                  <a name="ValidationOfClientReportWithDepartmentName">
                  </a> <!-- ValidationOfClientReportWithDepartmentName -->
                  <span class="method-name">ValidationOfClientReportWithDepartmentName</span>
                  <div class="stack-trace">java.lang.NullPointerException: Cannot invoke &quot;org.openqa.selenium.TakesScreenshot.getScreenshotAs(org.openqa.selenium.OutputType)&quot; because &quot;this.driver&quot; is null
	at utils.WebTestBase.reportWrapUp(WebTestBase.java:70)
	at java.base/java.util.ArrayList.forEach(ArrayList.java:1511)
... Removed 32 stack frames
</div> <!-- stack-trace -->
                </div> <!-- method-content -->
              </div> <!-- method -->
              <div class="method">
                <div class="method-content">
                  <a name="ValidationOfClientReportWithProjectName">
                  </a> <!-- ValidationOfClientReportWithProjectName -->
                  <span class="method-name">ValidationOfClientReportWithProjectName</span>
                  <div class="stack-trace">java.lang.NullPointerException: Cannot invoke &quot;org.openqa.selenium.TakesScreenshot.getScreenshotAs(org.openqa.selenium.OutputType)&quot; because &quot;this.driver&quot; is null
	at utils.WebTestBase.reportWrapUp(WebTestBase.java:70)
	at java.base/java.util.ArrayList.forEach(ArrayList.java:1511)
... Removed 32 stack frames
</div> <!-- stack-trace -->
                </div> <!-- method-content -->
              </div> <!-- method -->
              <div class="method">
                <div class="method-content">
                  <a name="ValidationOfClientReportWithUserName">
                  </a> <!-- ValidationOfClientReportWithUserName -->
                  <span class="method-name">ValidationOfClientReportWithUserName</span>
                  <div class="stack-trace">java.lang.NullPointerException: Cannot invoke &quot;org.openqa.selenium.TakesScreenshot.getScreenshotAs(org.openqa.selenium.OutputType)&quot; because &quot;this.driver&quot; is null
	at utils.WebTestBase.reportWrapUp(WebTestBase.java:70)
	at java.base/java.util.ArrayList.forEach(ArrayList.java:1511)
... Removed 32 stack frames
</div> <!-- stack-trace -->
                </div> <!-- method-content -->
              </div> <!-- method -->
              <div class="method">
                <div class="method-content">
                  <a name="ValidationOfHalfYearlyProjectReportwithDepartmentName">
                  </a> <!-- ValidationOfHalfYearlyProjectReportwithDepartmentName -->
                  <span class="method-name">ValidationOfHalfYearlyProjectReportwithDepartmentName</span>
                  <div class="stack-trace">java.lang.NullPointerException: Cannot invoke &quot;org.openqa.selenium.TakesScreenshot.getScreenshotAs(org.openqa.selenium.OutputType)&quot; because &quot;this.driver&quot; is null
	at utils.WebTestBase.reportWrapUp(WebTestBase.java:70)
	at java.base/java.util.ArrayList.forEach(ArrayList.java:1511)
... Removed 32 stack frames
</div> <!-- stack-trace -->
                </div> <!-- method-content -->
              </div> <!-- method -->
              <div class="method">
                <div class="method-content">
                  <a name="ValidationOfHalfYearlyProjectReportwithProjectName">
                  </a> <!-- ValidationOfHalfYearlyProjectReportwithProjectName -->
                  <span class="method-name">ValidationOfHalfYearlyProjectReportwithProjectName</span>
                  <div class="stack-trace">java.lang.NullPointerException: Cannot invoke &quot;org.openqa.selenium.TakesScreenshot.getScreenshotAs(org.openqa.selenium.OutputType)&quot; because &quot;this.driver&quot; is null
	at utils.WebTestBase.reportWrapUp(WebTestBase.java:70)
	at java.base/java.util.ArrayList.forEach(ArrayList.java:1511)
... Removed 31 stack frames
</div> <!-- stack-trace -->
                </div> <!-- method-content -->
              </div> <!-- method -->
              <div class="method">
                <div class="method-content">
                  <a name="ValidationOfHalfYearlyProjectReportwithUserName">
                  </a> <!-- ValidationOfHalfYearlyProjectReportwithUserName -->
                  <span class="method-name">ValidationOfHalfYearlyProjectReportwithUserName</span>
                  <div class="stack-trace">java.lang.NullPointerException: Cannot invoke &quot;org.openqa.selenium.TakesScreenshot.getScreenshotAs(org.openqa.selenium.OutputType)&quot; because &quot;this.driver&quot; is null
	at utils.WebTestBase.reportWrapUp(WebTestBase.java:70)
	at java.base/java.util.ArrayList.forEach(ArrayList.java:1511)
... Removed 32 stack frames
</div> <!-- stack-trace -->
                </div> <!-- method-content -->
              </div> <!-- method -->
              <div class="method">
                <div class="method-content">
                  <a name="ValidationOfOneWeekProjectReportWithDepartmentName">
                  </a> <!-- ValidationOfOneWeekProjectReportWithDepartmentName -->
                  <span class="method-name">ValidationOfOneWeekProjectReportWithDepartmentName</span>
                  <div class="stack-trace">java.lang.NullPointerException: Cannot invoke &quot;org.openqa.selenium.TakesScreenshot.getScreenshotAs(org.openqa.selenium.OutputType)&quot; because &quot;this.driver&quot; is null
	at utils.WebTestBase.reportWrapUp(WebTestBase.java:70)
	at java.base/java.util.ArrayList.forEach(ArrayList.java:1511)
... Removed 32 stack frames
</div> <!-- stack-trace -->
                </div> <!-- method-content -->
              </div> <!-- method -->
              <div class="method">
                <div class="method-content">
                  <a name="ValidationOfOneWeekProjectReportWithProjectName">
                  </a> <!-- ValidationOfOneWeekProjectReportWithProjectName -->
                  <span class="method-name">ValidationOfOneWeekProjectReportWithProjectName</span>
                  <div class="stack-trace">java.lang.NullPointerException: Cannot invoke &quot;org.openqa.selenium.TakesScreenshot.getScreenshotAs(org.openqa.selenium.OutputType)&quot; because &quot;this.driver&quot; is null
	at utils.WebTestBase.reportWrapUp(WebTestBase.java:70)
	at java.base/java.util.ArrayList.forEach(ArrayList.java:1511)
... Removed 32 stack frames
</div> <!-- stack-trace -->
                </div> <!-- method-content -->
              </div> <!-- method -->
              <div class="method">
                <div class="method-content">
                  <a name="ValidationOfOneWeekProjectReportWithUserName">
                  </a> <!-- ValidationOfOneWeekProjectReportWithUserName -->
                  <span class="method-name">ValidationOfOneWeekProjectReportWithUserName</span>
                  <div class="stack-trace">java.lang.NullPointerException: Cannot invoke &quot;org.openqa.selenium.TakesScreenshot.getScreenshotAs(org.openqa.selenium.OutputType)&quot; because &quot;this.driver&quot; is null
	at utils.WebTestBase.reportWrapUp(WebTestBase.java:70)
	at java.base/java.util.ArrayList.forEach(ArrayList.java:1511)
... Removed 32 stack frames
</div> <!-- stack-trace -->
                </div> <!-- method-content -->
              </div> <!-- method -->
              <div class="method">
                <div class="method-content">
                  <a name="ValidationOfProjectDetailsReportWithDepartmentname">
                  </a> <!-- ValidationOfProjectDetailsReportWithDepartmentname -->
                  <span class="method-name">ValidationOfProjectDetailsReportWithDepartmentname</span>
                  <div class="stack-trace">java.lang.NullPointerException: Cannot invoke &quot;org.openqa.selenium.TakesScreenshot.getScreenshotAs(org.openqa.selenium.OutputType)&quot; because &quot;this.driver&quot; is null
	at utils.WebTestBase.reportWrapUp(WebTestBase.java:70)
	at java.base/java.util.ArrayList.forEach(ArrayList.java:1511)
... Removed 31 stack frames
</div> <!-- stack-trace -->
                </div> <!-- method-content -->
              </div> <!-- method -->
              <div class="method">
                <div class="method-content">
                  <a name="ValidationOfProjectDetailsReportWithProjectname">
                  </a> <!-- ValidationOfProjectDetailsReportWithProjectname -->
                  <span class="method-name">ValidationOfProjectDetailsReportWithProjectname</span>
                  <div class="stack-trace">java.lang.NullPointerException: Cannot invoke &quot;org.openqa.selenium.TakesScreenshot.getScreenshotAs(org.openqa.selenium.OutputType)&quot; because &quot;this.driver&quot; is null
	at utils.WebTestBase.reportWrapUp(WebTestBase.java:70)
	at java.base/java.util.ArrayList.forEach(ArrayList.java:1511)
... Removed 31 stack frames
</div> <!-- stack-trace -->
                </div> <!-- method-content -->
              </div> <!-- method -->
              <div class="method">
                <div class="method-content">
                  <a name="ValidationOfProjectDetailsReportWithUsername">
                  </a> <!-- ValidationOfProjectDetailsReportWithUsername -->
                  <span class="method-name">ValidationOfProjectDetailsReportWithUsername</span>
                  <div class="stack-trace">java.lang.NullPointerException: Cannot invoke &quot;org.openqa.selenium.TakesScreenshot.getScreenshotAs(org.openqa.selenium.OutputType)&quot; because &quot;this.driver&quot; is null
	at utils.WebTestBase.reportWrapUp(WebTestBase.java:70)
	at java.base/java.util.ArrayList.forEach(ArrayList.java:1511)
... Removed 31 stack frames
</div> <!-- stack-trace -->
                </div> <!-- method-content -->
              </div> <!-- method -->
              <div class="method">
                <div class="method-content">
                  <a name="ValidationOfProjectReportWithDepartnamename">
                  </a> <!-- ValidationOfProjectReportWithDepartnamename -->
                  <span class="method-name">ValidationOfProjectReportWithDepartnamename</span>
                  <div class="stack-trace">java.lang.NullPointerException: Cannot invoke &quot;org.openqa.selenium.TakesScreenshot.getScreenshotAs(org.openqa.selenium.OutputType)&quot; because &quot;this.driver&quot; is null
	at utils.WebTestBase.reportWrapUp(WebTestBase.java:70)
	at java.base/java.util.ArrayList.forEach(ArrayList.java:1511)
... Removed 31 stack frames
</div> <!-- stack-trace -->
                </div> <!-- method-content -->
              </div> <!-- method -->
              <div class="method">
                <div class="method-content">
                  <a name="ValidationOfProjectReportWithPriojectname">
                  </a> <!-- ValidationOfProjectReportWithPriojectname -->
                  <span class="method-name">ValidationOfProjectReportWithPriojectname</span>
                  <div class="stack-trace">java.lang.NullPointerException: Cannot invoke &quot;org.openqa.selenium.TakesScreenshot.getScreenshotAs(org.openqa.selenium.OutputType)&quot; because &quot;this.driver&quot; is null
	at utils.WebTestBase.reportWrapUp(WebTestBase.java:70)
	at java.base/java.util.ArrayList.forEach(ArrayList.java:1511)
... Removed 31 stack frames
</div> <!-- stack-trace -->
                </div> <!-- method-content -->
              </div> <!-- method -->
              <div class="method">
                <div class="method-content">
                  <a name="ValidationOfProjectReportWithUsername">
                  </a> <!-- ValidationOfProjectReportWithUsername -->
                  <span class="method-name">ValidationOfProjectReportWithUsername</span>
                  <div class="stack-trace">java.lang.NullPointerException: Cannot invoke &quot;org.openqa.selenium.TakesScreenshot.getScreenshotAs(org.openqa.selenium.OutputType)&quot; because &quot;this.driver&quot; is null
	at utils.WebTestBase.reportWrapUp(WebTestBase.java:70)
	at java.base/java.util.ArrayList.forEach(ArrayList.java:1511)
... Removed 31 stack frames
</div> <!-- stack-trace -->
                </div> <!-- method-content -->
              </div> <!-- method -->
              <div class="method">
                <div class="method-content">
                  <a name="ValidationOfProjectwiseReportWithProjectName">
                  </a> <!-- ValidationOfProjectwiseReportWithProjectName -->
                  <span class="method-name">ValidationOfProjectwiseReportWithProjectName</span>
                  <div class="stack-trace">java.lang.NullPointerException: Cannot invoke &quot;org.openqa.selenium.TakesScreenshot.getScreenshotAs(org.openqa.selenium.OutputType)&quot; because &quot;this.driver&quot; is null
	at utils.WebTestBase.reportWrapUp(WebTestBase.java:70)
	at java.base/java.util.ArrayList.forEach(ArrayList.java:1511)
... Removed 31 stack frames
</div> <!-- stack-trace -->
                </div> <!-- method-content -->
              </div> <!-- method -->
              <div class="method">
                <div class="method-content">
                  <a name="ValidationOfProjectwiseReportWithTeamMemeber">
                  </a> <!-- ValidationOfProjectwiseReportWithTeamMemeber -->
                  <span class="method-name">ValidationOfProjectwiseReportWithTeamMemeber</span>
                  <div class="stack-trace">java.lang.NullPointerException: Cannot invoke &quot;org.openqa.selenium.TakesScreenshot.getScreenshotAs(org.openqa.selenium.OutputType)&quot; because &quot;this.driver&quot; is null
	at utils.WebTestBase.reportWrapUp(WebTestBase.java:70)
	at java.base/java.util.ArrayList.forEach(ArrayList.java:1511)
... Removed 31 stack frames
</div> <!-- stack-trace -->
                </div> <!-- method-content -->
              </div> <!-- method -->
              <div class="method">
                <div class="method-content">
                  <a name="ValidationOfTimeSheetReportWithProjectname">
                  </a> <!-- ValidationOfTimeSheetReportWithProjectname -->
                  <span class="method-name">ValidationOfTimeSheetReportWithProjectname</span>
                  <div class="stack-trace">java.lang.NullPointerException: Cannot invoke &quot;org.openqa.selenium.TakesScreenshot.getScreenshotAs(org.openqa.selenium.OutputType)&quot; because &quot;this.driver&quot; is null
	at utils.WebTestBase.reportWrapUp(WebTestBase.java:70)
	at java.base/java.util.ArrayList.forEach(ArrayList.java:1511)
... Removed 31 stack frames
</div> <!-- stack-trace -->
                </div> <!-- method-content -->
              </div> <!-- method -->
              <div class="method">
                <div class="method-content">
                  <a name="ValidationOfTimeSheetReportWithUsername">
                  </a> <!-- ValidationOfTimeSheetReportWithUsername -->
                  <span class="method-name">ValidationOfTimeSheetReportWithUsername</span>
                  <div class="stack-trace">java.lang.NullPointerException: Cannot invoke &quot;org.openqa.selenium.TakesScreenshot.getScreenshotAs(org.openqa.selenium.OutputType)&quot; because &quot;this.driver&quot; is null
	at utils.WebTestBase.reportWrapUp(WebTestBase.java:70)
	at java.base/java.util.ArrayList.forEach(ArrayList.java:1511)
... Removed 31 stack frames
</div> <!-- stack-trace -->
                </div> <!-- method-content -->
              </div> <!-- method -->
              <div class="method">
                <div class="method-content">
                  <a name="ValidationOfTrackEnrtyDetailsReportWithDepartmentname">
                  </a> <!-- ValidationOfTrackEnrtyDetailsReportWithDepartmentname -->
                  <span class="method-name">ValidationOfTrackEnrtyDetailsReportWithDepartmentname</span>
                  <div class="stack-trace">java.lang.NullPointerException: Cannot invoke &quot;org.openqa.selenium.TakesScreenshot.getScreenshotAs(org.openqa.selenium.OutputType)&quot; because &quot;this.driver&quot; is null
	at utils.WebTestBase.reportWrapUp(WebTestBase.java:70)
	at java.base/java.util.ArrayList.forEach(ArrayList.java:1511)
... Removed 31 stack frames
</div> <!-- stack-trace -->
                </div> <!-- method-content -->
              </div> <!-- method -->
              <div class="method">
                <div class="method-content">
                  <a name="ValidationOfTrackEnrtyDetailsReportWithProjectName">
                  </a> <!-- ValidationOfTrackEnrtyDetailsReportWithProjectName -->
                  <span class="method-name">ValidationOfTrackEnrtyDetailsReportWithProjectName</span>
                  <div class="stack-trace">java.lang.NullPointerException: Cannot invoke &quot;org.openqa.selenium.TakesScreenshot.getScreenshotAs(org.openqa.selenium.OutputType)&quot; because &quot;this.driver&quot; is null
	at utils.WebTestBase.reportWrapUp(WebTestBase.java:70)
	at java.base/java.util.ArrayList.forEach(ArrayList.java:1511)
... Removed 31 stack frames
</div> <!-- stack-trace -->
                </div> <!-- method-content -->
              </div> <!-- method -->
              <div class="method">
                <div class="method-content">
                  <a name="ValidationOfTrackEnrtyDetailsReportWithUserName">
                  </a> <!-- ValidationOfTrackEnrtyDetailsReportWithUserName -->
                  <span class="method-name">ValidationOfTrackEnrtyDetailsReportWithUserName</span>
                  <div class="stack-trace">java.lang.NullPointerException: Cannot invoke &quot;org.openqa.selenium.TakesScreenshot.getScreenshotAs(org.openqa.selenium.OutputType)&quot; because &quot;this.driver&quot; is null
	at utils.WebTestBase.reportWrapUp(WebTestBase.java:70)
	at java.base/java.util.ArrayList.forEach(ArrayList.java:1511)
... Removed 31 stack frames
</div> <!-- stack-trace -->
                </div> <!-- method-content -->
              </div> <!-- method -->
              <div class="method">
                <div class="method-content">
                  <a name="ValidationOfUserReportWithDepartmentname">
                  </a> <!-- ValidationOfUserReportWithDepartmentname -->
                  <span class="method-name">ValidationOfUserReportWithDepartmentname</span>
                  <div class="stack-trace">java.lang.NullPointerException: Cannot invoke &quot;org.openqa.selenium.TakesScreenshot.getScreenshotAs(org.openqa.selenium.OutputType)&quot; because &quot;this.driver&quot; is null
	at utils.WebTestBase.reportWrapUp(WebTestBase.java:70)
	at java.base/java.util.ArrayList.forEach(ArrayList.java:1511)
... Removed 31 stack frames
</div> <!-- stack-trace -->
                </div> <!-- method-content -->
              </div> <!-- method -->
              <div class="method">
                <div class="method-content">
                  <a name="ValidationOfUserReportWithProjectname">
                  </a> <!-- ValidationOfUserReportWithProjectname -->
                  <span class="method-name">ValidationOfUserReportWithProjectname</span>
                  <div class="stack-trace">java.lang.NullPointerException: Cannot invoke &quot;org.openqa.selenium.TakesScreenshot.getScreenshotAs(org.openqa.selenium.OutputType)&quot; because &quot;this.driver&quot; is null
	at utils.WebTestBase.reportWrapUp(WebTestBase.java:70)
	at java.base/java.util.ArrayList.forEach(ArrayList.java:1511)
... Removed 31 stack frames
</div> <!-- stack-trace -->
                </div> <!-- method-content -->
              </div> <!-- method -->
              <div class="method">
                <div class="method-content">
                  <a name="ValidationOfUserReportWithusername">
                  </a> <!-- ValidationOfUserReportWithusername -->
                  <span class="method-name">ValidationOfUserReportWithusername</span>
                  <div class="stack-trace">java.lang.NullPointerException: Cannot invoke &quot;org.openqa.selenium.TakesScreenshot.getScreenshotAs(org.openqa.selenium.OutputType)&quot; because &quot;this.driver&quot; is null
	at utils.WebTestBase.reportWrapUp(WebTestBase.java:70)
	at java.base/java.util.ArrayList.forEach(ArrayList.java:1511)
... Removed 31 stack frames
</div> <!-- stack-trace -->
                </div> <!-- method-content -->
              </div> <!-- method -->
              <div class="method">
                <div class="method-content">
                  <a name="ValidationOfUserWiseReportWithDepartmentName">
                  </a> <!-- ValidationOfUserWiseReportWithDepartmentName -->
                  <span class="method-name">ValidationOfUserWiseReportWithDepartmentName</span>
                  <div class="stack-trace">java.lang.NullPointerException: Cannot invoke &quot;org.openqa.selenium.TakesScreenshot.getScreenshotAs(org.openqa.selenium.OutputType)&quot; because &quot;this.driver&quot; is null
	at utils.WebTestBase.reportWrapUp(WebTestBase.java:70)
	at java.base/java.util.ArrayList.forEach(ArrayList.java:1511)
... Removed 31 stack frames
</div> <!-- stack-trace -->
                </div> <!-- method-content -->
              </div> <!-- method -->
              <div class="method">
                <div class="method-content">
                  <a name="ValidationOfUserWiseReportWithProjectName">
                  </a> <!-- ValidationOfUserWiseReportWithProjectName -->
                  <span class="method-name">ValidationOfUserWiseReportWithProjectName</span>
                  <div class="stack-trace">java.lang.NullPointerException: Cannot invoke &quot;org.openqa.selenium.TakesScreenshot.getScreenshotAs(org.openqa.selenium.OutputType)&quot; because &quot;this.driver&quot; is null
	at utils.WebTestBase.reportWrapUp(WebTestBase.java:70)
	at java.base/java.util.ArrayList.forEach(ArrayList.java:1511)
... Removed 31 stack frames
</div> <!-- stack-trace -->
                </div> <!-- method-content -->
              </div> <!-- method -->
              <div class="method">
                <div class="method-content">
                  <a name="ValidationOfUserWiseReportWithUserName">
                  </a> <!-- ValidationOfUserWiseReportWithUserName -->
                  <span class="method-name">ValidationOfUserWiseReportWithUserName</span>
                  <div class="stack-trace">java.lang.NullPointerException: Cannot invoke &quot;org.openqa.selenium.TakesScreenshot.getScreenshotAs(org.openqa.selenium.OutputType)&quot; because &quot;this.driver&quot; is null
	at utils.WebTestBase.reportWrapUp(WebTestBase.java:70)
	at java.base/java.util.ArrayList.forEach(ArrayList.java:1511)
... Removed 31 stack frames
</div> <!-- stack-trace -->
                </div> <!-- method-content -->
              </div> <!-- method -->
              <div class="method">
                <div class="method-content">
                  <a name="ValidationOfentryWiseReportwithDepartmentName">
                  </a> <!-- ValidationOfentryWiseReportwithDepartmentName -->
                  <span class="method-name">ValidationOfentryWiseReportwithDepartmentName</span>
                  <div class="stack-trace">java.lang.NullPointerException: Cannot invoke &quot;org.openqa.selenium.TakesScreenshot.getScreenshotAs(org.openqa.selenium.OutputType)&quot; because &quot;this.driver&quot; is null
	at utils.WebTestBase.reportWrapUp(WebTestBase.java:70)
	at java.base/java.util.ArrayList.forEach(ArrayList.java:1511)
... Removed 32 stack frames
</div> <!-- stack-trace -->
                </div> <!-- method-content -->
              </div> <!-- method -->
              <div class="method">
                <div class="method-content">
                  <a name="ValidationOfentryWiseReportwithProjectName">
                  </a> <!-- ValidationOfentryWiseReportwithProjectName -->
                  <span class="method-name">ValidationOfentryWiseReportwithProjectName</span>
                  <div class="stack-trace">java.lang.NullPointerException: Cannot invoke &quot;org.openqa.selenium.TakesScreenshot.getScreenshotAs(org.openqa.selenium.OutputType)&quot; because &quot;this.driver&quot; is null
	at utils.WebTestBase.reportWrapUp(WebTestBase.java:70)
	at java.base/java.util.ArrayList.forEach(ArrayList.java:1511)
... Removed 32 stack frames
</div> <!-- stack-trace -->
                </div> <!-- method-content -->
              </div> <!-- method -->
              <div class="method">
                <div class="method-content">
                  <a name="ValidationOfentryWiseReportwithUsername">
                  </a> <!-- ValidationOfentryWiseReportwithUsername -->
                  <span class="method-name">ValidationOfentryWiseReportwithUsername</span>
                  <div class="stack-trace">java.lang.NullPointerException: Cannot invoke &quot;org.openqa.selenium.TakesScreenshot.getScreenshotAs(org.openqa.selenium.OutputType)&quot; because &quot;this.driver&quot; is null
	at utils.WebTestBase.reportWrapUp(WebTestBase.java:70)
	at java.base/java.util.ArrayList.forEach(ArrayList.java:1511)
... Removed 32 stack frames
</div> <!-- stack-trace -->
                </div> <!-- method-content -->
              </div> <!-- method -->
              <div class="method">
                <div class="method-content">
                  <a name="ValidationOfprofitabilityProjectReportwithProjectName">
                  </a> <!-- ValidationOfprofitabilityProjectReportwithProjectName -->
                  <span class="method-name">ValidationOfprofitabilityProjectReportwithProjectName</span>
                  <div class="stack-trace">java.lang.NullPointerException: Cannot invoke &quot;org.openqa.selenium.TakesScreenshot.getScreenshotAs(org.openqa.selenium.OutputType)&quot; because &quot;this.driver&quot; is null
	at utils.WebTestBase.reportWrapUp(WebTestBase.java:70)
	at java.base/java.util.ArrayList.forEach(ArrayList.java:1511)
... Removed 31 stack frames
</div> <!-- stack-trace -->
                </div> <!-- method-content -->
              </div> <!-- method -->
              <div class="method">
                <div class="method-content">
                  <a name="ValidationOfprofitabilityProjectReportwithchannelName">
                  </a> <!-- ValidationOfprofitabilityProjectReportwithchannelName -->
                  <span class="method-name">ValidationOfprofitabilityProjectReportwithchannelName</span>
                  <div class="stack-trace">java.lang.NullPointerException: Cannot invoke &quot;org.openqa.selenium.TakesScreenshot.getScreenshotAs(org.openqa.selenium.OutputType)&quot; because &quot;this.driver&quot; is null
	at utils.WebTestBase.reportWrapUp(WebTestBase.java:70)
	at java.base/java.util.ArrayList.forEach(ArrayList.java:1511)
... Removed 31 stack frames
</div> <!-- stack-trace -->
                </div> <!-- method-content -->
              </div> <!-- method -->
              <div class="method">
                <div class="method-content">
                  <a name="ValidationOneMonthProjectReportWithDepartmentName">
                  </a> <!-- ValidationOneMonthProjectReportWithDepartmentName -->
                  <span class="method-name">ValidationOneMonthProjectReportWithDepartmentName</span>
                  <div class="stack-trace">java.lang.NullPointerException: Cannot invoke &quot;org.openqa.selenium.TakesScreenshot.getScreenshotAs(org.openqa.selenium.OutputType)&quot; because &quot;this.driver&quot; is null
	at utils.WebTestBase.reportWrapUp(WebTestBase.java:70)
	at java.base/java.util.ArrayList.forEach(ArrayList.java:1511)
... Removed 32 stack frames
</div> <!-- stack-trace -->
                </div> <!-- method-content -->
              </div> <!-- method -->
              <div class="method">
                <div class="method-content">
                  <a name="ValidationOneMonthProjectReportWithProjectName">
                  </a> <!-- ValidationOneMonthProjectReportWithProjectName -->
                  <span class="method-name">ValidationOneMonthProjectReportWithProjectName</span>
                  <div class="stack-trace">java.lang.NullPointerException: Cannot invoke &quot;org.openqa.selenium.TakesScreenshot.getScreenshotAs(org.openqa.selenium.OutputType)&quot; because &quot;this.driver&quot; is null
	at utils.WebTestBase.reportWrapUp(WebTestBase.java:70)
	at java.base/java.util.ArrayList.forEach(ArrayList.java:1511)
... Removed 32 stack frames
</div> <!-- stack-trace -->
                </div> <!-- method-content -->
              </div> <!-- method -->
              <div class="method">
                <div class="method-content">
                  <a name="ValidationOneMonthProjectReportWithUserName">
                  </a> <!-- ValidationOneMonthProjectReportWithUserName -->
                  <span class="method-name">ValidationOneMonthProjectReportWithUserName</span>
                  <div class="stack-trace">java.lang.NullPointerException: Cannot invoke &quot;org.openqa.selenium.TakesScreenshot.getScreenshotAs(org.openqa.selenium.OutputType)&quot; because &quot;this.driver&quot; is null
	at utils.WebTestBase.reportWrapUp(WebTestBase.java:70)
	at java.base/java.util.ArrayList.forEach(ArrayList.java:1511)
... Removed 32 stack frames
</div> <!-- stack-trace -->
                </div> <!-- method-content -->
              </div> <!-- method -->
            </div> <!-- main-panel-content rounded-window-bottom -->
          </div> <!-- suite-Suite-class-skipped -->
          <div class="suite-Suite-class-skipped">
            <div class="main-panel-header rounded-window-top">
              <img src="skipped.png"/>
              <span class="class-name">testCases.TimeTrackTest</span>
            </div> <!-- main-panel-header rounded-window-top -->
            <div class="main-panel-content rounded-window-bottom">
              <div class="method">
                <div class="method-content">
                  <a name="VerifyTimeTrackactivity">
                  </a> <!-- VerifyTimeTrackactivity -->
                  <span class="method-name">VerifyTimeTrackactivity</span>
                  <div class="stack-trace">java.lang.IllegalStateException: The driver executable does not exist: C:\Users\aanand\git\TalygenTimeTracking\TalygenTimeTracking\chromedriver.exe
	at com.google.common.base.Preconditions.checkState(Preconditions.java:585)
	at org.openqa.selenium.remote.service.DriverService.checkExecutable(DriverService.java:146)
	at org.openqa.selenium.remote.service.DriverService.findExecutable(DriverService.java:141)
	at org.openqa.selenium.chrome.ChromeDriverService.access$000(ChromeDriverService.java:35)
	at org.openqa.selenium.chrome.ChromeDriverService$Builder.findDefaultExecutable(ChromeDriverService.java:159)
	at org.openqa.selenium.remote.service.DriverService$Builder.build(DriverService.java:355)
	at org.openqa.selenium.chrome.ChromeDriverService.createDefaultService(ChromeDriverService.java:94)
	at org.openqa.selenium.chrome.ChromeDriver.&lt;init&gt;(ChromeDriver.java:157)
	at utils.Drivers.getWebDriver(Drivers.java:59)
	at utils.WebTestBase.setUp(WebTestBase.java:51)
	at java.base/java.util.ArrayList.forEach(ArrayList.java:1511)
... Removed 25 stack frames
</div> <!-- stack-trace -->
                </div> <!-- method-content -->
              </div> <!-- method -->
              <div class="method">
                <div class="method-content">
                  <a name="VerifyclanderViewFunctionality">
                  </a> <!-- VerifyclanderViewFunctionality -->
                  <span class="method-name">VerifyclanderViewFunctionality</span>
                  <div class="stack-trace">java.lang.IllegalStateException: The driver executable does not exist: C:\Users\aanand\git\TalygenTimeTracking\TalygenTimeTracking\chromedriver.exe
	at com.google.common.base.Preconditions.checkState(Preconditions.java:585)
	at org.openqa.selenium.remote.service.DriverService.checkExecutable(DriverService.java:146)
	at org.openqa.selenium.remote.service.DriverService.findExecutable(DriverService.java:141)
	at org.openqa.selenium.chrome.ChromeDriverService.access$000(ChromeDriverService.java:35)
	at org.openqa.selenium.chrome.ChromeDriverService$Builder.findDefaultExecutable(ChromeDriverService.java:159)
	at org.openqa.selenium.remote.service.DriverService$Builder.build(DriverService.java:355)
	at org.openqa.selenium.chrome.ChromeDriverService.createDefaultService(ChromeDriverService.java:94)
	at org.openqa.selenium.chrome.ChromeDriver.&lt;init&gt;(ChromeDriver.java:157)
	at utils.Drivers.getWebDriver(Drivers.java:59)
	at utils.WebTestBase.setUp(WebTestBase.java:51)
	at java.base/java.util.ArrayList.forEach(ArrayList.java:1511)
... Removed 25 stack frames
</div> <!-- stack-trace -->
                </div> <!-- method-content -->
              </div> <!-- method -->
              <div class="method">
                <div class="method-content">
                  <a name="startTimeTrack">
                  </a> <!-- startTimeTrack -->
                  <span class="method-name">startTimeTrack</span>
                  <div class="stack-trace">java.lang.IllegalStateException: The driver executable does not exist: C:\Users\aanand\git\TalygenTimeTracking\TalygenTimeTracking\chromedriver.exe
	at com.google.common.base.Preconditions.checkState(Preconditions.java:585)
	at org.openqa.selenium.remote.service.DriverService.checkExecutable(DriverService.java:146)
	at org.openqa.selenium.remote.service.DriverService.findExecutable(DriverService.java:141)
	at org.openqa.selenium.chrome.ChromeDriverService.access$000(ChromeDriverService.java:35)
	at org.openqa.selenium.chrome.ChromeDriverService$Builder.findDefaultExecutable(ChromeDriverService.java:159)
	at org.openqa.selenium.remote.service.DriverService$Builder.build(DriverService.java:355)
	at org.openqa.selenium.chrome.ChromeDriverService.createDefaultService(ChromeDriverService.java:94)
	at org.openqa.selenium.chrome.ChromeDriver.&lt;init&gt;(ChromeDriver.java:157)
	at utils.Drivers.getWebDriver(Drivers.java:59)
	at utils.WebTestBase.setUp(WebTestBase.java:51)
	at java.base/java.util.ArrayList.forEach(ArrayList.java:1511)
... Removed 25 stack frames
</div> <!-- stack-trace -->
                </div> <!-- method-content -->
              </div> <!-- method -->
              <div class="method">
                <div class="method-content">
                  <a name="validateAddTimeEntryManually">
                  </a> <!-- validateAddTimeEntryManually -->
                  <span class="method-name">validateAddTimeEntryManually</span>
                  <div class="stack-trace">java.lang.IllegalStateException: The driver executable does not exist: C:\Users\aanand\git\TalygenTimeTracking\TalygenTimeTracking\chromedriver.exe
	at com.google.common.base.Preconditions.checkState(Preconditions.java:585)
	at org.openqa.selenium.remote.service.DriverService.checkExecutable(DriverService.java:146)
	at org.openqa.selenium.remote.service.DriverService.findExecutable(DriverService.java:141)
	at org.openqa.selenium.chrome.ChromeDriverService.access$000(ChromeDriverService.java:35)
	at org.openqa.selenium.chrome.ChromeDriverService$Builder.findDefaultExecutable(ChromeDriverService.java:159)
	at org.openqa.selenium.remote.service.DriverService$Builder.build(DriverService.java:355)
	at org.openqa.selenium.chrome.ChromeDriverService.createDefaultService(ChromeDriverService.java:94)
	at org.openqa.selenium.chrome.ChromeDriver.&lt;init&gt;(ChromeDriver.java:157)
	at utils.Drivers.getWebDriver(Drivers.java:59)
	at utils.WebTestBase.setUp(WebTestBase.java:51)
	at java.base/java.util.ArrayList.forEach(ArrayList.java:1511)
... Removed 25 stack frames
</div> <!-- stack-trace -->
                </div> <!-- method-content -->
              </div> <!-- method -->
              <div class="method">
                <div class="method-content">
                  <a name="validatetimeEntryThroughFilter">
                  </a> <!-- validatetimeEntryThroughFilter -->
                  <span class="method-name">validatetimeEntryThroughFilter</span>
                  <div class="stack-trace">java.lang.IllegalStateException: The driver executable does not exist: C:\Users\aanand\git\TalygenTimeTracking\TalygenTimeTracking\chromedriver.exe
	at com.google.common.base.Preconditions.checkState(Preconditions.java:585)
	at org.openqa.selenium.remote.service.DriverService.checkExecutable(DriverService.java:146)
	at org.openqa.selenium.remote.service.DriverService.findExecutable(DriverService.java:141)
	at org.openqa.selenium.chrome.ChromeDriverService.access$000(ChromeDriverService.java:35)
	at org.openqa.selenium.chrome.ChromeDriverService$Builder.findDefaultExecutable(ChromeDriverService.java:159)
	at org.openqa.selenium.remote.service.DriverService$Builder.build(DriverService.java:355)
	at org.openqa.selenium.chrome.ChromeDriverService.createDefaultService(ChromeDriverService.java:94)
	at org.openqa.selenium.chrome.ChromeDriver.&lt;init&gt;(ChromeDriver.java:157)
	at utils.Drivers.getWebDriver(Drivers.java:59)
	at utils.WebTestBase.setUp(WebTestBase.java:51)
	at java.base/java.util.ArrayList.forEach(ArrayList.java:1511)
... Removed 25 stack frames
</div> <!-- stack-trace -->
                </div> <!-- method-content -->
              </div> <!-- method -->
            </div> <!-- main-panel-content rounded-window-bottom -->
          </div> <!-- suite-Suite-class-skipped -->
          <div class="suite-Suite-class-skipped">
            <div class="main-panel-header rounded-window-top">
              <img src="skipped.png"/>
              <span class="class-name">testCases.TimeApprovalTest</span>
            </div> <!-- main-panel-header rounded-window-top -->
            <div class="main-panel-content rounded-window-bottom">
              <div class="method">
                <div class="method-content">
                  <a name="ValidateTimeSheetApproveFunctionality">
                  </a> <!-- ValidateTimeSheetApproveFunctionality -->
                  <span class="method-name">ValidateTimeSheetApproveFunctionality</span>
                  <div class="stack-trace">java.lang.NullPointerException: Cannot invoke &quot;org.openqa.selenium.TakesScreenshot.getScreenshotAs(org.openqa.selenium.OutputType)&quot; because &quot;this.driver&quot; is null
	at utils.WebTestBase.reportWrapUp(WebTestBase.java:70)
	at java.base/java.util.ArrayList.forEach(ArrayList.java:1511)
... Removed 31 stack frames
</div> <!-- stack-trace -->
                </div> <!-- method-content -->
              </div> <!-- method -->
              <div class="method">
                <div class="method-content">
                  <a name="ValidateTimeSheetRejectionFunctionality">
                  </a> <!-- ValidateTimeSheetRejectionFunctionality -->
                  <span class="method-name">ValidateTimeSheetRejectionFunctionality</span>
                  <div class="stack-trace">java.lang.NullPointerException: Cannot invoke &quot;org.openqa.selenium.TakesScreenshot.getScreenshotAs(org.openqa.selenium.OutputType)&quot; because &quot;this.driver&quot; is null
	at utils.WebTestBase.reportWrapUp(WebTestBase.java:70)
	at java.base/java.util.ArrayList.forEach(ArrayList.java:1511)
... Removed 31 stack frames
</div> <!-- stack-trace -->
                </div> <!-- method-content -->
              </div> <!-- method -->
              <div class="method">
                <div class="method-content">
                  <a name="ValidationCheck">
                  </a> <!-- ValidationCheck -->
                  <span class="method-name">ValidationCheck</span>
                  <div class="stack-trace">java.lang.IllegalStateException: The driver executable does not exist: C:\Users\aanand\git\TalygenTimeTracking\TalygenTimeTracking\chromedriver.exe
	at com.google.common.base.Preconditions.checkState(Preconditions.java:585)
	at org.openqa.selenium.remote.service.DriverService.checkExecutable(DriverService.java:146)
	at org.openqa.selenium.remote.service.DriverService.findExecutable(DriverService.java:141)
	at org.openqa.selenium.chrome.ChromeDriverService.access$000(ChromeDriverService.java:35)
	at org.openqa.selenium.chrome.ChromeDriverService$Builder.findDefaultExecutable(ChromeDriverService.java:159)
	at org.openqa.selenium.remote.service.DriverService$Builder.build(DriverService.java:355)
	at org.openqa.selenium.chrome.ChromeDriverService.createDefaultService(ChromeDriverService.java:94)
	at org.openqa.selenium.chrome.ChromeDriver.&lt;init&gt;(ChromeDriver.java:157)
	at utils.Drivers.getWebDriver(Drivers.java:59)
	at utils.WebTestBase.setUp(WebTestBase.java:51)
	at java.base/java.util.ArrayList.forEach(ArrayList.java:1511)
... Removed 25 stack frames
</div> <!-- stack-trace -->
                </div> <!-- method-content -->
              </div> <!-- method -->
            </div> <!-- main-panel-content rounded-window-bottom -->
          </div> <!-- suite-Suite-class-skipped -->
          <div class="suite-Suite-class-skipped">
            <div class="main-panel-header rounded-window-top">
              <img src="skipped.png"/>
              <span class="class-name">testCases.WorkDairyTest</span>
            </div> <!-- main-panel-header rounded-window-top -->
            <div class="main-panel-content rounded-window-bottom">
              <div class="method">
                <div class="method-content">
                  <a name="validationCheckOfWorkDairy">
                  </a> <!-- validationCheckOfWorkDairy -->
                  <span class="method-name">validationCheckOfWorkDairy</span>
                  <div class="stack-trace">java.lang.IllegalStateException: The driver executable does not exist: C:\Users\aanand\git\TalygenTimeTracking\TalygenTimeTracking\chromedriver.exe
	at com.google.common.base.Preconditions.checkState(Preconditions.java:585)
	at org.openqa.selenium.remote.service.DriverService.checkExecutable(DriverService.java:146)
	at org.openqa.selenium.remote.service.DriverService.findExecutable(DriverService.java:141)
	at org.openqa.selenium.chrome.ChromeDriverService.access$000(ChromeDriverService.java:35)
	at org.openqa.selenium.chrome.ChromeDriverService$Builder.findDefaultExecutable(ChromeDriverService.java:159)
	at org.openqa.selenium.remote.service.DriverService$Builder.build(DriverService.java:355)
	at org.openqa.selenium.chrome.ChromeDriverService.createDefaultService(ChromeDriverService.java:94)
	at org.openqa.selenium.chrome.ChromeDriver.&lt;init&gt;(ChromeDriver.java:157)
	at utils.Drivers.getWebDriver(Drivers.java:59)
	at utils.WebTestBase.setUp(WebTestBase.java:51)
	at java.base/java.util.ArrayList.forEach(ArrayList.java:1511)
... Removed 25 stack frames
</div> <!-- stack-trace -->
                </div> <!-- method-content -->
              </div> <!-- method -->
              <div class="method">
                <div class="method-content">
                  <a name="validationOfScreenShot">
                  </a> <!-- validationOfScreenShot -->
                  <span class="method-name">validationOfScreenShot</span>
                  <div class="stack-trace">java.lang.IllegalStateException: The driver executable does not exist: C:\Users\aanand\git\TalygenTimeTracking\TalygenTimeTracking\chromedriver.exe
	at com.google.common.base.Preconditions.checkState(Preconditions.java:585)
	at org.openqa.selenium.remote.service.DriverService.checkExecutable(DriverService.java:146)
	at org.openqa.selenium.remote.service.DriverService.findExecutable(DriverService.java:141)
	at org.openqa.selenium.chrome.ChromeDriverService.access$000(ChromeDriverService.java:35)
	at org.openqa.selenium.chrome.ChromeDriverService$Builder.findDefaultExecutable(ChromeDriverService.java:159)
	at org.openqa.selenium.remote.service.DriverService$Builder.build(DriverService.java:355)
	at org.openqa.selenium.chrome.ChromeDriverService.createDefaultService(ChromeDriverService.java:94)
	at org.openqa.selenium.chrome.ChromeDriver.&lt;init&gt;(ChromeDriver.java:157)
	at utils.Drivers.getWebDriver(Drivers.java:59)
	at utils.WebTestBase.setUp(WebTestBase.java:51)
	at java.base/java.util.ArrayList.forEach(ArrayList.java:1511)
... Removed 25 stack frames
</div> <!-- stack-trace -->
                </div> <!-- method-content -->
              </div> <!-- method -->
            </div> <!-- main-panel-content rounded-window-bottom -->
          </div> <!-- suite-Suite-class-skipped -->
        </div> <!-- panel Suite -->
        <div panel-name="test-xml-Suite" class="panel">
          <div class="main-panel-header rounded-window-top">
            <span class="header-content">C:\Users\aanand\git\TalygenTimeTracking\TalygenTimeTracking\Time_Tracking_testng.xml</span>
          </div> <!-- main-panel-header rounded-window-top -->
          <div class="main-panel-content rounded-window-bottom">
            <pre>
&lt;?xml version=&quot;1.0&quot; encoding=&quot;UTF-8&quot;?&gt;
&lt;!DOCTYPE suite SYSTEM &quot;https://testng.org/testng-1.0.dtd&quot;&gt;
&lt;suite name=&quot;Suite&quot; guice-stage=&quot;DEVELOPMENT&quot;&gt;
  &lt;test thread-count=&quot;5&quot; name=&quot;Test&quot;&gt;
    &lt;classes&gt;
      &lt;class name=&quot;testCases.WorkDairyTest&quot;/&gt;
      &lt;class name=&quot;testCases.TimeReportTest&quot;/&gt;
      &lt;class name=&quot;testCases.TimeApprovalTest&quot;/&gt;
      &lt;class name=&quot;testCases.FlagTrackEntryTest&quot;/&gt;
      &lt;class name=&quot;testCases.TimeTrackTest&quot;/&gt;
      &lt;class name=&quot;testCases.TimeTrackForFlagTrackEntryTest&quot;/&gt;
      &lt;class name=&quot;testCases.ProjectListingTest&quot;/&gt;
      &lt;class name=&quot;testCases.BulkTimeEntryTest&quot;/&gt;
      &lt;class name=&quot;testCases.TimeSheetTest&quot;/&gt;
      &lt;class name=&quot;testCases.CompanySetupAddUserTest&quot;/&gt;
      &lt;class name=&quot;testCases.AuditRuleTest&quot;/&gt;
    &lt;/classes&gt;
  &lt;/test&gt; &lt;!-- Test --&gt;
&lt;/suite&gt; &lt;!-- Suite --&gt;
            </pre>
          </div> <!-- main-panel-content rounded-window-bottom -->
        </div> <!-- panel -->
        <div panel-name="testlist-Suite" class="panel">
          <div class="main-panel-header rounded-window-top">
            <span class="header-content">Tests for Suite</span>
          </div> <!-- main-panel-header rounded-window-top -->
          <div class="main-panel-content rounded-window-bottom">
            <ul>
              <li>
                <span class="test-name">Test (11 classes)</span>
              </li>
            </ul>
          </div> <!-- main-panel-content rounded-window-bottom -->
        </div> <!-- panel -->
        <div panel-name="group-Suite" class="panel">
          <div class="main-panel-header rounded-window-top">
            <span class="header-content">Groups for Suite</span>
          </div> <!-- main-panel-header rounded-window-top -->
          <div class="main-panel-content rounded-window-bottom">
          </div> <!-- main-panel-content rounded-window-bottom -->
        </div> <!-- panel -->
        <div panel-name="times-Suite" class="panel">
          <div class="main-panel-header rounded-window-top">
            <span class="header-content">Times for Suite</span>
          </div> <!-- main-panel-header rounded-window-top -->
          <div class="main-panel-content rounded-window-bottom">
            <div class="times-div">
              <script type="text/javascript">
suiteTableInitFunctions.push('tableData_Suite');
function tableData_Suite() {
var data = new google.visualization.DataTable();
data.addColumn('number', 'Number');
data.addColumn('string', 'Method');
data.addColumn('string', 'Class');
data.addColumn('number', 'Time (ms)');
data.addRows(70);
data.setCell(0, 0, 0)
data.setCell(0, 1, 'addProjectWithDefaultTemplate')
data.setCell(0, 2, 'testCases.ProjectListingTest')
data.setCell(0, 3, 1);
data.setCell(1, 0, 1)
data.setCell(1, 1, 'ValidationOfProjectDetailsReportWithDepartmentname')
data.setCell(1, 2, 'testCases.TimeReportTest')
data.setCell(1, 3, 1);
data.setCell(2, 0, 2)
data.setCell(2, 1, 'ValidationOfProjectwiseReportWithProjectName')
data.setCell(2, 2, 'testCases.TimeReportTest')
data.setCell(2, 3, 0);
data.setCell(3, 0, 3)
data.setCell(3, 1, 'ValidationOfentryWiseReportwithProjectName')
data.setCell(3, 2, 'testCases.TimeReportTest')
data.setCell(3, 3, 0);
data.setCell(4, 0, 4)
data.setCell(4, 1, 'VerifyTimeTrackactivity')
data.setCell(4, 2, 'testCases.TimeTrackTest')
data.setCell(4, 3, 0);
data.setCell(5, 0, 5)
data.setCell(5, 1, 'CheckFunctionalityOfResetBulkTimeEntryButtton')
data.setCell(5, 2, 'testCases.BulkTimeEntryTest')
data.setCell(5, 3, 0);
data.setCell(6, 0, 6)
data.setCell(6, 1, 'validatetimeEntryThroughFilter')
data.setCell(6, 2, 'testCases.TimeTrackTest')
data.setCell(6, 3, 0);
data.setCell(7, 0, 7)
data.setCell(7, 1, 'validationCheckOfWorkDairy')
data.setCell(7, 2, 'testCases.WorkDairyTest')
data.setCell(7, 3, 0);
data.setCell(8, 0, 8)
data.setCell(8, 1, 'startTimeTrack')
data.setCell(8, 2, 'testCases.TimeTrackTest')
data.setCell(8, 3, 0);
data.setCell(9, 0, 9)
data.setCell(9, 1, 'validationOfFlagedFunctionality')
data.setCell(9, 2, 'testCases.FlagTrackEntryTest')
data.setCell(9, 3, 0);
data.setCell(10, 0, 10)
data.setCell(10, 1, 'deleteProjectFromList')
data.setCell(10, 2, 'testCases.ProjectListingTest')
data.setCell(10, 3, 0);
data.setCell(11, 0, 11)
data.setCell(11, 1, 'ValidationOfClientReportWithProjectName')
data.setCell(11, 2, 'testCases.TimeReportTest')
data.setCell(11, 3, 0);
data.setCell(12, 0, 12)
data.setCell(12, 1, 'ValidationOfentryWiseReportwithDepartmentName')
data.setCell(12, 2, 'testCases.TimeReportTest')
data.setCell(12, 3, 0);
data.setCell(13, 0, 13)
data.setCell(13, 1, 'ValidationOfTrackEnrtyDetailsReportWithUserName')
data.setCell(13, 2, 'testCases.TimeReportTest')
data.setCell(13, 3, 0);
data.setCell(14, 0, 14)
data.setCell(14, 1, 'ValidationOfProjectReportWithDepartnamename')
data.setCell(14, 2, 'testCases.TimeReportTest')
data.setCell(14, 3, 0);
data.setCell(15, 0, 15)
data.setCell(15, 1, 'ValidationCheck')
data.setCell(15, 2, 'testCases.TimeApprovalTest')
data.setCell(15, 3, 0);
data.setCell(16, 0, 16)
data.setCell(16, 1, 'validationCheckOfAuditUpdate')
data.setCell(16, 2, 'testCases.AuditRuleTest')
data.setCell(16, 3, 0);
data.setCell(17, 0, 17)
data.setCell(17, 1, 'ValidationOfTimeSheetReportWithProjectname')
data.setCell(17, 2, 'testCases.TimeReportTest')
data.setCell(17, 3, 0);
data.setCell(18, 0, 18)
data.setCell(18, 1, 'ValidationOfOneWeekProjectReportWithProjectName')
data.setCell(18, 2, 'testCases.TimeReportTest')
data.setCell(18, 3, 0);
data.setCell(19, 0, 19)
data.setCell(19, 1, 'ValidationOfUserWiseReportWithProjectName')
data.setCell(19, 2, 'testCases.TimeReportTest')
data.setCell(19, 3, 0);
data.setCell(20, 0, 20)
data.setCell(20, 1, 'ValidateTimeSheetApproveFunctionality')
data.setCell(20, 2, 'testCases.TimeApprovalTest')
data.setCell(20, 3, 0);
data.setCell(21, 0, 21)
data.setCell(21, 1, 'ValidationOfHalfYearlyProjectReportwithDepartmentName')
data.setCell(21, 2, 'testCases.TimeReportTest')
data.setCell(21, 3, 0);
data.setCell(22, 0, 22)
data.setCell(22, 1, 'validationCheckOfBulkTimeEntry')
data.setCell(22, 2, 'testCases.BulkTimeEntryTest')
data.setCell(22, 3, 0);
data.setCell(23, 0, 23)
data.setCell(23, 1, 'validationCheckOfAuditRuleName')
data.setCell(23, 2, 'testCases.AuditRuleTest')
data.setCell(23, 3, 0);
data.setCell(24, 0, 24)
data.setCell(24, 1, 'ValidationCheck')
data.setCell(24, 2, 'testCases.CompanySetupAddUserTest')
data.setCell(24, 3, 0);
data.setCell(25, 0, 25)
data.setCell(25, 1, 'CheckFunctionalityOfDeleteBulkTimeEntryButtton')
data.setCell(25, 2, 'testCases.BulkTimeEntryTest')
data.setCell(25, 3, 0);
data.setCell(26, 0, 26)
data.setCell(26, 1, 'startTimeTrack')
data.setCell(26, 2, 'testCases.TimeTrackForFlagTrackEntryTest')
data.setCell(26, 3, 0);
data.setCell(27, 0, 27)
data.setCell(27, 1, 'ValidationOfClientReportWithUserName')
data.setCell(27, 2, 'testCases.TimeReportTest')
data.setCell(27, 3, 0);
data.setCell(28, 0, 28)
data.setCell(28, 1, 'ValidationOfUserReportWithusername')
data.setCell(28, 2, 'testCases.TimeReportTest')
data.setCell(28, 3, 0);
data.setCell(29, 0, 29)
data.setCell(29, 1, 'ValidationOfUserReportWithProjectname')
data.setCell(29, 2, 'testCases.TimeReportTest')
data.setCell(29, 3, 0);
data.setCell(30, 0, 30)
data.setCell(30, 1, 'ValidationOfHalfYearlyProjectReportwithUserName')
data.setCell(30, 2, 'testCases.TimeReportTest')
data.setCell(30, 3, 0);
data.setCell(31, 0, 31)
data.setCell(31, 1, 'addNewAuditRuleWithEqualTimeTrackingHour')
data.setCell(31, 2, 'testCases.AuditRuleTest')
data.setCell(31, 3, 0);
data.setCell(32, 0, 32)
data.setCell(32, 1, 'validationCheck')
data.setCell(32, 2, 'testCases.FlagTrackEntryTest')
data.setCell(32, 3, 0);
data.setCell(33, 0, 33)
data.setCell(33, 1, 'ValidationOfUserWiseReportWithUserName')
data.setCell(33, 2, 'testCases.TimeReportTest')
data.setCell(33, 3, 0);
data.setCell(34, 0, 34)
data.setCell(34, 1, 'ValidationOfTrackEnrtyDetailsReportWithProjectName')
data.setCell(34, 2, 'testCases.TimeReportTest')
data.setCell(34, 3, 0);
data.setCell(35, 0, 35)
data.setCell(35, 1, 'ValidationOfTimeSheetReportWithUsername')
data.setCell(35, 2, 'testCases.TimeReportTest')
data.setCell(35, 3, 0);
data.setCell(36, 0, 36)
data.setCell(36, 1, 'ValidationOneMonthProjectReportWithProjectName')
data.setCell(36, 2, 'testCases.TimeReportTest')
data.setCell(36, 3, 0);
data.setCell(37, 0, 37)
data.setCell(37, 1, 'ValidationOfProjectDetailsReportWithUsername')
data.setCell(37, 2, 'testCases.TimeReportTest')
data.setCell(37, 3, 0);
data.setCell(38, 0, 38)
data.setCell(38, 1, 'validationOfSearchFunctionality')
data.setCell(38, 2, 'testCases.FlagTrackEntryTest')
data.setCell(38, 3, 0);
data.setCell(39, 0, 39)
data.setCell(39, 1, 'validatefunctionalityOfTimeSheet')
data.setCell(39, 2, 'testCases.TimeSheetTest')
data.setCell(39, 3, 0);
data.setCell(40, 0, 40)
data.setCell(40, 1, 'addBulkTimeEntry')
data.setCell(40, 2, 'testCases.BulkTimeEntryTest')
data.setCell(40, 3, 0);
data.setCell(41, 0, 41)
data.setCell(41, 1, 'ValidationCheck')
data.setCell(41, 2, 'testCases.TimeReportTest')
data.setCell(41, 3, 0);
data.setCell(42, 0, 42)
data.setCell(42, 1, 'ValidationOfUserReportWithDepartmentname')
data.setCell(42, 2, 'testCases.TimeReportTest')
data.setCell(42, 3, 0);
data.setCell(43, 0, 43)
data.setCell(43, 1, 'ValidationOfprofitabilityProjectReportwithchannelName')
data.setCell(43, 2, 'testCases.TimeReportTest')
data.setCell(43, 3, 0);
data.setCell(44, 0, 44)
data.setCell(44, 1, 'ValidationOfOneWeekProjectReportWithDepartmentName')
data.setCell(44, 2, 'testCases.TimeReportTest')
data.setCell(44, 3, 0);
data.setCell(45, 0, 45)
data.setCell(45, 1, 'ValidationOneMonthProjectReportWithDepartmentName')
data.setCell(45, 2, 'testCases.TimeReportTest')
data.setCell(45, 3, 0);
data.setCell(46, 0, 46)
data.setCell(46, 1, 'validateAddTimeEntryManually')
data.setCell(46, 2, 'testCases.TimeTrackTest')
data.setCell(46, 3, 0);
data.setCell(47, 0, 47)
data.setCell(47, 1, 'validateSendForApproval')
data.setCell(47, 2, 'testCases.TimeSheetTest')
data.setCell(47, 3, 0);
data.setCell(48, 0, 48)
data.setCell(48, 1, 'validationCheckOfAuditRemove')
data.setCell(48, 2, 'testCases.AuditRuleTest')
data.setCell(48, 3, 0);
data.setCell(49, 0, 49)
data.setCell(49, 1, 'ValidationOfProjectDetailsReportWithProjectname')
data.setCell(49, 2, 'testCases.TimeReportTest')
data.setCell(49, 3, 0);
data.setCell(50, 0, 50)
data.setCell(50, 1, 'ValidationOfProjectwiseReportWithTeamMemeber')
data.setCell(50, 2, 'testCases.TimeReportTest')
data.setCell(50, 3, 0);
data.setCell(51, 0, 51)
data.setCell(51, 1, 'ValidationOfProjectReportWithUsername')
data.setCell(51, 2, 'testCases.TimeReportTest')
data.setCell(51, 3, 0);
data.setCell(52, 0, 52)
data.setCell(52, 1, 'ValidationOfUserWiseReportWithDepartmentName')
data.setCell(52, 2, 'testCases.TimeReportTest')
data.setCell(52, 3, 0);
data.setCell(53, 0, 53)
data.setCell(53, 1, 'ValidationOfprofitabilityProjectReportwithProjectName')
data.setCell(53, 2, 'testCases.TimeReportTest')
data.setCell(53, 3, 0);
data.setCell(54, 0, 54)
data.setCell(54, 1, 'validationOfUnFlagedFunctionality')
data.setCell(54, 2, 'testCases.FlagTrackEntryTest')
data.setCell(54, 3, 0);
data.setCell(55, 0, 55)
data.setCell(55, 1, 'validationOfScreenShot')
data.setCell(55, 2, 'testCases.WorkDairyTest')
data.setCell(55, 3, 0);
data.setCell(56, 0, 56)
data.setCell(56, 1, 'ValidationOfentryWiseReportwithUsername')
data.setCell(56, 2, 'testCases.TimeReportTest')
data.setCell(56, 3, 0);
data.setCell(57, 0, 57)
data.setCell(57, 1, 'ValidationOfHalfYearlyProjectReportwithProjectName')
data.setCell(57, 2, 'testCases.TimeReportTest')
data.setCell(57, 3, 0);
data.setCell(58, 0, 58)
data.setCell(58, 1, 'VerifyclanderViewFunctionality')
data.setCell(58, 2, 'testCases.TimeTrackTest')
data.setCell(58, 3, 0);
data.setCell(59, 0, 59)
data.setCell(59, 1, 'ValidationOneMonthProjectReportWithUserName')
data.setCell(59, 2, 'testCases.TimeReportTest')
data.setCell(59, 3, 0);
data.setCell(60, 0, 60)
data.setCell(60, 1, 'validationCheck')
data.setCell(60, 2, 'testCases.AuditRuleTest')
data.setCell(60, 3, 0);
data.setCell(61, 0, 61)
data.setCell(61, 1, 'ValidationCheck')
data.setCell(61, 2, 'testCases.TimeSheetTest')
data.setCell(61, 3, 0);
data.setCell(62, 0, 62)
data.setCell(62, 1, 'ValidationOfClientReportWithDepartmentName')
data.setCell(62, 2, 'testCases.TimeReportTest')
data.setCell(62, 3, 0);
data.setCell(63, 0, 63)
data.setCell(63, 1, 'ValidationOfTrackEnrtyDetailsReportWithDepartmentname')
data.setCell(63, 2, 'testCases.TimeReportTest')
data.setCell(63, 3, 0);
data.setCell(64, 0, 64)
data.setCell(64, 1, 'ValidationOfProjectReportWithPriojectname')
data.setCell(64, 2, 'testCases.TimeReportTest')
data.setCell(64, 3, 0);
data.setCell(65, 0, 65)
data.setCell(65, 1, 'validationOfUpdateFunctionality')
data.setCell(65, 2, 'testCases.FlagTrackEntryTest')
data.setCell(65, 3, 0);
data.setCell(66, 0, 66)
data.setCell(66, 1, 'ValidationOfOneWeekProjectReportWithUserName')
data.setCell(66, 2, 'testCases.TimeReportTest')
data.setCell(66, 3, 0);
data.setCell(67, 0, 67)
data.setCell(67, 1, 'ValidateTimeSheetRejectionFunctionality')
data.setCell(67, 2, 'testCases.TimeApprovalTest')
data.setCell(67, 3, 0);
data.setCell(68, 0, 68)
data.setCell(68, 1, 'validationCheckOfAddMultipleBulkTimeEntryButtton')
data.setCell(68, 2, 'testCases.BulkTimeEntryTest')
data.setCell(68, 3, 0);
data.setCell(69, 0, 69)
data.setCell(69, 1, 'addUser')
data.setCell(69, 2, 'testCases.CompanySetupAddUserTest')
data.setCell(69, 3, 0);
window.suiteTableData['Suite']= { tableData: data, tableDiv: 'times-div-Suite'}
return data;
}
              </script>
              <span class="suite-total-time">Total running time: 2 ms</span>
              <div id="times-div-Suite">
              </div> <!-- times-div-Suite -->
            </div> <!-- times-div -->
          </div> <!-- main-panel-content rounded-window-bottom -->
        </div> <!-- panel -->
        <div panel-name="reporter-Suite" class="panel">
          <div class="main-panel-header rounded-window-top">
            <span class="header-content">Reporter output for Suite</span>
          </div> <!-- main-panel-header rounded-window-top -->
          <div class="main-panel-content rounded-window-bottom">
          </div> <!-- main-panel-content rounded-window-bottom -->
        </div> <!-- panel -->
        <div panel-name="ignored-methods-Suite" class="panel">
          <div class="main-panel-header rounded-window-top">
            <span class="header-content">11 ignored methods</span>
          </div> <!-- main-panel-header rounded-window-top -->
          <div class="main-panel-content rounded-window-bottom">
            <div class="ignored-class-div">
              <span class="ignored-class-name">testCases.CompanySetupAddUserTest</span>
              <div class="ignored-methods-div">
                <span class="ignored-method-name">close</span>
                <br/>
              </div> <!-- ignored-methods-div -->
            </div> <!-- ignored-class-div -->
            <div class="ignored-class-div">
              <span class="ignored-class-name">testCases.FlagTrackEntryTest</span>
              <div class="ignored-methods-div">
                <span class="ignored-method-name">close</span>
                <br/>
              </div> <!-- ignored-methods-div -->
            </div> <!-- ignored-class-div -->
            <div class="ignored-class-div">
              <span class="ignored-class-name">testCases.TimeSheetTest</span>
              <div class="ignored-methods-div">
                <span class="ignored-method-name">close</span>
                <br/>
              </div> <!-- ignored-methods-div -->
            </div> <!-- ignored-class-div -->
            <div class="ignored-class-div">
              <span class="ignored-class-name">testCases.BulkTimeEntryTest</span>
              <div class="ignored-methods-div">
                <span class="ignored-method-name">close</span>
                <br/>
              </div> <!-- ignored-methods-div -->
            </div> <!-- ignored-class-div -->
            <div class="ignored-class-div">
              <span class="ignored-class-name">testCases.TimeTrackForFlagTrackEntryTest</span>
              <div class="ignored-methods-div">
                <span class="ignored-method-name">close</span>
                <br/>
              </div> <!-- ignored-methods-div -->
            </div> <!-- ignored-class-div -->
            <div class="ignored-class-div">
              <span class="ignored-class-name">testCases.ProjectListingTest</span>
              <div class="ignored-methods-div">
                <span class="ignored-method-name">close</span>
                <br/>
              </div> <!-- ignored-methods-div -->
            </div> <!-- ignored-class-div -->
            <div class="ignored-class-div">
              <span class="ignored-class-name">testCases.AuditRuleTest</span>
              <div class="ignored-methods-div">
                <span class="ignored-method-name">close</span>
                <br/>
              </div> <!-- ignored-methods-div -->
            </div> <!-- ignored-class-div -->
            <div class="ignored-class-div">
              <span class="ignored-class-name">testCases.TimeReportTest</span>
              <div class="ignored-methods-div">
                <span class="ignored-method-name">close</span>
                <br/>
              </div> <!-- ignored-methods-div -->
            </div> <!-- ignored-class-div -->
            <div class="ignored-class-div">
              <span class="ignored-class-name">testCases.TimeTrackTest</span>
              <div class="ignored-methods-div">
                <span class="ignored-method-name">close</span>
                <br/>
                <span class="ignored-method-name">ValidationCheck</span>
                <br/>
              </div> <!-- ignored-methods-div -->
            </div> <!-- ignored-class-div -->
            <div class="ignored-class-div">
              <span class="ignored-class-name">testCases.TimeApprovalTest</span>
              <div class="ignored-methods-div">
                <span class="ignored-method-name">close</span>
                <br/>
              </div> <!-- ignored-methods-div -->
            </div> <!-- ignored-class-div -->
          </div> <!-- main-panel-content rounded-window-bottom -->
        </div> <!-- panel -->
        <div panel-name="chronological-Suite" class="panel">
          <div class="main-panel-header rounded-window-top">
            <span class="header-content">Methods in chronological order</span>
          </div> <!-- main-panel-header rounded-window-top -->
          <div class="main-panel-content rounded-window-bottom">
            <div class="chronological-class">
              <div class="chronological-class-name">testCases.WorkDairyTest</div> <!-- chronological-class-name -->
              <div class="configuration-class before">
                <img src="failed.png">
                </img>
                <span class="method-name">setUp</span>
                <span class="method-start">0 ms</span>
              </div> <!-- configuration-class before -->
              <div class="configuration-method before">
                <span class="method-name">beforeMethod</span>
                <span class="method-start">147 ms</span>
              </div> <!-- configuration-method before -->
              <div class="test-method">
                <span class="method-name">validationCheckOfWorkDairy</span>
                <span class="method-start">153 ms</span>
              </div> <!-- test-method -->
              <div class="configuration-method after">
                <img src="failed.png">
                </img>
                <span class="method-name">reportWrapUp([TestResult name={null} status=CREATED method=WorkDairyTest.validationCheckOfWorkDairy()[pri:1, inst...)</span>
                <span class="method-start">167 ms</span>
              </div> <!-- configuration-method after -->
              <div class="configuration-method before">
                <span class="method-name">beforeMethod</span>
                <span class="method-start">281 ms</span>
              </div> <!-- configuration-method before -->
              <div class="test-method">
                <span class="method-name">validationOfScreenShot</span>
                <span class="method-start">283 ms</span>
              </div> <!-- test-method -->
              <div class="configuration-method after">
                <img src="failed.png">
                </img>
                <span class="method-name">reportWrapUp([TestResult name={null} status=CREATED method=WorkDairyTest.validationOfScreenShot()[pri:2, instance...)</span>
                <span class="method-start">290 ms</span>
              </div> <!-- configuration-method after -->
              <div class="configuration-class after">
                <img src="failed.png">
                </img>
                <span class="method-name">closeBrowser</span>
                <span class="method-start">295 ms</span>
              </div> <!-- configuration-class after -->
            </div> <!-- chronological-class -->
            <div class="chronological-class">
              <div class="chronological-class-name">testCases.TimeReportTest</div> <!-- chronological-class-name -->
              <div class="configuration-class before">
                <img src="failed.png">
                </img>
                <span class="method-name">setUp</span>
                <span class="method-start">300 ms</span>
              </div> <!-- configuration-class before -->
              <div class="configuration-method before">
                <span class="method-name">beforeMethod</span>
                <span class="method-start">311 ms</span>
              </div> <!-- configuration-method before -->
              <div class="test-method">
                <span class="method-name">ValidationCheck</span>
                <span class="method-start">316 ms</span>
              </div> <!-- test-method -->
              <div class="configuration-method after">
                <img src="failed.png">
                </img>
                <span class="method-name">reportWrapUp([TestResult name={null} status=CREATED method=TimeReportTest.ValidationCheck()[pri:1, instance:testC...)</span>
                <span class="method-start">326 ms</span>
              </div> <!-- configuration-method after -->
              <div class="configuration-method before">
                <span class="method-name">beforeMethod</span>
                <span class="method-start">331 ms</span>
              </div> <!-- configuration-method before -->
              <div class="test-method">
                <span class="method-name">ValidationOneMonthProjectReportWithUserName</span>
                <span class="method-start">333 ms</span>
              </div> <!-- test-method -->
              <div class="configuration-method after">
                <img src="failed.png">
                </img>
                <span class="method-name">reportWrapUp([TestResult name={null} status=CREATED method=TimeReportTest.ValidationOneMonthProjectReportWithUser...)</span>
                <span class="method-start">337 ms</span>
              </div> <!-- configuration-method after -->
              <div class="configuration-method before">
                <span class="method-name">beforeMethod</span>
                <span class="method-start">343 ms</span>
              </div> <!-- configuration-method before -->
              <div class="test-method">
                <span class="method-name">ValidationOneMonthProjectReportWithDepartmentName</span>
                <span class="method-start">345 ms</span>
              </div> <!-- test-method -->
              <div class="configuration-method after">
                <img src="failed.png">
                </img>
                <span class="method-name">reportWrapUp([TestResult name={null} status=CREATED method=TimeReportTest.ValidationOneMonthProjectReportWithDepa...)</span>
                <span class="method-start">351 ms</span>
              </div> <!-- configuration-method after -->
              <div class="configuration-method before">
                <span class="method-name">beforeMethod</span>
                <span class="method-start">363 ms</span>
              </div> <!-- configuration-method before -->
              <div class="test-method">
                <span class="method-name">ValidationOneMonthProjectReportWithProjectName</span>
                <span class="method-start">365 ms</span>
              </div> <!-- test-method -->
              <div class="configuration-method after">
                <img src="failed.png">
                </img>
                <span class="method-name">reportWrapUp([TestResult name={null} status=CREATED method=TimeReportTest.ValidationOneMonthProjectReportWithProj...)</span>
                <span class="method-start">375 ms</span>
              </div> <!-- configuration-method after -->
              <div class="configuration-method before">
                <span class="method-name">beforeMethod</span>
                <span class="method-start">386 ms</span>
              </div> <!-- configuration-method before -->
              <div class="test-method">
                <span class="method-name">ValidationOfOneWeekProjectReportWithUserName</span>
                <span class="method-start">391 ms</span>
              </div> <!-- test-method -->
              <div class="configuration-method after">
                <img src="failed.png">
                </img>
                <span class="method-name">reportWrapUp([TestResult name={null} status=CREATED method=TimeReportTest.ValidationOfOneWeekProjectReportWithUse...)</span>
                <span class="method-start">397 ms</span>
              </div> <!-- configuration-method after -->
              <div class="configuration-method before">
                <span class="method-name">beforeMethod</span>
                <span class="method-start">400 ms</span>
              </div> <!-- configuration-method before -->
              <div class="test-method">
                <span class="method-name">ValidationOfOneWeekProjectReportWithDepartmentName</span>
                <span class="method-start">402 ms</span>
              </div> <!-- test-method -->
              <div class="configuration-method after">
                <img src="failed.png">
                </img>
                <span class="method-name">reportWrapUp([TestResult name={null} status=CREATED method=TimeReportTest.ValidationOfOneWeekProjectReportWithDep...)</span>
                <span class="method-start">410 ms</span>
              </div> <!-- configuration-method after -->
              <div class="configuration-method before">
                <span class="method-name">beforeMethod</span>
                <span class="method-start">415 ms</span>
              </div> <!-- configuration-method before -->
              <div class="test-method">
                <span class="method-name">ValidationOfOneWeekProjectReportWithProjectName</span>
                <span class="method-start">417 ms</span>
              </div> <!-- test-method -->
              <div class="configuration-method after">
                <img src="failed.png">
                </img>
                <span class="method-name">reportWrapUp([TestResult name={null} status=CREATED method=TimeReportTest.ValidationOfOneWeekProjectReportWithPro...)</span>
                <span class="method-start">422 ms</span>
              </div> <!-- configuration-method after -->
              <div class="configuration-method before">
                <span class="method-name">beforeMethod</span>
                <span class="method-start">434 ms</span>
              </div> <!-- configuration-method before -->
              <div class="test-method">
                <span class="method-name">ValidationOfClientReportWithUserName</span>
                <span class="method-start">437 ms</span>
              </div> <!-- test-method -->
              <div class="configuration-method after">
                <img src="failed.png">
                </img>
                <span class="method-name">reportWrapUp([TestResult name={null} status=CREATED method=TimeReportTest.ValidationOfClientReportWithUserName()[...)</span>
                <span class="method-start">446 ms</span>
              </div> <!-- configuration-method after -->
              <div class="configuration-method before">
                <span class="method-name">beforeMethod</span>
                <span class="method-start">451 ms</span>
              </div> <!-- configuration-method before -->
              <div class="test-method">
                <span class="method-name">ValidationOfClientReportWithProjectName</span>
                <span class="method-start">454 ms</span>
              </div> <!-- test-method -->
              <div class="configuration-method after">
                <img src="failed.png">
                </img>
                <span class="method-name">reportWrapUp([TestResult name={null} status=CREATED method=TimeReportTest.ValidationOfClientReportWithProjectName...)</span>
                <span class="method-start">462 ms</span>
              </div> <!-- configuration-method after -->
              <div class="configuration-method before">
                <span class="method-name">beforeMethod</span>
                <span class="method-start">478 ms</span>
              </div> <!-- configuration-method before -->
              <div class="test-method">
                <span class="method-name">ValidationOfClientReportWithDepartmentName</span>
                <span class="method-start">482 ms</span>
              </div> <!-- test-method -->
              <div class="configuration-method after">
                <img src="failed.png">
                </img>
                <span class="method-name">reportWrapUp([TestResult name={null} status=CREATED method=TimeReportTest.ValidationOfClientReportWithDepartmentN...)</span>
                <span class="method-start">486 ms</span>
              </div> <!-- configuration-method after -->
              <div class="configuration-method before">
                <span class="method-name">beforeMethod</span>
                <span class="method-start">492 ms</span>
              </div> <!-- configuration-method before -->
              <div class="test-method">
                <span class="method-name">ValidationOfentryWiseReportwithUsername</span>
                <span class="method-start">493 ms</span>
              </div> <!-- test-method -->
              <div class="configuration-method after">
                <img src="failed.png">
                </img>
                <span class="method-name">reportWrapUp([TestResult name={null} status=CREATED method=TimeReportTest.ValidationOfentryWiseReportwithUsername...)</span>
                <span class="method-start">496 ms</span>
              </div> <!-- configuration-method after -->
              <div class="configuration-method before">
                <span class="method-name">beforeMethod</span>
                <span class="method-start">501 ms</span>
              </div> <!-- configuration-method before -->
              <div class="test-method">
                <span class="method-name">ValidationOfentryWiseReportwithProjectName</span>
                <span class="method-start">508 ms</span>
              </div> <!-- test-method -->
              <div class="configuration-method after">
                <img src="failed.png">
                </img>
                <span class="method-name">reportWrapUp([TestResult name={null} status=CREATED method=TimeReportTest.ValidationOfentryWiseReportwithProjectN...)</span>
                <span class="method-start">511 ms</span>
              </div> <!-- configuration-method after -->
              <div class="configuration-method before">
                <span class="method-name">beforeMethod</span>
                <span class="method-start">517 ms</span>
              </div> <!-- configuration-method before -->
              <div class="test-method">
                <span class="method-name">ValidationOfentryWiseReportwithDepartmentName</span>
                <span class="method-start">518 ms</span>
              </div> <!-- test-method -->
              <div class="configuration-method after">
                <img src="failed.png">
                </img>
                <span class="method-name">reportWrapUp([TestResult name={null} status=CREATED method=TimeReportTest.ValidationOfentryWiseReportwithDepartme...)</span>
                <span class="method-start">523 ms</span>
              </div> <!-- configuration-method after -->
              <div class="configuration-method before">
                <span class="method-name">beforeMethod</span>
                <span class="method-start">532 ms</span>
              </div> <!-- configuration-method before -->
              <div class="test-method">
                <span class="method-name">ValidationOfHalfYearlyProjectReportwithUserName</span>
                <span class="method-start">535 ms</span>
              </div> <!-- test-method -->
              <div class="configuration-method after">
                <img src="failed.png">
                </img>
                <span class="method-name">reportWrapUp([TestResult name={null} status=CREATED method=TimeReportTest.ValidationOfHalfYearlyProjectReportwith...)</span>
                <span class="method-start">539 ms</span>
              </div> <!-- configuration-method after -->
              <div class="configuration-method before">
                <span class="method-name">beforeMethod</span>
                <span class="method-start">543 ms</span>
              </div> <!-- configuration-method before -->
              <div class="test-method">
                <span class="method-name">ValidationOfHalfYearlyProjectReportwithDepartmentName</span>
                <span class="method-start">545 ms</span>
              </div> <!-- test-method -->
              <div class="configuration-method after">
                <img src="failed.png">
                </img>
                <span class="method-name">reportWrapUp([TestResult name={null} status=CREATED method=TimeReportTest.ValidationOfHalfYearlyProjectReportwith...)</span>
                <span class="method-start">548 ms</span>
              </div> <!-- configuration-method after -->
              <div class="configuration-method before">
                <span class="method-name">beforeMethod</span>
                <span class="method-start">550 ms</span>
              </div> <!-- configuration-method before -->
              <div class="test-method">
                <span class="method-name">ValidationOfHalfYearlyProjectReportwithProjectName</span>
                <span class="method-start">551 ms</span>
              </div> <!-- test-method -->
              <div class="configuration-method after">
                <img src="failed.png">
                </img>
                <span class="method-name">reportWrapUp([TestResult name={null} status=CREATED method=TimeReportTest.ValidationOfHalfYearlyProjectReportwith...)</span>
                <span class="method-start">555 ms</span>
              </div> <!-- configuration-method after -->
              <div class="configuration-method before">
                <span class="method-name">beforeMethod</span>
                <span class="method-start">558 ms</span>
              </div> <!-- configuration-method before -->
              <div class="test-method">
                <span class="method-name">ValidationOfprofitabilityProjectReportwithProjectName</span>
                <span class="method-start">559 ms</span>
              </div> <!-- test-method -->
              <div class="configuration-method after">
                <img src="failed.png">
                </img>
                <span class="method-name">reportWrapUp([TestResult name={null} status=CREATED method=TimeReportTest.ValidationOfprofitabilityProjectReportw...)</span>
                <span class="method-start">561 ms</span>
              </div> <!-- configuration-method after -->
              <div class="test-method">
                <span class="method-name">ValidationOfprofitabilityProjectReportwithchannelName</span>
                <span class="method-start">564 ms</span>
              </div> <!-- test-method -->
              <div class="configuration-method before">
                <span class="method-name">beforeMethod</span>
                <span class="method-start">564 ms</span>
              </div> <!-- configuration-method before -->
              <div class="configuration-method after">
                <img src="failed.png">
                </img>
                <span class="method-name">reportWrapUp([TestResult name={null} status=CREATED method=TimeReportTest.ValidationOfprofitabilityProjectReportw...)</span>
                <span class="method-start">567 ms</span>
              </div> <!-- configuration-method after -->
              <div class="configuration-method before">
                <span class="method-name">beforeMethod</span>
                <span class="method-start">572 ms</span>
              </div> <!-- configuration-method before -->
              <div class="test-method">
                <span class="method-name">ValidationOfProjectDetailsReportWithUsername</span>
                <span class="method-start">573 ms</span>
              </div> <!-- test-method -->
              <div class="configuration-method after">
                <img src="failed.png">
                </img>
                <span class="method-name">reportWrapUp([TestResult name={null} status=CREATED method=TimeReportTest.ValidationOfProjectDetailsReportWithUse...)</span>
                <span class="method-start">578 ms</span>
              </div> <!-- configuration-method after -->
              <div class="configuration-method before">
                <span class="method-name">beforeMethod</span>
                <span class="method-start">583 ms</span>
              </div> <!-- configuration-method before -->
              <div class="test-method">
                <span class="method-name">ValidationOfProjectDetailsReportWithProjectname</span>
                <span class="method-start">584 ms</span>
              </div> <!-- test-method -->
              <div class="configuration-method after">
                <img src="failed.png">
                </img>
                <span class="method-name">reportWrapUp([TestResult name={null} status=CREATED method=TimeReportTest.ValidationOfProjectDetailsReportWithPro...)</span>
                <span class="method-start">586 ms</span>
              </div> <!-- configuration-method after -->
              <div class="configuration-method before">
                <span class="method-name">beforeMethod</span>
                <span class="method-start">589 ms</span>
              </div> <!-- configuration-method before -->
              <div class="test-method">
                <span class="method-name">ValidationOfProjectDetailsReportWithDepartmentname</span>
                <span class="method-start">590 ms</span>
              </div> <!-- test-method -->
              <div class="configuration-method after">
                <img src="failed.png">
                </img>
                <span class="method-name">reportWrapUp([TestResult name={null} status=CREATED method=TimeReportTest.ValidationOfProjectDetailsReportWithDep...)</span>
                <span class="method-start">593 ms</span>
              </div> <!-- configuration-method after -->
              <div class="configuration-method before">
                <span class="method-name">beforeMethod</span>
                <span class="method-start">595 ms</span>
              </div> <!-- configuration-method before -->
              <div class="test-method">
                <span class="method-name">ValidationOfProjectReportWithUsername</span>
                <span class="method-start">597 ms</span>
              </div> <!-- test-method -->
              <div class="configuration-method after">
                <img src="failed.png">
                </img>
                <span class="method-name">reportWrapUp([TestResult name={null} status=CREATED method=TimeReportTest.ValidationOfProjectReportWithUsername()...)</span>
                <span class="method-start">600 ms</span>
              </div> <!-- configuration-method after -->
              <div class="configuration-method before">
                <span class="method-name">beforeMethod</span>
                <span class="method-start">606 ms</span>
              </div> <!-- configuration-method before -->
              <div class="test-method">
                <span class="method-name">ValidationOfProjectReportWithPriojectname</span>
                <span class="method-start">607 ms</span>
              </div> <!-- test-method -->
              <div class="configuration-method after">
                <img src="failed.png">
                </img>
                <span class="method-name">reportWrapUp([TestResult name={null} status=CREATED method=TimeReportTest.ValidationOfProjectReportWithPriojectna...)</span>
                <span class="method-start">610 ms</span>
              </div> <!-- configuration-method after -->
              <div class="configuration-method before">
                <span class="method-name">beforeMethod</span>
                <span class="method-start">616 ms</span>
              </div> <!-- configuration-method before -->
              <div class="test-method">
                <span class="method-name">ValidationOfProjectReportWithDepartnamename</span>
                <span class="method-start">618 ms</span>
              </div> <!-- test-method -->
              <div class="configuration-method after">
                <img src="failed.png">
                </img>
                <span class="method-name">reportWrapUp([TestResult name={null} status=CREATED method=TimeReportTest.ValidationOfProjectReportWithDepartname...)</span>
                <span class="method-start">622 ms</span>
              </div> <!-- configuration-method after -->
              <div class="configuration-method before">
                <span class="method-name">beforeMethod</span>
                <span class="method-start">625 ms</span>
              </div> <!-- configuration-method before -->
              <div class="test-method">
                <span class="method-name">ValidationOfProjectwiseReportWithTeamMemeber</span>
                <span class="method-start">626 ms</span>
              </div> <!-- test-method -->
              <div class="configuration-method after">
                <img src="failed.png">
                </img>
                <span class="method-name">reportWrapUp([TestResult name={null} status=CREATED method=TimeReportTest.ValidationOfProjectwiseReportWithTeamMe...)</span>
                <span class="method-start">629 ms</span>
              </div> <!-- configuration-method after -->
              <div class="configuration-method before">
                <span class="method-name">beforeMethod</span>
                <span class="method-start">634 ms</span>
              </div> <!-- configuration-method before -->
              <div class="test-method">
                <span class="method-name">ValidationOfProjectwiseReportWithProjectName</span>
                <span class="method-start">635 ms</span>
              </div> <!-- test-method -->
              <div class="configuration-method after">
                <img src="failed.png">
                </img>
                <span class="method-name">reportWrapUp([TestResult name={null} status=CREATED method=TimeReportTest.ValidationOfProjectwiseReportWithProjec...)</span>
                <span class="method-start">643 ms</span>
              </div> <!-- configuration-method after -->
              <div class="test-method">
                <span class="method-name">ValidationOfTrackEnrtyDetailsReportWithUserName</span>
                <span class="method-start">646 ms</span>
              </div> <!-- test-method -->
              <div class="configuration-method before">
                <span class="method-name">beforeMethod</span>
                <span class="method-start">646 ms</span>
              </div> <!-- configuration-method before -->
              <div class="configuration-method after">
                <img src="failed.png">
                </img>
                <span class="method-name">reportWrapUp([TestResult name={null} status=CREATED method=TimeReportTest.ValidationOfTrackEnrtyDetailsReportWith...)</span>
                <span class="method-start">649 ms</span>
              </div> <!-- configuration-method after -->
              <div class="configuration-method before">
                <span class="method-name">beforeMethod</span>
                <span class="method-start">651 ms</span>
              </div> <!-- configuration-method before -->
              <div class="test-method">
                <span class="method-name">ValidationOfTrackEnrtyDetailsReportWithProjectName</span>
                <span class="method-start">652 ms</span>
              </div> <!-- test-method -->
              <div class="configuration-method after">
                <img src="failed.png">
                </img>
                <span class="method-name">reportWrapUp([TestResult name={null} status=CREATED method=TimeReportTest.ValidationOfTrackEnrtyDetailsReportWith...)</span>
                <span class="method-start">660 ms</span>
              </div> <!-- configuration-method after -->
              <div class="configuration-method before">
                <span class="method-name">beforeMethod</span>
                <span class="method-start">664 ms</span>
              </div> <!-- configuration-method before -->
              <div class="test-method">
                <span class="method-name">ValidationOfTrackEnrtyDetailsReportWithDepartmentname</span>
                <span class="method-start">666 ms</span>
              </div> <!-- test-method -->
              <div class="configuration-method after">
                <img src="failed.png">
                </img>
                <span class="method-name">reportWrapUp([TestResult name={null} status=CREATED method=TimeReportTest.ValidationOfTrackEnrtyDetailsReportWith...)</span>
                <span class="method-start">673 ms</span>
              </div> <!-- configuration-method after -->
              <div class="configuration-method before">
                <span class="method-name">beforeMethod</span>
                <span class="method-start">676 ms</span>
              </div> <!-- configuration-method before -->
              <div class="test-method">
                <span class="method-name">ValidationOfTimeSheetReportWithUsername</span>
                <span class="method-start">677 ms</span>
              </div> <!-- test-method -->
              <div class="configuration-method after">
                <img src="failed.png">
                </img>
                <span class="method-name">reportWrapUp([TestResult name={null} status=CREATED method=TimeReportTest.ValidationOfTimeSheetReportWithUsername...)</span>
                <span class="method-start">679 ms</span>
              </div> <!-- configuration-method after -->
              <div class="configuration-method before">
                <span class="method-name">beforeMethod</span>
                <span class="method-start">683 ms</span>
              </div> <!-- configuration-method before -->
              <div class="test-method">
                <span class="method-name">ValidationOfTimeSheetReportWithProjectname</span>
                <span class="method-start">684 ms</span>
              </div> <!-- test-method -->
              <div class="configuration-method after">
                <img src="failed.png">
                </img>
                <span class="method-name">reportWrapUp([TestResult name={null} status=CREATED method=TimeReportTest.ValidationOfTimeSheetReportWithProjectn...)</span>
                <span class="method-start">685 ms</span>
              </div> <!-- configuration-method after -->
              <div class="configuration-method before">
                <span class="method-name">beforeMethod</span>
                <span class="method-start">688 ms</span>
              </div> <!-- configuration-method before -->
              <div class="test-method">
                <span class="method-name">ValidationOfUserReportWithusername</span>
                <span class="method-start">689 ms</span>
              </div> <!-- test-method -->
              <div class="configuration-method after">
                <img src="failed.png">
                </img>
                <span class="method-name">reportWrapUp([TestResult name={null} status=CREATED method=TimeReportTest.ValidationOfUserReportWithusername()[pr...)</span>
                <span class="method-start">690 ms</span>
              </div> <!-- configuration-method after -->
              <div class="configuration-method before">
                <span class="method-name">beforeMethod</span>
                <span class="method-start">692 ms</span>
              </div> <!-- configuration-method before -->
              <div class="test-method">
                <span class="method-name">ValidationOfUserReportWithProjectname</span>
                <span class="method-start">693 ms</span>
              </div> <!-- test-method -->
              <div class="configuration-method after">
                <img src="failed.png">
                </img>
                <span class="method-name">reportWrapUp([TestResult name={null} status=CREATED method=TimeReportTest.ValidationOfUserReportWithProjectname()...)</span>
                <span class="method-start">695 ms</span>
              </div> <!-- configuration-method after -->
              <div class="configuration-method before">
                <span class="method-name">beforeMethod</span>
                <span class="method-start">697 ms</span>
              </div> <!-- configuration-method before -->
              <div class="test-method">
                <span class="method-name">ValidationOfUserReportWithDepartmentname</span>
                <span class="method-start">698 ms</span>
              </div> <!-- test-method -->
              <div class="configuration-method after">
                <img src="failed.png">
                </img>
                <span class="method-name">reportWrapUp([TestResult name={null} status=CREATED method=TimeReportTest.ValidationOfUserReportWithDepartmentnam...)</span>
                <span class="method-start">700 ms</span>
              </div> <!-- configuration-method after -->
              <div class="configuration-method before">
                <span class="method-name">beforeMethod</span>
                <span class="method-start">702 ms</span>
              </div> <!-- configuration-method before -->
              <div class="test-method">
                <span class="method-name">ValidationOfUserWiseReportWithUserName</span>
                <span class="method-start">703 ms</span>
              </div> <!-- test-method -->
              <div class="configuration-method after">
                <img src="failed.png">
                </img>
                <span class="method-name">reportWrapUp([TestResult name={null} status=CREATED method=TimeReportTest.ValidationOfUserWiseReportWithUserName(...)</span>
                <span class="method-start">707 ms</span>
              </div> <!-- configuration-method after -->
              <div class="configuration-method before">
                <span class="method-name">beforeMethod</span>
                <span class="method-start">711 ms</span>
              </div> <!-- configuration-method before -->
              <div class="test-method">
                <span class="method-name">ValidationOfUserWiseReportWithProjectName</span>
                <span class="method-start">712 ms</span>
              </div> <!-- test-method -->
              <div class="configuration-method after">
                <img src="failed.png">
                </img>
                <span class="method-name">reportWrapUp([TestResult name={null} status=CREATED method=TimeReportTest.ValidationOfUserWiseReportWithProjectNa...)</span>
                <span class="method-start">717 ms</span>
              </div> <!-- configuration-method after -->
              <div class="configuration-method before">
                <span class="method-name">beforeMethod</span>
                <span class="method-start">722 ms</span>
              </div> <!-- configuration-method before -->
              <div class="test-method">
                <span class="method-name">ValidationOfUserWiseReportWithDepartmentName</span>
                <span class="method-start">723 ms</span>
              </div> <!-- test-method -->
              <div class="configuration-method after">
                <img src="failed.png">
                </img>
                <span class="method-name">reportWrapUp([TestResult name={null} status=CREATED method=TimeReportTest.ValidationOfUserWiseReportWithDepartmen...)</span>
                <span class="method-start">728 ms</span>
              </div> <!-- configuration-method after -->
              <div class="configuration-class after">
                <img src="failed.png">
                </img>
                <span class="method-name">closeBrowser</span>
                <span class="method-start">734 ms</span>
              </div> <!-- configuration-class after -->
            </div> <!-- chronological-class -->
            <div class="chronological-class">
              <div class="chronological-class-name">testCases.TimeApprovalTest</div> <!-- chronological-class-name -->
              <div class="configuration-class before">
                <img src="failed.png">
                </img>
                <span class="method-name">setUp</span>
                <span class="method-start">739 ms</span>
              </div> <!-- configuration-class before -->
              <div class="configuration-method before">
                <span class="method-name">beforeMethod</span>
                <span class="method-start">767 ms</span>
              </div> <!-- configuration-method before -->
              <div class="test-method">
                <span class="method-name">ValidationCheck</span>
                <span class="method-start">775 ms</span>
              </div> <!-- test-method -->
              <div class="configuration-method after">
                <img src="failed.png">
                </img>
                <span class="method-name">reportWrapUp([TestResult name={null} status=CREATED method=TimeApprovalTest.ValidationCheck()[pri:1, instance:tes...)</span>
                <span class="method-start">784 ms</span>
              </div> <!-- configuration-method after -->
              <div class="configuration-method before">
                <span class="method-name">beforeMethod</span>
                <span class="method-start">808 ms</span>
              </div> <!-- configuration-method before -->
              <div class="test-method">
                <span class="method-name">ValidateTimeSheetRejectionFunctionality</span>
                <span class="method-start">809 ms</span>
              </div> <!-- test-method -->
              <div class="configuration-method after">
                <img src="failed.png">
                </img>
                <span class="method-name">reportWrapUp([TestResult name={null} status=CREATED method=TimeApprovalTest.ValidateTimeSheetRejectionFunctionali...)</span>
                <span class="method-start">813 ms</span>
              </div> <!-- configuration-method after -->
              <div class="configuration-method before">
                <span class="method-name">beforeMethod</span>
                <span class="method-start">832 ms</span>
              </div> <!-- configuration-method before -->
              <div class="test-method">
                <span class="method-name">ValidateTimeSheetApproveFunctionality</span>
                <span class="method-start">844 ms</span>
              </div> <!-- test-method -->
              <div class="configuration-method after">
                <img src="failed.png">
                </img>
                <span class="method-name">reportWrapUp([TestResult name={null} status=CREATED method=TimeApprovalTest.ValidateTimeSheetApproveFunctionality...)</span>
                <span class="method-start">849 ms</span>
              </div> <!-- configuration-method after -->
              <div class="configuration-class after">
                <img src="failed.png">
                </img>
                <span class="method-name">closeBrowser</span>
                <span class="method-start">853 ms</span>
              </div> <!-- configuration-class after -->
            </div> <!-- chronological-class -->
            <div class="chronological-class">
              <div class="chronological-class-name">testCases.FlagTrackEntryTest</div> <!-- chronological-class-name -->
              <div class="configuration-class before">
                <img src="failed.png">
                </img>
                <span class="method-name">setUp</span>
                <span class="method-start">856 ms</span>
              </div> <!-- configuration-class before -->
              <div class="configuration-method before">
                <span class="method-name">beforeMethod</span>
                <span class="method-start">866 ms</span>
              </div> <!-- configuration-method before -->
              <div class="test-method">
                <span class="method-name">validationCheck</span>
                <span class="method-start">867 ms</span>
              </div> <!-- test-method -->
              <div class="configuration-method after">
                <img src="failed.png">
                </img>
                <span class="method-name">reportWrapUp([TestResult name={null} status=CREATED method=FlagTrackEntryTest.validationCheck()[pri:1, instance:t...)</span>
                <span class="method-start">870 ms</span>
              </div> <!-- configuration-method after -->
              <div class="configuration-method before">
                <span class="method-name">beforeMethod</span>
                <span class="method-start">877 ms</span>
              </div> <!-- configuration-method before -->
              <div class="test-method">
                <span class="method-name">validationOfSearchFunctionality</span>
                <span class="method-start">883 ms</span>
              </div> <!-- test-method -->
              <div class="configuration-method after">
                <img src="failed.png">
                </img>
                <span class="method-name">reportWrapUp([TestResult name={null} status=CREATED method=FlagTrackEntryTest.validationOfSearchFunctionality()[p...)</span>
                <span class="method-start">885 ms</span>
              </div> <!-- configuration-method after -->
              <div class="configuration-method before">
                <span class="method-name">beforeMethod</span>
                <span class="method-start">889 ms</span>
              </div> <!-- configuration-method before -->
              <div class="test-method">
                <span class="method-name">validationOfFlagedFunctionality</span>
                <span class="method-start">890 ms</span>
              </div> <!-- test-method -->
              <div class="configuration-method after">
                <img src="failed.png">
                </img>
                <span class="method-name">reportWrapUp([TestResult name={null} status=CREATED method=FlagTrackEntryTest.validationOfFlagedFunctionality()[p...)</span>
                <span class="method-start">893 ms</span>
              </div> <!-- configuration-method after -->
              <div class="configuration-method before">
                <span class="method-name">beforeMethod</span>
                <span class="method-start">895 ms</span>
              </div> <!-- configuration-method before -->
              <div class="test-method">
                <span class="method-name">validationOfUnFlagedFunctionality</span>
                <span class="method-start">896 ms</span>
              </div> <!-- test-method -->
              <div class="configuration-method after">
                <img src="failed.png">
                </img>
                <span class="method-name">reportWrapUp([TestResult name={null} status=CREATED method=FlagTrackEntryTest.validationOfUnFlagedFunctionality()...)</span>
                <span class="method-start">912 ms</span>
              </div> <!-- configuration-method after -->
              <div class="configuration-method before">
                <span class="method-name">beforeMethod</span>
                <span class="method-start">919 ms</span>
              </div> <!-- configuration-method before -->
              <div class="test-method">
                <span class="method-name">validationOfUpdateFunctionality</span>
                <span class="method-start">927 ms</span>
              </div> <!-- test-method -->
              <div class="configuration-method after">
                <img src="failed.png">
                </img>
                <span class="method-name">reportWrapUp([TestResult name={null} status=CREATED method=FlagTrackEntryTest.validationOfUpdateFunctionality()[p...)</span>
                <span class="method-start">959 ms</span>
              </div> <!-- configuration-method after -->
              <div class="configuration-class after">
                <img src="failed.png">
                </img>
                <span class="method-name">closeBrowser</span>
                <span class="method-start">964 ms</span>
              </div> <!-- configuration-class after -->
            </div> <!-- chronological-class -->
            <div class="chronological-class">
              <div class="chronological-class-name">testCases.TimeTrackTest</div> <!-- chronological-class-name -->
              <div class="configuration-class before">
                <img src="failed.png">
                </img>
                <span class="method-name">setUp</span>
                <span class="method-start">966 ms</span>
              </div> <!-- configuration-class before -->
              <div class="configuration-method before">
                <span class="method-name">beforeMethod</span>
                <span class="method-start">976 ms</span>
              </div> <!-- configuration-method before -->
              <div class="test-method">
                <span class="method-name">startTimeTrack</span>
                <span class="method-start">977 ms</span>
              </div> <!-- test-method -->
              <div class="configuration-method after">
                <img src="failed.png">
                </img>
                <span class="method-name">reportWrapUp([TestResult name={null} status=CREATED method=TimeTrackTest.startTimeTrack()[pri:2, instance:testCas...)</span>
                <span class="method-start">981 ms</span>
              </div> <!-- configuration-method after -->
              <div class="configuration-method before">
                <span class="method-name">beforeMethod</span>
                <span class="method-start">984 ms</span>
              </div> <!-- configuration-method before -->
              <div class="test-method">
                <span class="method-name">VerifyTimeTrackactivity</span>
                <span class="method-start">985 ms</span>
              </div> <!-- test-method -->
              <div class="configuration-method after">
                <img src="failed.png">
                </img>
                <span class="method-name">reportWrapUp([TestResult name={null} status=CREATED method=TimeTrackTest.VerifyTimeTrackactivity()[pri:3, instanc...)</span>
                <span class="method-start">992 ms</span>
              </div> <!-- configuration-method after -->
              <div class="configuration-method before">
                <span class="method-name">beforeMethod</span>
                <span class="method-start">999 ms</span>
              </div> <!-- configuration-method before -->
              <div class="test-method">
                <span class="method-name">VerifyclanderViewFunctionality</span>
                <span class="method-start">1000 ms</span>
              </div> <!-- test-method -->
              <div class="configuration-method after">
                <img src="failed.png">
                </img>
                <span class="method-name">reportWrapUp([TestResult name={null} status=CREATED method=TimeTrackTest.VerifyclanderViewFunctionality()[pri:4, ...)</span>
                <span class="method-start">1051 ms</span>
              </div> <!-- configuration-method after -->
              <div class="configuration-method before">
                <span class="method-name">beforeMethod</span>
                <span class="method-start">1056 ms</span>
              </div> <!-- configuration-method before -->
              <div class="test-method">
                <span class="method-name">validatetimeEntryThroughFilter</span>
                <span class="method-start">1058 ms</span>
              </div> <!-- test-method -->
              <div class="configuration-method after">
                <img src="failed.png">
                </img>
                <span class="method-name">reportWrapUp([TestResult name={null} status=CREATED method=TimeTrackTest.validatetimeEntryThroughFilter()[pri:5, ...)</span>
                <span class="method-start">1075 ms</span>
              </div> <!-- configuration-method after -->
              <div class="configuration-method before">
                <span class="method-name">beforeMethod</span>
                <span class="method-start">1079 ms</span>
              </div> <!-- configuration-method before -->
              <div class="test-method">
                <span class="method-name">validateAddTimeEntryManually</span>
                <span class="method-start">1085 ms</span>
              </div> <!-- test-method -->
              <div class="configuration-method after">
                <img src="failed.png">
                </img>
                <span class="method-name">reportWrapUp([TestResult name={null} status=CREATED method=TimeTrackTest.validateAddTimeEntryManually()[pri:6, in...)</span>
                <span class="method-start">1092 ms</span>
              </div> <!-- configuration-method after -->
              <div class="configuration-class after">
                <img src="failed.png">
                </img>
                <span class="method-name">closeBrowser</span>
                <span class="method-start">1100 ms</span>
              </div> <!-- configuration-class after -->
            </div> <!-- chronological-class -->
            <div class="chronological-class">
              <div class="chronological-class-name">testCases.TimeTrackForFlagTrackEntryTest</div> <!-- chronological-class-name -->
              <div class="configuration-class before">
                <img src="failed.png">
                </img>
                <span class="method-name">setUp</span>
                <span class="method-start">1103 ms</span>
              </div> <!-- configuration-class before -->
              <div class="configuration-method before">
                <span class="method-name">beforeMethod</span>
                <span class="method-start">1132 ms</span>
              </div> <!-- configuration-method before -->
              <div class="test-method">
                <span class="method-name">startTimeTrack</span>
                <span class="method-start">1134 ms</span>
              </div> <!-- test-method -->
              <div class="configuration-method after">
                <img src="failed.png">
                </img>
                <span class="method-name">reportWrapUp([TestResult name={null} status=CREATED method=TimeTrackForFlagTrackEntryTest.startTimeTrack()[pri:2,...)</span>
                <span class="method-start">1141 ms</span>
              </div> <!-- configuration-method after -->
              <div class="configuration-class after">
                <img src="failed.png">
                </img>
                <span class="method-name">closeBrowser</span>
                <span class="method-start">1149 ms</span>
              </div> <!-- configuration-class after -->
            </div> <!-- chronological-class -->
            <div class="chronological-class">
              <div class="chronological-class-name">testCases.ProjectListingTest</div> <!-- chronological-class-name -->
              <div class="configuration-class before">
                <img src="failed.png">
                </img>
                <span class="method-name">setUp</span>
                <span class="method-start">1151 ms</span>
              </div> <!-- configuration-class before -->
              <div class="configuration-method before">
                <span class="method-name">beforeMethod</span>
                <span class="method-start">1170 ms</span>
              </div> <!-- configuration-method before -->
              <div class="test-method">
                <span class="method-name">addProjectWithDefaultTemplate</span>
                <span class="method-start">1172 ms</span>
              </div> <!-- test-method -->
              <div class="configuration-method after">
                <img src="failed.png">
                </img>
                <span class="method-name">reportWrapUp([TestResult name={null} status=CREATED method=ProjectListingTest.addProjectWithDefaultTemplate()[pri...)</span>
                <span class="method-start">1183 ms</span>
              </div> <!-- configuration-method after -->
              <div class="configuration-method before">
                <span class="method-name">beforeMethod</span>
                <span class="method-start">1189 ms</span>
              </div> <!-- configuration-method before -->
              <div class="test-method">
                <span class="method-name">deleteProjectFromList</span>
                <span class="method-start">1208 ms</span>
              </div> <!-- test-method -->
              <div class="configuration-method after">
                <img src="failed.png">
                </img>
                <span class="method-name">reportWrapUp([TestResult name={null} status=CREATED method=ProjectListingTest.deleteProjectFromList()[pri:2, inst...)</span>
                <span class="method-start">1212 ms</span>
              </div> <!-- configuration-method after -->
              <div class="configuration-class after">
                <img src="failed.png">
                </img>
                <span class="method-name">closeBrowser</span>
                <span class="method-start">1226 ms</span>
              </div> <!-- configuration-class after -->
            </div> <!-- chronological-class -->
            <div class="chronological-class">
              <div class="chronological-class-name">testCases.BulkTimeEntryTest</div> <!-- chronological-class-name -->
              <div class="configuration-class before">
                <img src="failed.png">
                </img>
                <span class="method-name">setUp</span>
                <span class="method-start">1228 ms</span>
              </div> <!-- configuration-class before -->
              <div class="configuration-method before">
                <span class="method-name">beforeMethod</span>
                <span class="method-start">1238 ms</span>
              </div> <!-- configuration-method before -->
              <div class="test-method">
                <span class="method-name">validationCheckOfBulkTimeEntry</span>
                <span class="method-start">1239 ms</span>
              </div> <!-- test-method -->
              <div class="configuration-method after">
                <img src="failed.png">
                </img>
                <span class="method-name">reportWrapUp([TestResult name={null} status=CREATED method=BulkTimeEntryTest.validationCheckOfBulkTimeEntry()[pri...)</span>
                <span class="method-start">1242 ms</span>
              </div> <!-- configuration-method after -->
              <div class="configuration-method before">
                <span class="method-name">beforeMethod</span>
                <span class="method-start">1245 ms</span>
              </div> <!-- configuration-method before -->
              <div class="test-method">
                <span class="method-name">addBulkTimeEntry</span>
                <span class="method-start">1248 ms</span>
              </div> <!-- test-method -->
              <div class="configuration-method after">
                <img src="failed.png">
                </img>
                <span class="method-name">reportWrapUp([TestResult name={null} status=CREATED method=BulkTimeEntryTest.addBulkTimeEntry()[pri:2, instance:t...)</span>
                <span class="method-start">1251 ms</span>
              </div> <!-- configuration-method after -->
              <div class="configuration-method before">
                <span class="method-name">beforeMethod</span>
                <span class="method-start">1258 ms</span>
              </div> <!-- configuration-method before -->
              <div class="test-method">
                <span class="method-name">validationCheckOfAddMultipleBulkTimeEntryButtton</span>
                <span class="method-start">1259 ms</span>
              </div> <!-- test-method -->
              <div class="configuration-method after">
                <img src="failed.png">
                </img>
                <span class="method-name">reportWrapUp([TestResult name={null} status=CREATED method=BulkTimeEntryTest.validationCheckOfAddMultipleBulkTime...)</span>
                <span class="method-start">1262 ms</span>
              </div> <!-- configuration-method after -->
              <div class="configuration-method before">
                <span class="method-name">beforeMethod</span>
                <span class="method-start">1268 ms</span>
              </div> <!-- configuration-method before -->
              <div class="test-method">
                <span class="method-name">CheckFunctionalityOfDeleteBulkTimeEntryButtton</span>
                <span class="method-start">1269 ms</span>
              </div> <!-- test-method -->
              <div class="configuration-method after">
                <img src="failed.png">
                </img>
                <span class="method-name">reportWrapUp([TestResult name={null} status=CREATED method=BulkTimeEntryTest.CheckFunctionalityOfDeleteBulkTimeEn...)</span>
                <span class="method-start">1293 ms</span>
              </div> <!-- configuration-method after -->
              <div class="configuration-method before">
                <span class="method-name">beforeMethod</span>
                <span class="method-start">1298 ms</span>
              </div> <!-- configuration-method before -->
              <div class="test-method">
                <span class="method-name">CheckFunctionalityOfResetBulkTimeEntryButtton</span>
                <span class="method-start">1299 ms</span>
              </div> <!-- test-method -->
              <div class="configuration-method after">
                <img src="failed.png">
                </img>
                <span class="method-name">reportWrapUp([TestResult name={null} status=CREATED method=BulkTimeEntryTest.CheckFunctionalityOfResetBulkTimeEnt...)</span>
                <span class="method-start">1302 ms</span>
              </div> <!-- configuration-method after -->
              <div class="configuration-class after">
                <img src="failed.png">
                </img>
                <span class="method-name">closeBrowser</span>
                <span class="method-start">1305 ms</span>
              </div> <!-- configuration-class after -->
            </div> <!-- chronological-class -->
            <div class="chronological-class">
              <div class="chronological-class-name">testCases.TimeSheetTest</div> <!-- chronological-class-name -->
              <div class="configuration-class before">
                <img src="failed.png">
                </img>
                <span class="method-name">setUp</span>
                <span class="method-start">1307 ms</span>
              </div> <!-- configuration-class before -->
              <div class="configuration-method before">
                <span class="method-name">beforeMethod</span>
                <span class="method-start">1314 ms</span>
              </div> <!-- configuration-method before -->
              <div class="test-method">
                <span class="method-name">ValidationCheck</span>
                <span class="method-start">1315 ms</span>
              </div> <!-- test-method -->
              <div class="configuration-method after">
                <img src="failed.png">
                </img>
                <span class="method-name">reportWrapUp([TestResult name={null} status=CREATED method=TimeSheetTest.ValidationCheck()[pri:1, instance:testCa...)</span>
                <span class="method-start">1317 ms</span>
              </div> <!-- configuration-method after -->
              <div class="configuration-method before">
                <span class="method-name">beforeMethod</span>
                <span class="method-start">1319 ms</span>
              </div> <!-- configuration-method before -->
              <div class="test-method">
                <span class="method-name">validatefunctionalityOfTimeSheet</span>
                <span class="method-start">1321 ms</span>
              </div> <!-- test-method -->
              <div class="configuration-method after">
                <img src="failed.png">
                </img>
                <span class="method-name">reportWrapUp([TestResult name={null} status=CREATED method=TimeSheetTest.validatefunctionalityOfTimeSheet()[pri:2...)</span>
                <span class="method-start">1322 ms</span>
              </div> <!-- configuration-method after -->
              <div class="configuration-method before">
                <span class="method-name">beforeMethod</span>
                <span class="method-start">1325 ms</span>
              </div> <!-- configuration-method before -->
              <div class="test-method">
                <span class="method-name">validateSendForApproval</span>
                <span class="method-start">1326 ms</span>
              </div> <!-- test-method -->
              <div class="configuration-method after">
                <img src="failed.png">
                </img>
                <span class="method-name">reportWrapUp([TestResult name={null} status=CREATED method=TimeSheetTest.validateSendForApproval()[pri:3, instanc...)</span>
                <span class="method-start">1328 ms</span>
              </div> <!-- configuration-method after -->
              <div class="configuration-class after">
                <img src="failed.png">
                </img>
                <span class="method-name">closeBrowser</span>
                <span class="method-start">1331 ms</span>
              </div> <!-- configuration-class after -->
            </div> <!-- chronological-class -->
            <div class="chronological-class">
              <div class="chronological-class-name">testCases.CompanySetupAddUserTest</div> <!-- chronological-class-name -->
              <div class="configuration-class before">
                <img src="failed.png">
                </img>
                <span class="method-name">setUp</span>
                <span class="method-start">1333 ms</span>
              </div> <!-- configuration-class before -->
              <div class="configuration-method before">
                <span class="method-name">beforeMethod</span>
                <span class="method-start">1342 ms</span>
              </div> <!-- configuration-method before -->
              <div class="test-method">
                <span class="method-name">ValidationCheck</span>
                <span class="method-start">1343 ms</span>
              </div> <!-- test-method -->
              <div class="configuration-method after">
                <img src="failed.png">
                </img>
                <span class="method-name">reportWrapUp([TestResult name={null} status=CREATED method=CompanySetupAddUserTest.ValidationCheck()[pri:1, insta...)</span>
                <span class="method-start">1345 ms</span>
              </div> <!-- configuration-method after -->
              <div class="configuration-method before">
                <span class="method-name">beforeMethod</span>
                <span class="method-start">1349 ms</span>
              </div> <!-- configuration-method before -->
              <div class="test-method">
                <span class="method-name">addUser</span>
                <span class="method-start">1352 ms</span>
              </div> <!-- test-method -->
              <div class="configuration-method after">
                <img src="failed.png">
                </img>
                <span class="method-name">reportWrapUp([TestResult name={null} status=CREATED method=CompanySetupAddUserTest.addUser()[pri:2, instance:test...)</span>
                <span class="method-start">1355 ms</span>
              </div> <!-- configuration-method after -->
              <div class="configuration-class after">
                <img src="failed.png">
                </img>
                <span class="method-name">closeBrowser</span>
                <span class="method-start">1358 ms</span>
              </div> <!-- configuration-class after -->
            </div> <!-- chronological-class -->
            <div class="chronological-class">
              <div class="chronological-class-name">testCases.AuditRuleTest</div> <!-- chronological-class-name -->
              <div class="configuration-class before">
                <img src="failed.png">
                </img>
                <span class="method-name">setUp</span>
                <span class="method-start">1361 ms</span>
              </div> <!-- configuration-class before -->
              <div class="configuration-method before">
                <span class="method-name">beforeMethod</span>
                <span class="method-start">1372 ms</span>
              </div> <!-- configuration-method before -->
              <div class="test-method">
                <span class="method-name">validationCheck</span>
                <span class="method-start">1373 ms</span>
              </div> <!-- test-method -->
              <div class="configuration-method after">
                <img src="failed.png">
                </img>
                <span class="method-name">reportWrapUp([TestResult name={null} status=CREATED method=AuditRuleTest.validationCheck()[pri:1, instance:testCa...)</span>
                <span class="method-start">1375 ms</span>
              </div> <!-- configuration-method after -->
              <div class="configuration-method before">
                <span class="method-name">beforeMethod</span>
                <span class="method-start">1378 ms</span>
              </div> <!-- configuration-method before -->
              <div class="test-method">
                <span class="method-name">addNewAuditRuleWithEqualTimeTrackingHour</span>
                <span class="method-start">1379 ms</span>
              </div> <!-- test-method -->
              <div class="configuration-method after">
                <img src="failed.png">
                </img>
                <span class="method-name">reportWrapUp([TestResult name={null} status=CREATED method=AuditRuleTest.addNewAuditRuleWithEqualTimeTrackingHour...)</span>
                <span class="method-start">1381 ms</span>
              </div> <!-- configuration-method after -->
              <div class="configuration-method before">
                <span class="method-name">beforeMethod</span>
                <span class="method-start">1384 ms</span>
              </div> <!-- configuration-method before -->
              <div class="test-method">
                <span class="method-name">validationCheckOfAuditRuleName</span>
                <span class="method-start">1385 ms</span>
              </div> <!-- test-method -->
              <div class="configuration-method after">
                <img src="failed.png">
                </img>
                <span class="method-name">reportWrapUp([TestResult name={null} status=CREATED method=AuditRuleTest.validationCheckOfAuditRuleName()[pri:3, ...)</span>
                <span class="method-start">1388 ms</span>
              </div> <!-- configuration-method after -->
              <div class="configuration-method before">
                <span class="method-name">beforeMethod</span>
                <span class="method-start">1391 ms</span>
              </div> <!-- configuration-method before -->
              <div class="test-method">
                <span class="method-name">validationCheckOfAuditUpdate</span>
                <span class="method-start">1392 ms</span>
              </div> <!-- test-method -->
              <div class="configuration-method after">
                <img src="failed.png">
                </img>
                <span class="method-name">reportWrapUp([TestResult name={null} status=CREATED method=AuditRuleTest.validationCheckOfAuditUpdate()[pri:4, in...)</span>
                <span class="method-start">1393 ms</span>
              </div> <!-- configuration-method after -->
              <div class="configuration-method before">
                <span class="method-name">beforeMethod</span>
                <span class="method-start">1397 ms</span>
              </div> <!-- configuration-method before -->
              <div class="test-method">
                <span class="method-name">validationCheckOfAuditRemove</span>
                <span class="method-start">1400 ms</span>
              </div> <!-- test-method -->
              <div class="configuration-method after">
                <img src="failed.png">
                </img>
                <span class="method-name">reportWrapUp([TestResult name={null} status=CREATED method=AuditRuleTest.validationCheckOfAuditRemove()[pri:5, in...)</span>
                <span class="method-start">1402 ms</span>
              </div> <!-- configuration-method after -->
              <div class="configuration-class after">
                <img src="failed.png">
                </img>
                <span class="method-name">closeBrowser</span>
                <span class="method-start">1405 ms</span>
              </div> <!-- configuration-class after -->
            </div> <!-- chronological-class -->
            <div class="chronological-class">
              <div class="chronological-class-name">testCases.WorkDairyTest</div> <!-- chronological-class-name -->
              <div class="configuration-suite after">
                <span class="method-name">close</span>
                <span class="method-start">1767 ms</span>
              </div> <!-- configuration-suite after -->
          </div> <!-- main-panel-content rounded-window-bottom -->
        </div> <!-- panel -->
      </div> <!-- main-panel-root -->
    </div> <!-- wrapper -->
  </body>
<script type="text/javascript" src="testng-reports2.js"></script>
</html>
